#
# There is insufficient memory for the Java Runtime Environment to continue.
# Native memory allocation (malloc) failed to allocate 789936 bytes. Error detail: Chunk::new
# Possible reasons:
#   The system is out of physical RAM or swap space
#   This process is running with CompressedOops enabled, and the Java Heap may be blocking the growth of the native heap
# Possible solutions:
#   Reduce memory load on the system
#   Increase physical memory or swap space
#   Check if swap backing store is full
#   Decrease Java heap size (-Xmx/-Xms)
#   Decrease number of Java threads
#   Decrease Java thread stack sizes (-Xss)
#   Set larger code cache with -XX:ReservedCodeCacheSize=
#   JVM is running with Zero Based Compressed Oops mode in which the Java heap is
#     placed in the first 32GB address space. The Java Heap base address is the
#     maximum limit for the native heap growth. Please use -XX:HeapBaseMinAddress
#     to set the Java Heap base and to place the Java Heap above 32GB virtual address.
# This output file may be truncated or incomplete.
#
#  Out of Memory Error (arena.cpp:191), pid=13336, tid=5076
#
# JRE version: OpenJDK Runtime Environment Temurin-17.0.14+7 (17.0.14+7) (build 17.0.14+7)
# Java VM: OpenJDK 64-Bit Server VM Temurin-17.0.14+7 (17.0.14+7, mixed mode, sharing, tiered, compressed oops, compressed class ptrs, g1 gc, windows-amd64)
# No core dump will be written. Minidumps are not enabled by default on client versions of Windows
#

---------------  S U M M A R Y ------------

Command Line: org.jetbrains.kotlin.cli.jvm.K2JVMCompiler @D:\DA NEN TANG\MyNewApp - Copy\node_modules\react-native-screens\android\build\20250513_3587101814672554257.compiler.options

Host: 12th Gen Intel(R) Core(TM) i5-12500H, 16 cores, 15G,  Windows 11 , 64 bit Build 22621 (10.0.22621.5124)
Time: Tue May 13 17:51:24 2025 SE Asia Standard Time elapsed time: 1.659497 seconds (0d 0h 0m 1s)

---------------  T H R E A D  ---------------

Current thread (0x000001d484121050):  JavaThread "C2 CompilerThread0" daemon [_thread_in_native, id=5076, stack(0x0000006515a00000,0x0000006515b00000)]


Current CompileTask:
C2:   1659 1248       4       org.jetbrains.kotlin.cli.jvm.compiler.jarfs.FastJarHandler::createFile (79 bytes)

Stack: [0x0000006515a00000,0x0000006515b00000]
Native frames: (J=compiled Java code, j=interpreted, Vv=VM code, C=native code)
V  [jvm.dll+0x682eb9]
V  [jvm.dll+0x8399c8]
V  [jvm.dll+0x83b473]
V  [jvm.dll+0x83bae3]
V  [jvm.dll+0x24715f]
V  [jvm.dll+0xace44]
V  [jvm.dll+0xad4dc]
V  [jvm.dll+0x2ac98f]
V  [jvm.dll+0x588f69]
V  [jvm.dll+0x220fb2]
V  [jvm.dll+0x219e7c]
V  [jvm.dll+0x21748b]
V  [jvm.dll+0x1a3150]
V  [jvm.dll+0x22799c]
V  [jvm.dll+0x225afb]
V  [jvm.dll+0x7ef128]
V  [jvm.dll+0x7e948c]
V  [jvm.dll+0x681d97]
C  [ucrtbase.dll+0x29333]
C  [KERNEL32.DLL+0x1259d]
C  [ntdll.dll+0x5af38]


---------------  P R O C E S S  ---------------

Threads class SMR info:
_java_thread_list=0x000001d4849f6860, length=18, elements={
0x000001d4e0805e10, 0x000001d484101740, 0x000001d4841035d0, 0x000001d48411c610,
0x000001d48411efe0, 0x000001d48411f9a0, 0x000001d484120360, 0x000001d484121050,
0x000001d4841882c0, 0x000001d4841a37d0, 0x000001d484252650, 0x000001d484251bb0,
0x000001d484284250, 0x000001d4842887c0, 0x000001d484252ba0, 0x000001d484251660,
0x000001d48424fbd0, 0x000001d484250120
}

Java Threads: ( => current thread )
  0x000001d4e0805e10 JavaThread "main" [_thread_in_Java, id=7944, stack(0x0000006514d00000,0x0000006514e00000)]
  0x000001d484101740 JavaThread "Reference Handler" daemon [_thread_blocked, id=18220, stack(0x0000006515400000,0x0000006515500000)]
  0x000001d4841035d0 JavaThread "Finalizer" daemon [_thread_blocked, id=448, stack(0x0000006515500000,0x0000006515600000)]
  0x000001d48411c610 JavaThread "Signal Dispatcher" daemon [_thread_blocked, id=15072, stack(0x0000006515600000,0x0000006515700000)]
  0x000001d48411efe0 JavaThread "Attach Listener" daemon [_thread_blocked, id=13020, stack(0x0000006515700000,0x0000006515800000)]
  0x000001d48411f9a0 JavaThread "Service Thread" daemon [_thread_blocked, id=13076, stack(0x0000006515800000,0x0000006515900000)]
  0x000001d484120360 JavaThread "Monitor Deflation Thread" daemon [_thread_blocked, id=18544, stack(0x0000006515900000,0x0000006515a00000)]
=>0x000001d484121050 JavaThread "C2 CompilerThread0" daemon [_thread_in_native, id=5076, stack(0x0000006515a00000,0x0000006515b00000)]
  0x000001d4841882c0 JavaThread "C1 CompilerThread0" daemon [_thread_in_native, id=5124, stack(0x0000006515b00000,0x0000006515c00000)]
  0x000001d4841a37d0 JavaThread "Sweeper thread" daemon [_thread_blocked, id=19576, stack(0x0000006515c00000,0x0000006515d00000)]
  0x000001d484252650 JavaThread "C1 CompilerThread1" daemon [_thread_blocked, id=3440, stack(0x0000006515d00000,0x0000006515e00000)]
  0x000001d484251bb0 JavaThread "C1 CompilerThread2" daemon [_thread_blocked, id=8456, stack(0x0000006515e00000,0x0000006515f00000)]
  0x000001d484284250 JavaThread "Notification Thread" daemon [_thread_blocked, id=14688, stack(0x0000006515f00000,0x0000006516000000)]
  0x000001d4842887c0 JavaThread "Common-Cleaner" daemon [_thread_blocked, id=3896, stack(0x0000006516100000,0x0000006516200000)]
  0x000001d484252ba0 JavaThread "C1 CompilerThread3" daemon [_thread_in_native, id=7564, stack(0x0000006516300000,0x0000006516400000)]
  0x000001d484251660 JavaThread "C2 CompilerThread1" daemon [_thread_in_native, id=9092, stack(0x0000006516a00000,0x0000006516b00000)]
  0x000001d48424fbd0 JavaThread "C2 CompilerThread2" daemon [_thread_in_native, id=1932, stack(0x0000006516b00000,0x0000006516c00000)]
  0x000001d484250120 JavaThread "C2 CompilerThread3" daemon [_thread_in_native, id=15800, stack(0x0000006516c00000,0x0000006516d00000)]

Other Threads:
  0x000001d4840fc0a0 VMThread "VM Thread" [stack: 0x0000006515300000,0x0000006515400000] [id=17812]
  0x000001d484286f50 WatcherThread [stack: 0x0000006516000000,0x0000006516100000] [id=12392]
  0x000001d4e0873bf0 GCTaskThread "GC Thread#0" [stack: 0x0000006514e00000,0x0000006514f00000] [id=17340]
  0x000001d4849c4ce0 GCTaskThread "GC Thread#1" [stack: 0x0000006516400000,0x0000006516500000] [id=3120]
  0x000001d4849c4fa0 GCTaskThread "GC Thread#2" [stack: 0x0000006516500000,0x0000006516600000] [id=13816]
  0x000001d4849c5260 GCTaskThread "GC Thread#3" [stack: 0x0000006516600000,0x0000006516700000] [id=1496]
  0x000001d48496ef70 GCTaskThread "GC Thread#4" [stack: 0x0000006516700000,0x0000006516800000] [id=18684]
  0x000001d48496f640 GCTaskThread "GC Thread#5" [stack: 0x0000006516800000,0x0000006516900000] [id=19448]
  0x000001d484d19c50 GCTaskThread "GC Thread#6" [stack: 0x0000006516200000,0x0000006516300000] [id=9148]
  0x000001d484dd8790 GCTaskThread "GC Thread#7" [stack: 0x0000006516900000,0x0000006516a00000] [id=15032]
  0x000001d4e0885690 ConcurrentGCThread "G1 Main Marker" [stack: 0x0000006514f00000,0x0000006515000000] [id=19300]
  0x000001d4e08860b0 ConcurrentGCThread "G1 Conc#0" [stack: 0x0000006515000000,0x0000006515100000] [id=16692]
  0x000001d4ffc75330 ConcurrentGCThread "G1 Refine#0" [stack: 0x0000006515100000,0x0000006515200000] [id=9572]
  0x000001d4ffc75d60 ConcurrentGCThread "G1 Service" [stack: 0x0000006515200000,0x0000006515300000] [id=888]

Threads with active compile tasks:
C2 CompilerThread0     1669 1248       4       org.jetbrains.kotlin.cli.jvm.compiler.jarfs.FastJarHandler::createFile (79 bytes)
C1 CompilerThread0     1669 1287       3       java.lang.invoke.TypeConvertingMethodAdapter::convertType (299 bytes)
C2 CompilerThread1     1670 1274       4       java.util.ArrayList::clear (43 bytes)
C2 CompilerThread2     1670 1244       4       org.jetbrains.kotlin.cli.jvm.compiler.jarfs.FastJarHandler::getOrCreateDirectory (104 bytes)
C2 CompilerThread3     1670 1259       4       org.jetbrains.kotlin.cli.jvm.compiler.jarfs.ZipImplementationKt::parseCentralDirectory (562 bytes)

VM state: not at safepoint (normal execution)

VM Mutex/Monitor currently owned by a thread:  ([mutex/lock_event])
[0x000001d4e08023f0] Compile_lock - owner thread: 0x000001d484250120
[0x000001d4e0800620] MethodCompileQueue_lock - owner thread: 0x0000000000000000

Heap address: 0x0000000704c00000, size: 4020 MB, Compressed Oops mode: Zero based, Oop shift amount: 3

CDS archive(s) mapped at: [0x000001d485000000-0x000001d485bb0000-0x000001d485bb0000), size 12255232, SharedBaseAddress: 0x000001d485000000, ArchiveRelocationMode: 1.
Compressed class space mapped at: 0x000001d486000000-0x000001d4c6000000, reserved size: 1073741824
Narrow klass base: 0x000001d485000000, Narrow klass shift: 0, Narrow klass range: 0x100000000

GC Precious Log:
 CPUs: 16 total, 16 available
 Memory: 16077M
 Large Page Support: Disabled
 NUMA Support: Disabled
 Compressed Oops: Enabled (Zero based)
 Heap Region Size: 2M
 Heap Min Capacity: 8M
 Heap Initial Capacity: 252M
 Heap Max Capacity: 4020M
 Pre-touch: Disabled
 Parallel Workers: 13
 Concurrent Workers: 3
 Concurrent Refinement Workers: 13
 Periodic GC: Disabled

Heap:
 garbage-first heap   total 258048K, used 22965K [0x0000000704c00000, 0x0000000800000000)
  region size 2048K, 11 young (22528K), 3 survivors (6144K)
 Metaspace       used 16601K, committed 16832K, reserved 1114112K
  class space    used 1890K, committed 1984K, reserved 1048576K

Heap Regions: E=young(eden), S=young(survivor), O=old, HS=humongous(starts), HC=humongous(continues), CS=collection set, F=free, OA=open archive, CA=closed archive, TAMS=top-at-mark-start (previous, next)
|   0|0x0000000704c00000, 0x0000000704e00000, 0x0000000704e00000|100%|HS|  |TAMS 0x0000000704c00000, 0x0000000704c00000| Complete 
|   1|0x0000000704e00000, 0x0000000705000000, 0x0000000705000000|100%|HC|  |TAMS 0x0000000704e00000, 0x0000000704e00000| Complete 
|   2|0x0000000705000000, 0x0000000705000000, 0x0000000705200000|  0%| F|  |TAMS 0x0000000705000000, 0x0000000705000000| Untracked 
|   3|0x0000000705200000, 0x0000000705200000, 0x0000000705400000|  0%| F|  |TAMS 0x0000000705200000, 0x0000000705200000| Untracked 
|   4|0x0000000705400000, 0x0000000705400000, 0x0000000705600000|  0%| F|  |TAMS 0x0000000705400000, 0x0000000705400000| Untracked 
|   5|0x0000000705600000, 0x0000000705600000, 0x0000000705800000|  0%| F|  |TAMS 0x0000000705600000, 0x0000000705600000| Untracked 
|   6|0x0000000705800000, 0x0000000705800000, 0x0000000705a00000|  0%| F|  |TAMS 0x0000000705800000, 0x0000000705800000| Untracked 
|   7|0x0000000705a00000, 0x0000000705a00000, 0x0000000705c00000|  0%| F|  |TAMS 0x0000000705a00000, 0x0000000705a00000| Untracked 
|   8|0x0000000705c00000, 0x0000000705c00000, 0x0000000705e00000|  0%| F|  |TAMS 0x0000000705c00000, 0x0000000705c00000| Untracked 
|   9|0x0000000705e00000, 0x0000000705e00000, 0x0000000706000000|  0%| F|  |TAMS 0x0000000705e00000, 0x0000000705e00000| Untracked 
|  10|0x0000000706000000, 0x0000000706000000, 0x0000000706200000|  0%| F|  |TAMS 0x0000000706000000, 0x0000000706000000| Untracked 
|  11|0x0000000706200000, 0x0000000706200000, 0x0000000706400000|  0%| F|  |TAMS 0x0000000706200000, 0x0000000706200000| Untracked 
|  12|0x0000000706400000, 0x0000000706400000, 0x0000000706600000|  0%| F|  |TAMS 0x0000000706400000, 0x0000000706400000| Untracked 
|  13|0x0000000706600000, 0x0000000706600000, 0x0000000706800000|  0%| F|  |TAMS 0x0000000706600000, 0x0000000706600000| Untracked 
|  14|0x0000000706800000, 0x0000000706800000, 0x0000000706a00000|  0%| F|  |TAMS 0x0000000706800000, 0x0000000706800000| Untracked 
|  15|0x0000000706a00000, 0x0000000706a00000, 0x0000000706c00000|  0%| F|  |TAMS 0x0000000706a00000, 0x0000000706a00000| Untracked 
|  16|0x0000000706c00000, 0x0000000706c00000, 0x0000000706e00000|  0%| F|  |TAMS 0x0000000706c00000, 0x0000000706c00000| Untracked 
|  17|0x0000000706e00000, 0x0000000706e00000, 0x0000000707000000|  0%| F|  |TAMS 0x0000000706e00000, 0x0000000706e00000| Untracked 
|  18|0x0000000707000000, 0x0000000707000000, 0x0000000707200000|  0%| F|  |TAMS 0x0000000707000000, 0x0000000707000000| Untracked 
|  19|0x0000000707200000, 0x0000000707200000, 0x0000000707400000|  0%| F|  |TAMS 0x0000000707200000, 0x0000000707200000| Untracked 
|  20|0x0000000707400000, 0x0000000707400000, 0x0000000707600000|  0%| F|  |TAMS 0x0000000707400000, 0x0000000707400000| Untracked 
|  21|0x0000000707600000, 0x0000000707600000, 0x0000000707800000|  0%| F|  |TAMS 0x0000000707600000, 0x0000000707600000| Untracked 
|  22|0x0000000707800000, 0x0000000707800000, 0x0000000707a00000|  0%| F|  |TAMS 0x0000000707800000, 0x0000000707800000| Untracked 
|  23|0x0000000707a00000, 0x0000000707a00000, 0x0000000707c00000|  0%| F|  |TAMS 0x0000000707a00000, 0x0000000707a00000| Untracked 
|  24|0x0000000707c00000, 0x0000000707c00000, 0x0000000707e00000|  0%| F|  |TAMS 0x0000000707c00000, 0x0000000707c00000| Untracked 
|  25|0x0000000707e00000, 0x0000000707e00000, 0x0000000708000000|  0%| F|  |TAMS 0x0000000707e00000, 0x0000000707e00000| Untracked 
|  26|0x0000000708000000, 0x0000000708000000, 0x0000000708200000|  0%| F|  |TAMS 0x0000000708000000, 0x0000000708000000| Untracked 
|  27|0x0000000708200000, 0x0000000708200000, 0x0000000708400000|  0%| F|  |TAMS 0x0000000708200000, 0x0000000708200000| Untracked 
|  28|0x0000000708400000, 0x0000000708400000, 0x0000000708600000|  0%| F|  |TAMS 0x0000000708400000, 0x0000000708400000| Untracked 
|  29|0x0000000708600000, 0x0000000708600000, 0x0000000708800000|  0%| F|  |TAMS 0x0000000708600000, 0x0000000708600000| Untracked 
|  30|0x0000000708800000, 0x0000000708800000, 0x0000000708a00000|  0%| F|  |TAMS 0x0000000708800000, 0x0000000708800000| Untracked 
|  31|0x0000000708a00000, 0x0000000708a00000, 0x0000000708c00000|  0%| F|  |TAMS 0x0000000708a00000, 0x0000000708a00000| Untracked 
|  32|0x0000000708c00000, 0x0000000708c00000, 0x0000000708e00000|  0%| F|  |TAMS 0x0000000708c00000, 0x0000000708c00000| Untracked 
|  33|0x0000000708e00000, 0x0000000708e00000, 0x0000000709000000|  0%| F|  |TAMS 0x0000000708e00000, 0x0000000708e00000| Untracked 
|  34|0x0000000709000000, 0x0000000709000000, 0x0000000709200000|  0%| F|  |TAMS 0x0000000709000000, 0x0000000709000000| Untracked 
|  35|0x0000000709200000, 0x0000000709200000, 0x0000000709400000|  0%| F|  |TAMS 0x0000000709200000, 0x0000000709200000| Untracked 
|  36|0x0000000709400000, 0x0000000709400000, 0x0000000709600000|  0%| F|  |TAMS 0x0000000709400000, 0x0000000709400000| Untracked 
|  37|0x0000000709600000, 0x0000000709600000, 0x0000000709800000|  0%| F|  |TAMS 0x0000000709600000, 0x0000000709600000| Untracked 
|  38|0x0000000709800000, 0x0000000709800000, 0x0000000709a00000|  0%| F|  |TAMS 0x0000000709800000, 0x0000000709800000| Untracked 
|  39|0x0000000709a00000, 0x0000000709a00000, 0x0000000709c00000|  0%| F|  |TAMS 0x0000000709a00000, 0x0000000709a00000| Untracked 
|  40|0x0000000709c00000, 0x0000000709c00000, 0x0000000709e00000|  0%| F|  |TAMS 0x0000000709c00000, 0x0000000709c00000| Untracked 
|  41|0x0000000709e00000, 0x0000000709e00000, 0x000000070a000000|  0%| F|  |TAMS 0x0000000709e00000, 0x0000000709e00000| Untracked 
|  42|0x000000070a000000, 0x000000070a000000, 0x000000070a200000|  0%| F|  |TAMS 0x000000070a000000, 0x000000070a000000| Untracked 
|  43|0x000000070a200000, 0x000000070a200000, 0x000000070a400000|  0%| F|  |TAMS 0x000000070a200000, 0x000000070a200000| Untracked 
|  44|0x000000070a400000, 0x000000070a400000, 0x000000070a600000|  0%| F|  |TAMS 0x000000070a400000, 0x000000070a400000| Untracked 
|  45|0x000000070a600000, 0x000000070a600000, 0x000000070a800000|  0%| F|  |TAMS 0x000000070a600000, 0x000000070a600000| Untracked 
|  46|0x000000070a800000, 0x000000070a800000, 0x000000070aa00000|  0%| F|  |TAMS 0x000000070a800000, 0x000000070a800000| Untracked 
|  47|0x000000070aa00000, 0x000000070aa00000, 0x000000070ac00000|  0%| F|  |TAMS 0x000000070aa00000, 0x000000070aa00000| Untracked 
|  48|0x000000070ac00000, 0x000000070ac00000, 0x000000070ae00000|  0%| F|  |TAMS 0x000000070ac00000, 0x000000070ac00000| Untracked 
|  49|0x000000070ae00000, 0x000000070ae00000, 0x000000070b000000|  0%| F|  |TAMS 0x000000070ae00000, 0x000000070ae00000| Untracked 
|  50|0x000000070b000000, 0x000000070b000000, 0x000000070b200000|  0%| F|  |TAMS 0x000000070b000000, 0x000000070b000000| Untracked 
|  51|0x000000070b200000, 0x000000070b200000, 0x000000070b400000|  0%| F|  |TAMS 0x000000070b200000, 0x000000070b200000| Untracked 
|  52|0x000000070b400000, 0x000000070b400000, 0x000000070b600000|  0%| F|  |TAMS 0x000000070b400000, 0x000000070b400000| Untracked 
|  53|0x000000070b600000, 0x000000070b600000, 0x000000070b800000|  0%| F|  |TAMS 0x000000070b600000, 0x000000070b600000| Untracked 
|  54|0x000000070b800000, 0x000000070b800000, 0x000000070ba00000|  0%| F|  |TAMS 0x000000070b800000, 0x000000070b800000| Untracked 
|  55|0x000000070ba00000, 0x000000070ba00000, 0x000000070bc00000|  0%| F|  |TAMS 0x000000070ba00000, 0x000000070ba00000| Untracked 
|  56|0x000000070bc00000, 0x000000070bc00000, 0x000000070be00000|  0%| F|  |TAMS 0x000000070bc00000, 0x000000070bc00000| Untracked 
|  57|0x000000070be00000, 0x000000070be00000, 0x000000070c000000|  0%| F|  |TAMS 0x000000070be00000, 0x000000070be00000| Untracked 
|  58|0x000000070c000000, 0x000000070c000000, 0x000000070c200000|  0%| F|  |TAMS 0x000000070c000000, 0x000000070c000000| Untracked 
|  59|0x000000070c200000, 0x000000070c200000, 0x000000070c400000|  0%| F|  |TAMS 0x000000070c200000, 0x000000070c200000| Untracked 
|  60|0x000000070c400000, 0x000000070c400000, 0x000000070c600000|  0%| F|  |TAMS 0x000000070c400000, 0x000000070c400000| Untracked 
|  61|0x000000070c600000, 0x000000070c600000, 0x000000070c800000|  0%| F|  |TAMS 0x000000070c600000, 0x000000070c600000| Untracked 
|  62|0x000000070c800000, 0x000000070c800000, 0x000000070ca00000|  0%| F|  |TAMS 0x000000070c800000, 0x000000070c800000| Untracked 
|  63|0x000000070ca00000, 0x000000070ca00000, 0x000000070cc00000|  0%| F|  |TAMS 0x000000070ca00000, 0x000000070ca00000| Untracked 
|  64|0x000000070cc00000, 0x000000070cc00000, 0x000000070ce00000|  0%| F|  |TAMS 0x000000070cc00000, 0x000000070cc00000| Untracked 
|  65|0x000000070ce00000, 0x000000070ce00000, 0x000000070d000000|  0%| F|  |TAMS 0x000000070ce00000, 0x000000070ce00000| Untracked 
|  66|0x000000070d000000, 0x000000070d000000, 0x000000070d200000|  0%| F|  |TAMS 0x000000070d000000, 0x000000070d000000| Untracked 
|  67|0x000000070d200000, 0x000000070d200000, 0x000000070d400000|  0%| F|  |TAMS 0x000000070d200000, 0x000000070d200000| Untracked 
|  68|0x000000070d400000, 0x000000070d400000, 0x000000070d600000|  0%| F|  |TAMS 0x000000070d400000, 0x000000070d400000| Untracked 
|  69|0x000000070d600000, 0x000000070d600000, 0x000000070d800000|  0%| F|  |TAMS 0x000000070d600000, 0x000000070d600000| Untracked 
|  70|0x000000070d800000, 0x000000070d800000, 0x000000070da00000|  0%| F|  |TAMS 0x000000070d800000, 0x000000070d800000| Untracked 
|  71|0x000000070da00000, 0x000000070da00000, 0x000000070dc00000|  0%| F|  |TAMS 0x000000070da00000, 0x000000070da00000| Untracked 
|  72|0x000000070dc00000, 0x000000070dc00000, 0x000000070de00000|  0%| F|  |TAMS 0x000000070dc00000, 0x000000070dc00000| Untracked 
|  73|0x000000070de00000, 0x000000070de00000, 0x000000070e000000|  0%| F|  |TAMS 0x000000070de00000, 0x000000070de00000| Untracked 
|  74|0x000000070e000000, 0x000000070e000000, 0x000000070e200000|  0%| F|  |TAMS 0x000000070e000000, 0x000000070e000000| Untracked 
|  75|0x000000070e200000, 0x000000070e200000, 0x000000070e400000|  0%| F|  |TAMS 0x000000070e200000, 0x000000070e200000| Untracked 
|  76|0x000000070e400000, 0x000000070e400000, 0x000000070e600000|  0%| F|  |TAMS 0x000000070e400000, 0x000000070e400000| Untracked 
|  77|0x000000070e600000, 0x000000070e600000, 0x000000070e800000|  0%| F|  |TAMS 0x000000070e600000, 0x000000070e600000| Untracked 
|  78|0x000000070e800000, 0x000000070e800000, 0x000000070ea00000|  0%| F|  |TAMS 0x000000070e800000, 0x000000070e800000| Untracked 
|  79|0x000000070ea00000, 0x000000070ea00000, 0x000000070ec00000|  0%| F|  |TAMS 0x000000070ea00000, 0x000000070ea00000| Untracked 
|  80|0x000000070ec00000, 0x000000070ec00000, 0x000000070ee00000|  0%| F|  |TAMS 0x000000070ec00000, 0x000000070ec00000| Untracked 
|  81|0x000000070ee00000, 0x000000070ee00000, 0x000000070f000000|  0%| F|  |TAMS 0x000000070ee00000, 0x000000070ee00000| Untracked 
|  82|0x000000070f000000, 0x000000070f000000, 0x000000070f200000|  0%| F|  |TAMS 0x000000070f000000, 0x000000070f000000| Untracked 
|  83|0x000000070f200000, 0x000000070f200000, 0x000000070f400000|  0%| F|  |TAMS 0x000000070f200000, 0x000000070f200000| Untracked 
|  84|0x000000070f400000, 0x000000070f400000, 0x000000070f600000|  0%| F|  |TAMS 0x000000070f400000, 0x000000070f400000| Untracked 
|  85|0x000000070f600000, 0x000000070f600000, 0x000000070f800000|  0%| F|  |TAMS 0x000000070f600000, 0x000000070f600000| Untracked 
|  86|0x000000070f800000, 0x000000070f800000, 0x000000070fa00000|  0%| F|  |TAMS 0x000000070f800000, 0x000000070f800000| Untracked 
|  87|0x000000070fa00000, 0x000000070fa00000, 0x000000070fc00000|  0%| F|  |TAMS 0x000000070fa00000, 0x000000070fa00000| Untracked 
|  88|0x000000070fc00000, 0x000000070fc00000, 0x000000070fe00000|  0%| F|  |TAMS 0x000000070fc00000, 0x000000070fc00000| Untracked 
|  89|0x000000070fe00000, 0x000000070fe00000, 0x0000000710000000|  0%| F|  |TAMS 0x000000070fe00000, 0x000000070fe00000| Untracked 
|  90|0x0000000710000000, 0x0000000710000000, 0x0000000710200000|  0%| F|  |TAMS 0x0000000710000000, 0x0000000710000000| Untracked 
|  91|0x0000000710200000, 0x0000000710200000, 0x0000000710400000|  0%| F|  |TAMS 0x0000000710200000, 0x0000000710200000| Untracked 
|  92|0x0000000710400000, 0x0000000710400000, 0x0000000710600000|  0%| F|  |TAMS 0x0000000710400000, 0x0000000710400000| Untracked 
|  93|0x0000000710600000, 0x0000000710600000, 0x0000000710800000|  0%| F|  |TAMS 0x0000000710600000, 0x0000000710600000| Untracked 
|  94|0x0000000710800000, 0x0000000710800000, 0x0000000710a00000|  0%| F|  |TAMS 0x0000000710800000, 0x0000000710800000| Untracked 
|  95|0x0000000710a00000, 0x0000000710a00000, 0x0000000710c00000|  0%| F|  |TAMS 0x0000000710a00000, 0x0000000710a00000| Untracked 
|  96|0x0000000710c00000, 0x0000000710c00000, 0x0000000710e00000|  0%| F|  |TAMS 0x0000000710c00000, 0x0000000710c00000| Untracked 
|  97|0x0000000710e00000, 0x0000000710e00000, 0x0000000711000000|  0%| F|  |TAMS 0x0000000710e00000, 0x0000000710e00000| Untracked 
|  98|0x0000000711000000, 0x0000000711000000, 0x0000000711200000|  0%| F|  |TAMS 0x0000000711000000, 0x0000000711000000| Untracked 
|  99|0x0000000711200000, 0x0000000711200000, 0x0000000711400000|  0%| F|  |TAMS 0x0000000711200000, 0x0000000711200000| Untracked 
| 100|0x0000000711400000, 0x0000000711400000, 0x0000000711600000|  0%| F|  |TAMS 0x0000000711400000, 0x0000000711400000| Untracked 
| 101|0x0000000711600000, 0x0000000711600000, 0x0000000711800000|  0%| F|  |TAMS 0x0000000711600000, 0x0000000711600000| Untracked 
| 102|0x0000000711800000, 0x0000000711800000, 0x0000000711a00000|  0%| F|  |TAMS 0x0000000711800000, 0x0000000711800000| Untracked 
| 103|0x0000000711a00000, 0x0000000711a00000, 0x0000000711c00000|  0%| F|  |TAMS 0x0000000711a00000, 0x0000000711a00000| Untracked 
| 104|0x0000000711c00000, 0x0000000711c6d6e0, 0x0000000711e00000| 21%| S|CS|TAMS 0x0000000711c00000, 0x0000000711c00000| Complete 
| 105|0x0000000711e00000, 0x0000000712000000, 0x0000000712000000|100%| S|CS|TAMS 0x0000000711e00000, 0x0000000711e00000| Complete 
| 106|0x0000000712000000, 0x0000000712200000, 0x0000000712200000|100%| S|CS|TAMS 0x0000000712000000, 0x0000000712000000| Complete 
| 107|0x0000000712200000, 0x0000000712200000, 0x0000000712400000|  0%| F|  |TAMS 0x0000000712200000, 0x0000000712200000| Untracked 
| 108|0x0000000712400000, 0x0000000712400000, 0x0000000712600000|  0%| F|  |TAMS 0x0000000712400000, 0x0000000712400000| Untracked 
| 109|0x0000000712600000, 0x0000000712600000, 0x0000000712800000|  0%| F|  |TAMS 0x0000000712600000, 0x0000000712600000| Untracked 
| 110|0x0000000712800000, 0x0000000712800000, 0x0000000712a00000|  0%| F|  |TAMS 0x0000000712800000, 0x0000000712800000| Untracked 
| 111|0x0000000712a00000, 0x0000000712a00000, 0x0000000712c00000|  0%| F|  |TAMS 0x0000000712a00000, 0x0000000712a00000| Untracked 
| 112|0x0000000712c00000, 0x0000000712c00000, 0x0000000712e00000|  0%| F|  |TAMS 0x0000000712c00000, 0x0000000712c00000| Untracked 
| 113|0x0000000712e00000, 0x0000000712e00000, 0x0000000713000000|  0%| F|  |TAMS 0x0000000712e00000, 0x0000000712e00000| Untracked 
| 114|0x0000000713000000, 0x0000000713000000, 0x0000000713200000|  0%| F|  |TAMS 0x0000000713000000, 0x0000000713000000| Untracked 
| 115|0x0000000713200000, 0x0000000713200000, 0x0000000713400000|  0%| F|  |TAMS 0x0000000713200000, 0x0000000713200000| Untracked 
| 116|0x0000000713400000, 0x0000000713400000, 0x0000000713600000|  0%| F|  |TAMS 0x0000000713400000, 0x0000000713400000| Untracked 
| 117|0x0000000713600000, 0x0000000713600000, 0x0000000713800000|  0%| F|  |TAMS 0x0000000713600000, 0x0000000713600000| Untracked 
| 118|0x0000000713800000, 0x0000000713a00000, 0x0000000713a00000|100%| E|  |TAMS 0x0000000713800000, 0x0000000713800000| Complete 
| 119|0x0000000713a00000, 0x0000000713c00000, 0x0000000713c00000|100%| E|CS|TAMS 0x0000000713a00000, 0x0000000713a00000| Complete 
| 120|0x0000000713c00000, 0x0000000713e00000, 0x0000000713e00000|100%| E|CS|TAMS 0x0000000713c00000, 0x0000000713c00000| Complete 
| 121|0x0000000713e00000, 0x0000000714000000, 0x0000000714000000|100%| E|CS|TAMS 0x0000000713e00000, 0x0000000713e00000| Complete 
| 122|0x0000000714000000, 0x0000000714200000, 0x0000000714200000|100%| E|CS|TAMS 0x0000000714000000, 0x0000000714000000| Complete 
| 123|0x0000000714200000, 0x0000000714400000, 0x0000000714400000|100%| E|CS|TAMS 0x0000000714200000, 0x0000000714200000| Complete 
| 124|0x0000000714400000, 0x0000000714600000, 0x0000000714600000|100%| E|CS|TAMS 0x0000000714400000, 0x0000000714400000| Complete 
| 125|0x0000000714600000, 0x0000000714800000, 0x0000000714800000|100%| E|CS|TAMS 0x0000000714600000, 0x0000000714600000| Complete 

Card table byte_map: [0x000001d4f8390000,0x000001d4f8b70000] _byte_map_base: 0x000001d4f4b6a000

Marking Bits (Prev, Next): (CMBitMap*) 0x000001d4e0875220, (CMBitMap*) 0x000001d4e0875260
 Prev Bits: [0x000001d4f9350000, 0x000001d4fd220000)
 Next Bits: [0x000001d480000000, 0x000001d483ed0000)

Polling page: 0x000001d4de770000

Metaspace:

Usage:
  Non-class:     14.38 MB used.
      Class:      1.85 MB used.
       Both:     16.23 MB used.

Virtual space:
  Non-class space:       64.00 MB reserved,      14.50 MB ( 23%) committed,  1 nodes.
      Class space:        1.00 GB reserved,       1.94 MB ( <1%) committed,  1 nodes.
             Both:        1.06 GB reserved,      16.44 MB (  2%) committed. 

Chunk freelists:
   Non-Class:  15.47 MB
       Class:  14.03 MB
        Both:  29.50 MB

MaxMetaspaceSize: unlimited
CompressedClassSpaceSize: 1.00 GB
Initial GC threshold: 21.00 MB
Current GC threshold: 21.00 MB
CDS: on
MetaspaceReclaimPolicy: balanced
 - commit_granule_bytes: 65536.
 - commit_granule_words: 8192.
 - virtual_space_node_default_size: 8388608.
 - enlarge_chunks_in_place: 1.
 - new_chunks_are_fully_committed: 0.
 - uncommit_free_chunks: 1.
 - use_allocation_guard: 0.
 - handle_deallocations: 1.


Internal statistics:

num_allocs_failed_limit: 0.
num_arena_births: 136.
num_arena_deaths: 0.
num_vsnodes_births: 2.
num_vsnodes_deaths: 0.
num_space_committed: 263.
num_space_uncommitted: 0.
num_chunks_returned_to_freelist: 0.
num_chunks_taken_from_freelist: 726.
num_chunk_merges: 0.
num_chunk_splits: 536.
num_chunks_enlarged: 471.
num_inconsistent_stats: 0.

CodeHeap 'non-profiled nmethods': size=119168Kb used=475Kb max_used=475Kb free=118692Kb
 bounds [0x000001d4efed0000, 0x000001d4f0140000, 0x000001d4f7330000]
CodeHeap 'profiled nmethods': size=119104Kb used=2187Kb max_used=2187Kb free=116916Kb
 bounds [0x000001d4e8330000, 0x000001d4e85a0000, 0x000001d4ef780000]
CodeHeap 'non-nmethods': size=7488Kb used=2891Kb max_used=2922Kb free=4597Kb
 bounds [0x000001d4ef780000, 0x000001d4efa60000, 0x000001d4efed0000]
 total_blobs=1782 nmethods=1284 adapters=406
 compilation: enabled
              stopped_count=0, restarted_count=0
 full_count=0

Compilation events (20 events):
Event: 1.618 Thread 0x000001d4841882c0 nmethod 1269 0x000001d4e8544510 code [0x000001d4e85446c0, 0x000001d4e8544908]
Event: 1.619 Thread 0x000001d484251660 nmethod 1255 0x000001d4eff3c810 code [0x000001d4eff3c9a0, 0x000001d4eff3d1f8]
Event: 1.619 Thread 0x000001d484251660 1270       4       org.jetbrains.kotlin.cli.jvm.compiler.jarfs.ZipEntryDescription::isDirectory (13 bytes)
Event: 1.619 Thread 0x000001d484251660 nmethod 1270 0x000001d4eff3d610 code [0x000001d4eff3d780, 0x000001d4eff3d818]
Event: 1.619 Thread 0x000001d484251660 1268       4       org.jetbrains.kotlin.com.intellij.openapi.util.text.StringUtilRt::equal (120 bytes)
Event: 1.622 Thread 0x000001d4841882c0 1271       3       java.io.FileDescriptor$1::getHandle (5 bytes)
Event: 1.622 Thread 0x000001d4841882c0 nmethod 1271 0x000001d4e8544a10 code [0x000001d4e8544ba0, 0x000001d4e8544cb8]
Event: 1.623 Thread 0x000001d484251660 nmethod 1268 0x000001d4eff3d910 code [0x000001d4eff3dae0, 0x000001d4eff3dee0]
Event: 1.623 Thread 0x000001d484251660 1266       4       org.jetbrains.kotlin.cli.jvm.compiler.jarfs.ZipImplementationKt::getUnsignedShort (9 bytes)
Event: 1.625 Thread 0x000001d484251660 nmethod 1266 0x000001d4eff3e310 code [0x000001d4eff3e4a0, 0x000001d4eff3e5b8]
Event: 1.625 Thread 0x000001d484251660 1267       4       org.jetbrains.kotlin.com.intellij.openapi.util.text.StringUtil::equals (7 bytes)
Event: 1.625 Thread 0x000001d4841882c0 1272       3       java.nio.channels.spi.AbstractInterruptibleChannel::isOpen (13 bytes)
Event: 1.625 Thread 0x000001d4841882c0 nmethod 1272 0x000001d4e8544d90 code [0x000001d4e8544f20, 0x000001d4e8545078]
Event: 1.628 Thread 0x000001d484251660 nmethod 1267 0x000001d4eff3e790 code [0x000001d4eff3e940, 0x000001d4eff3ebe8]
Event: 1.628 Thread 0x000001d484251660 1253       4       java.nio.MappedByteBuffer::position (6 bytes)
Event: 1.629 Thread 0x000001d484251660 nmethod 1253 0x000001d4eff3ef10 code [0x000001d4eff3f080, 0x000001d4eff3f178]
Event: 1.629 Thread 0x000001d484251660 1254       4       java.nio.ByteBuffer::get (54 bytes)
Event: 1.647 Thread 0x000001d484251660 nmethod 1254 0x000001d4eff3f290 code [0x000001d4eff3f440, 0x000001d4eff3fe18]
Event: 1.647 Thread 0x000001d484251660 1265       4       java.nio.ByteBuffer::get (9 bytes)
Event: 1.658 Thread 0x000001d484252ba0 1275       3       java.lang.StringLatin1::inflate (34 bytes)

GC Heap History (4 events):
Event: 0.727 GC heap before
{Heap before GC invocations=0 (full 0):
 garbage-first heap   total 258048K, used 24576K [0x0000000704c00000, 0x0000000800000000)
  region size 2048K, 11 young (22528K), 0 survivors (0K)
 Metaspace       used 6272K, committed 6400K, reserved 1114112K
  class space    used 618K, committed 704K, reserved 1048576K
}
Event: 0.732 GC heap after
{Heap after GC invocations=1 (full 0):
 garbage-first heap   total 258048K, used 7114K [0x0000000704c00000, 0x0000000800000000)
  region size 2048K, 2 young (4096K), 2 survivors (4096K)
 Metaspace       used 6272K, committed 6400K, reserved 1114112K
  class space    used 618K, committed 704K, reserved 1048576K
}
Event: 1.479 GC heap before
{Heap before GC invocations=1 (full 0):
 garbage-first heap   total 258048K, used 41930K [0x0000000704c00000, 0x0000000800000000)
  region size 2048K, 19 young (38912K), 2 survivors (4096K)
 Metaspace       used 15595K, committed 15872K, reserved 1114112K
  class space    used 1744K, committed 1856K, reserved 1048576K
}
Event: 1.482 GC heap after
{Heap after GC invocations=2 (full 0):
 garbage-first heap   total 258048K, used 8629K [0x0000000704c00000, 0x0000000800000000)
  region size 2048K, 3 young (6144K), 3 survivors (6144K)
 Metaspace       used 15595K, committed 15872K, reserved 1114112K
  class space    used 1744K, committed 1856K, reserved 1048576K
}

Dll operation events (6 events):
Event: 0.015 Loaded shared library C:\Program Files\Eclipse Adoptium\jdk-17.0.14.7-hotspot\bin\java.dll
Event: 0.059 Loaded shared library C:\Program Files\Eclipse Adoptium\jdk-17.0.14.7-hotspot\bin\jsvml.dll
Event: 0.119 Loaded shared library C:\Program Files\Eclipse Adoptium\jdk-17.0.14.7-hotspot\bin\net.dll
Event: 0.121 Loaded shared library C:\Program Files\Eclipse Adoptium\jdk-17.0.14.7-hotspot\bin\nio.dll
Event: 0.150 Loaded shared library C:\Program Files\Eclipse Adoptium\jdk-17.0.14.7-hotspot\bin\zip.dll
Event: 0.188 Loaded shared library C:\Program Files\Eclipse Adoptium\jdk-17.0.14.7-hotspot\bin\jimage.dll

Deoptimization events (20 events):
Event: 1.563 Thread 0x000001d4e0805e10 Uncommon trap: trap_request=0xffffffde fr.pc=0x000001d4efeee02c relative=0x00000000000001ac
Event: 1.563 Thread 0x000001d4e0805e10 Uncommon trap: reason=class_check action=maybe_recompile pc=0x000001d4efeee02c method=java.lang.String.equals(Ljava/lang/Object;)Z @ 8 c2
Event: 1.563 Thread 0x000001d4e0805e10 DEOPT PACKING pc=0x000001d4efeee02c sp=0x0000006514dfe440
Event: 1.563 Thread 0x000001d4e0805e10 DEOPT UNPACKING pc=0x000001d4ef7d69a3 sp=0x0000006514dfe3d8 mode 2
Event: 1.593 Thread 0x000001d4e0805e10 Uncommon trap: trap_request=0xffffff45 fr.pc=0x000001d4eff34f58 relative=0x0000000000000058
Event: 1.593 Thread 0x000001d4e0805e10 Uncommon trap: reason=unstable_if action=reinterpret pc=0x000001d4eff34f58 method=org.jetbrains.kotlin.cli.jvm.compiler.jarfs.ZipEntryDescription.isDirectory()Z @ 4 c2
Event: 1.594 Thread 0x000001d4e0805e10 DEOPT PACKING pc=0x000001d4eff34f58 sp=0x0000006514dfe530
Event: 1.594 Thread 0x000001d4e0805e10 DEOPT UNPACKING pc=0x000001d4ef7d69a3 sp=0x0000006514dfe4c0 mode 2
Event: 1.607 Thread 0x000001d4e0805e10 DEOPT PACKING pc=0x000001d4e853cd31 sp=0x0000006514dfe390
Event: 1.607 Thread 0x000001d4e0805e10 DEOPT UNPACKING pc=0x000001d4ef7d7143 sp=0x0000006514dfd8f8 mode 0
Event: 1.611 Thread 0x000001d4e0805e10 DEOPT PACKING pc=0x000001d4e853cd31 sp=0x0000006514dfe390
Event: 1.611 Thread 0x000001d4e0805e10 DEOPT UNPACKING pc=0x000001d4ef7d7143 sp=0x0000006514dfd8f8 mode 0
Event: 1.612 Thread 0x000001d4e0805e10 DEOPT PACKING pc=0x000001d4e853cd31 sp=0x0000006514dfe390
Event: 1.612 Thread 0x000001d4e0805e10 DEOPT UNPACKING pc=0x000001d4ef7d7143 sp=0x0000006514dfd8f8 mode 0
Event: 1.613 Thread 0x000001d4e0805e10 DEOPT PACKING pc=0x000001d4e853cd31 sp=0x0000006514dfe390
Event: 1.613 Thread 0x000001d4e0805e10 DEOPT UNPACKING pc=0x000001d4ef7d7143 sp=0x0000006514dfd8f8 mode 0
Event: 1.613 Thread 0x000001d4e0805e10 Uncommon trap: trap_request=0xffffff45 fr.pc=0x000001d4eff38ac8 relative=0x0000000000000c28
Event: 1.613 Thread 0x000001d4e0805e10 Uncommon trap: reason=unstable_if action=reinterpret pc=0x000001d4eff38ac8 method=org.jetbrains.kotlin.cli.jvm.compiler.jarfs.ZipImplementationKt.parseCentralDirectory(Ljava/nio/MappedByteBuffer;)Ljava/util/List; @ 442 c2
Event: 1.613 Thread 0x000001d4e0805e10 DEOPT PACKING pc=0x000001d4eff38ac8 sp=0x0000006514dfe490
Event: 1.613 Thread 0x000001d4e0805e10 DEOPT UNPACKING pc=0x000001d4ef7d69a3 sp=0x0000006514dfe400 mode 2

Classes loaded (20 events):
Event: 1.546 Loading class jdk/internal/access/foreign/UnmapperProxy
Event: 1.546 Loading class jdk/internal/access/foreign/UnmapperProxy done
Event: 1.546 Loading class sun/nio/ch/FileChannelImpl$Unmapper done
Event: 1.546 Loading class sun/nio/ch/FileChannelImpl$DefaultUnmapper done
Event: 1.546 Loading class sun/nio/ch/IOStatus
Event: 1.546 Loading class sun/nio/ch/IOStatus done
Event: 1.546 Loading class sun/nio/ch/Util
Event: 1.547 Loading class sun/nio/ch/Util done
Event: 1.547 Loading class sun/nio/ch/Util$1
Event: 1.547 Loading class sun/nio/ch/Util$1 done
Event: 1.547 Loading class sun/nio/ch/Util$4
Event: 1.547 Loading class sun/nio/ch/Util$4 done
Event: 1.547 Loading class jdk/internal/access/foreign/MemorySegmentProxy
Event: 1.548 Loading class jdk/internal/access/foreign/MemorySegmentProxy done
Event: 1.551 Loading class java/util/concurrent/TimeoutException
Event: 1.551 Loading class java/util/concurrent/TimeoutException done
Event: 1.551 Loading class java/util/concurrent/BlockingQueue
Event: 1.552 Loading class java/util/concurrent/BlockingQueue done
Event: 1.655 Loading class java/nio/file/FileAlreadyExistsException
Event: 1.655 Loading class java/nio/file/FileAlreadyExistsException done

Classes unloaded (0 events):
No events

Classes redefined (0 events):
No events

Internal exceptions (20 events):
Event: 1.142 Thread 0x000001d4e0805e10 Exception <a 'java/lang/NoSuchMethodError'{0x0000000713479cc0}: 'int java.lang.invoke.DelegatingMethodHandle$Holder.reinvoke_L(java.lang.Object, java.lang.Object, java.lang.Object, long, java.lang.Object, java.lang.Object)'> (0x0000000713479cc0) 
thrown [s\src\hotspot\share\interpreter\linkResolver.cpp, line 759]
Event: 1.143 Thread 0x000001d4e0805e10 Exception <a 'java/lang/NoSuchMethodError'{0x0000000713488878}: 'int java.lang.invoke.DelegatingMethodHandle$Holder.reinvoke_L(java.lang.Object, java.lang.Object, java.lang.Object, long, int, int)'> (0x0000000713488878) 
thrown [s\src\hotspot\share\interpreter\linkResolver.cpp, line 759]
Event: 1.144 Thread 0x000001d4e0805e10 Exception <a 'java/lang/NoSuchMethodError'{0x00000007134971d8}: 'int java.lang.invoke.DelegatingMethodHandle$Holder.reinvoke_L(java.lang.Object, java.lang.Object, java.lang.Object, long, long, long)'> (0x00000007134971d8) 
thrown [s\src\hotspot\share\interpreter\linkResolver.cpp, line 759]
Event: 1.146 Thread 0x000001d4e0805e10 Exception <a 'java/lang/NoSuchMethodError'{0x00000007134a5820}: 'int java.lang.invoke.DelegatingMethodHandle$Holder.reinvoke_L(java.lang.Object, java.lang.Object, java.lang.Object, long, int)'> (0x00000007134a5820) 
thrown [s\src\hotspot\share\interpreter\linkResolver.cpp, line 759]
Event: 1.148 Thread 0x000001d4e0805e10 Exception <a 'java/lang/NoSuchMethodError'{0x000000071350b4e8}: 'int java.lang.invoke.DirectMethodHandle$Holder.invokeSpecial(java.lang.Object, java.lang.Object, java.lang.Object)'> (0x000000071350b4e8) 
thrown [s\src\hotspot\share\interpreter\linkResolver.cpp, line 759]
Event: 1.148 Thread 0x000001d4e0805e10 Exception <a 'java/lang/NoSuchMethodError'{0x000000071350f320}: 'int java.lang.invoke.DirectMethodHandle$Holder.invokeSpecial(java.lang.Object, java.lang.Object, java.lang.Object, java.lang.Object)'> (0x000000071350f320) 
thrown [s\src\hotspot\share\interpreter\linkResolver.cpp, line 759]
Event: 1.150 Thread 0x000001d4e0805e10 Exception <a 'java/lang/NoSuchMethodError'{0x000000071351e2c0}: 'void java.lang.invoke.DelegatingMethodHandle$Holder.reinvoke_L(java.lang.Object, java.lang.Object, java.lang.Object, long, java.lang.Object, long, long)'> (0x000000071351e2c0) 
thrown [s\src\hotspot\share\interpreter\linkResolver.cpp, line 759]
Event: 1.151 Thread 0x000001d4e0805e10 Exception <a 'java/lang/NoSuchMethodError'{0x0000000713525560}: 'long java.lang.invoke.Invokers$Holder.invokeExact_MT(java.lang.Object, java.lang.Object, java.lang.Object)'> (0x0000000713525560) 
thrown [s\src\hotspot\share\interpreter\linkResolver.cpp, line 759]
Event: 1.152 Thread 0x000001d4e0805e10 Exception <a 'java/lang/NoSuchMethodError'{0x0000000713529a60}: 'int java.lang.invoke.Invokers$Holder.invokeExact_MT(java.lang.Object, java.lang.Object, java.lang.Object)'> (0x0000000713529a60) 
thrown [s\src\hotspot\share\interpreter\linkResolver.cpp, line 759]
Event: 1.184 Thread 0x000001d4e0805e10 Exception <a 'java/lang/NoSuchMethodError'{0x00000007132139d8}: 'int java.lang.invoke.DirectMethodHandle$Holder.invokeStaticInit(java.lang.Object, java.lang.Object, java.lang.Object)'> (0x00000007132139d8) 
thrown [s\src\hotspot\share\interpreter\linkResolver.cpp, line 759]
Event: 1.189 Thread 0x000001d4e0805e10 Exception <a 'java/lang/NoSuchMethodError'{0x0000000713243b68}: 'int java.lang.invoke.DirectMethodHandle$Holder.invokeStaticInit(java.lang.Object, java.lang.Object)'> (0x0000000713243b68) 
thrown [s\src\hotspot\share\interpreter\linkResolver.cpp, line 759]
Event: 1.211 Thread 0x000001d4e0805e10 Exception <a 'java/lang/NoSuchMethodError'{0x0000000713309478}: 'int java.lang.invoke.DirectMethodHandle$Holder.invokeStatic(java.lang.Object)'> (0x0000000713309478) 
thrown [s\src\hotspot\share\interpreter\linkResolver.cpp, line 759]
Event: 1.212 Thread 0x000001d4e0805e10 Exception <a 'java/lang/NoSuchMethodError'{0x000000071330cb20}: 'int java.lang.invoke.DirectMethodHandle$Holder.invokeStaticInit(java.lang.Object)'> (0x000000071330cb20) 
thrown [s\src\hotspot\share\interpreter\linkResolver.cpp, line 759]
Event: 1.227 Thread 0x000001d4e0805e10 Exception <a 'java/lang/NoSuchMethodError'{0x0000000713365d38}: 'void java.lang.invoke.DirectMethodHandle$Holder.invokeSpecial(java.lang.Object, java.lang.Object, java.lang.Object)'> (0x0000000713365d38) 
thrown [s\src\hotspot\share\interpreter\linkResolver.cpp, line 759]
Event: 1.329 Thread 0x000001d4e0805e10 Exception <a 'java/lang/NoSuchMethodError'{0x0000000712882068}: 'void java.lang.invoke.DirectMethodHandle$Holder.invokeStatic(java.lang.Object, java.lang.Object, java.lang.Object, java.lang.Object)'> (0x0000000712882068) 
thrown [s\src\hotspot\share\interpreter\linkResolver.cpp, line 759]
Event: 1.368 Thread 0x000001d4e0805e10 Exception <a 'java/lang/NoSuchMethodError'{0x00000007129edef8}: 'java.lang.Object java.lang.invoke.DirectMethodHandle$Holder.invokeInterface(java.lang.Object, java.lang.Object)'> (0x00000007129edef8) 
thrown [s\src\hotspot\share\interpreter\linkResolver.cpp, line 759]
Event: 1.409 Thread 0x000001d4e0805e10 Exception <a 'java/lang/NoSuchMethodError'{0x000000071246d5a8}: 'void java.lang.invoke.DirectMethodHandle$Holder.invokeStaticInit(java.lang.Object, java.lang.Object)'> (0x000000071246d5a8) 
thrown [s\src\hotspot\share\interpreter\linkResolver.cpp, line 759]
Event: 1.438 Thread 0x000001d4e0805e10 Exception <a 'java/lang/NoSuchMethodError'{0x0000000712267a60}: 'int java.lang.invoke.DirectMethodHandle$Holder.invokeVirtual(java.lang.Object, java.lang.Object, java.lang.Object)'> (0x0000000712267a60) 
thrown [s\src\hotspot\share\interpreter\linkResolver.cpp, line 759]
Event: 1.531 Thread 0x000001d4e0805e10 Exception <a 'java/lang/NoSuchMethodError'{0x00000007144f2a20}: 'void java.lang.invoke.DirectMethodHandle$Holder.invokeVirtual(java.lang.Object, java.lang.Object)'> (0x00000007144f2a20) 
thrown [s\src\hotspot\share\interpreter\linkResolver.cpp, line 759]
Event: 1.545 Thread 0x000001d4e0805e10 Exception <a 'java/lang/NoSuchMethodError'{0x0000000714574488}: 'java.lang.Object java.lang.invoke.Invokers$Holder.invoke_MT(java.lang.Object, java.lang.Object, java.lang.Object)'> (0x0000000714574488) 
thrown [s\src\hotspot\share\interpreter\linkResolver.cpp, line 759]

VM Operations (10 events):
Event: 0.152 Executing VM operation: HandshakeAllThreads
Event: 0.152 Executing VM operation: HandshakeAllThreads done
Event: 0.483 Executing VM operation: HandshakeAllThreads
Event: 0.483 Executing VM operation: HandshakeAllThreads done
Event: 0.603 Executing VM operation: HandshakeAllThreads
Event: 0.603 Executing VM operation: HandshakeAllThreads done
Event: 0.727 Executing VM operation: G1CollectForAllocation
Event: 0.732 Executing VM operation: G1CollectForAllocation done
Event: 1.479 Executing VM operation: G1CollectForAllocation
Event: 1.482 Executing VM operation: G1CollectForAllocation done

Memory protections (0 events):
No events

Nmethod flushes (0 events):
No events

Events (20 events):
Event: 0.060 Thread 0x000001d4e0805e10 Thread added: 0x000001d4e0805e10
Event: 0.063 Thread 0x000001d4e0805e10 Thread added: 0x000001d484101740
Event: 0.064 Thread 0x000001d4e0805e10 Thread added: 0x000001d4841035d0
Event: 0.089 Thread 0x000001d4e0805e10 Thread added: 0x000001d48411c610
Event: 0.089 Thread 0x000001d4e0805e10 Thread added: 0x000001d48411efe0
Event: 0.089 Thread 0x000001d4e0805e10 Thread added: 0x000001d48411f9a0
Event: 0.089 Thread 0x000001d4e0805e10 Thread added: 0x000001d484120360
Event: 0.089 Thread 0x000001d4e0805e10 Thread added: 0x000001d484121050
Event: 0.090 Thread 0x000001d4e0805e10 Thread added: 0x000001d4841882c0
Event: 0.090 Thread 0x000001d4e0805e10 Thread added: 0x000001d4841a37d0
Event: 0.110 Thread 0x000001d4841882c0 Thread added: 0x000001d484252650
Event: 0.110 Thread 0x000001d4841882c0 Thread added: 0x000001d484251bb0
Event: 0.112 Thread 0x000001d4e0805e10 Thread added: 0x000001d484284250
Event: 0.115 Thread 0x000001d4e0805e10 Thread added: 0x000001d4842887c0
Event: 0.139 Thread 0x000001d484121050 Thread added: 0x000001d484252100
Event: 0.508 Thread 0x000001d484252650 Thread added: 0x000001d484252ba0
Event: 0.760 Thread 0x000001d484252100 Thread exited: 0x000001d484252100
Event: 1.562 Thread 0x000001d4841882c0 Thread added: 0x000001d484251660
Event: 1.566 Thread 0x000001d484251660 Thread added: 0x000001d48424fbd0
Event: 1.571 Thread 0x000001d484251bb0 Thread added: 0x000001d484250120


Dynamic libraries:
0x00007ff6777b0000 - 0x00007ff6777be000 	C:\Program Files\Eclipse Adoptium\jdk-17.0.14.7-hotspot\bin\java.exe
0x00007ffdd3830000 - 0x00007ffdd3a47000 	C:\WINDOWS\SYSTEM32\ntdll.dll
0x00007ffdd2130000 - 0x00007ffdd21f4000 	C:\WINDOWS\System32\KERNEL32.DLL
0x00007ffdd0f20000 - 0x00007ffdd12f3000 	C:\WINDOWS\System32\KERNELBASE.dll
0x00007ffdd0cc0000 - 0x00007ffdd0dd1000 	C:\WINDOWS\System32\ucrtbase.dll
0x00007ffda5e10000 - 0x00007ffda5e2e000 	C:\Program Files\Eclipse Adoptium\jdk-17.0.14.7-hotspot\bin\VCRUNTIME140.dll
0x00007ffda6920000 - 0x00007ffda6937000 	C:\Program Files\Eclipse Adoptium\jdk-17.0.14.7-hotspot\bin\jli.dll
0x00007ffdd14d0000 - 0x00007ffdd1681000 	C:\WINDOWS\System32\USER32.dll
0x00007ffdd0bf0000 - 0x00007ffdd0c16000 	C:\WINDOWS\System32\win32u.dll
0x00007ffdd30f0000 - 0x00007ffdd3119000 	C:\WINDOWS\System32\GDI32.dll
0x00007ffdd1300000 - 0x00007ffdd141b000 	C:\WINDOWS\System32\gdi32full.dll
0x00007ffdd0c20000 - 0x00007ffdd0cba000 	C:\WINDOWS\System32\msvcp_win.dll
0x00007ffdb9720000 - 0x00007ffdb99b8000 	C:\WINDOWS\WinSxS\amd64_microsoft.windows.common-controls_6595b64144ccf1df_6.0.22621.5124_none_270e8f4f7386d69d\COMCTL32.dll
0x00007ffdd1a30000 - 0x00007ffdd1ad7000 	C:\WINDOWS\System32\msvcrt.dll
0x00007ffdd3300000 - 0x00007ffdd3331000 	C:\WINDOWS\System32\IMM32.DLL
0x00007ffdc8f90000 - 0x00007ffdc8f9c000 	C:\Program Files\Eclipse Adoptium\jdk-17.0.14.7-hotspot\bin\vcruntime140_1.dll
0x00007ffd6b180000 - 0x00007ffd6b20d000 	C:\Program Files\Eclipse Adoptium\jdk-17.0.14.7-hotspot\bin\msvcp140.dll
0x00007ffd310e0000 - 0x00007ffd31d4b000 	C:\Program Files\Eclipse Adoptium\jdk-17.0.14.7-hotspot\bin\server\jvm.dll
0x00007ffdd3530000 - 0x00007ffdd35e1000 	C:\WINDOWS\System32\ADVAPI32.dll
0x00007ffdd3340000 - 0x00007ffdd33e8000 	C:\WINDOWS\System32\sechost.dll
0x00007ffdd14a0000 - 0x00007ffdd14c8000 	C:\WINDOWS\System32\bcrypt.dll
0x00007ffdd26b0000 - 0x00007ffdd27c4000 	C:\WINDOWS\System32\RPCRT4.dll
0x00007ffdd3230000 - 0x00007ffdd32a1000 	C:\WINDOWS\System32\WS2_32.dll
0x00007ffdd0590000 - 0x00007ffdd05dd000 	C:\WINDOWS\SYSTEM32\POWRPROF.dll
0x00007ffdc95f0000 - 0x00007ffdc9624000 	C:\WINDOWS\SYSTEM32\WINMM.dll
0x00007ffdba3a0000 - 0x00007ffdba3aa000 	C:\WINDOWS\SYSTEM32\VERSION.dll
0x00007ffdd03c0000 - 0x00007ffdd03d3000 	C:\WINDOWS\SYSTEM32\UMPDC.dll
0x00007ffdcf970000 - 0x00007ffdcf988000 	C:\WINDOWS\SYSTEM32\kernel.appcore.dll
0x00007ffdc8f60000 - 0x00007ffdc8f6a000 	C:\Program Files\Eclipse Adoptium\jdk-17.0.14.7-hotspot\bin\jimage.dll
0x00007ffdce360000 - 0x00007ffdce592000 	C:\WINDOWS\SYSTEM32\DBGHELP.DLL
0x00007ffdd1690000 - 0x00007ffdd1a22000 	C:\WINDOWS\System32\combase.dll
0x00007ffdd25d0000 - 0x00007ffdd26a7000 	C:\WINDOWS\System32\OLEAUT32.dll
0x00007ffdb2650000 - 0x00007ffdb2682000 	C:\WINDOWS\SYSTEM32\dbgcore.DLL
0x00007ffdd1420000 - 0x00007ffdd149b000 	C:\WINDOWS\System32\bcryptPrimitives.dll
0x00007ffd9f640000 - 0x00007ffd9f665000 	C:\Program Files\Eclipse Adoptium\jdk-17.0.14.7-hotspot\bin\java.dll
0x00007ffd36fd0000 - 0x00007ffd370a7000 	C:\Program Files\Eclipse Adoptium\jdk-17.0.14.7-hotspot\bin\jsvml.dll
0x00007ffdd27d0000 - 0x00007ffdd3066000 	C:\WINDOWS\System32\SHELL32.dll
0x00007ffdd0de0000 - 0x00007ffdd0f1f000 	C:\WINDOWS\System32\wintypes.dll
0x00007ffdce860000 - 0x00007ffdcf17a000 	C:\WINDOWS\SYSTEM32\windows.storage.dll
0x00007ffdd1af0000 - 0x00007ffdd1bfa000 	C:\WINDOWS\System32\SHCORE.dll
0x00007ffdd31c0000 - 0x00007ffdd3223000 	C:\WINDOWS\System32\shlwapi.dll
0x00007ffdd0870000 - 0x00007ffdd089b000 	C:\WINDOWS\SYSTEM32\profapi.dll
0x00007ffd9fc00000 - 0x00007ffd9fc19000 	C:\Program Files\Eclipse Adoptium\jdk-17.0.14.7-hotspot\bin\net.dll
0x00007ffdcabd0000 - 0x00007ffdcacfc000 	C:\WINDOWS\SYSTEM32\WINHTTP.dll
0x00007ffdcfdf0000 - 0x00007ffdcfe5a000 	C:\WINDOWS\system32\mswsock.dll
0x00007ffd9f620000 - 0x00007ffd9f636000 	C:\Program Files\Eclipse Adoptium\jdk-17.0.14.7-hotspot\bin\nio.dll
0x00007ffd9f600000 - 0x00007ffd9f618000 	C:\Program Files\Eclipse Adoptium\jdk-17.0.14.7-hotspot\bin\zip.dll

dbghelp: loaded successfully - version: 4.0.5 - missing functions: none
symbol engine: initialized successfully - sym options: 0x614 - pdb path: .;C:\Program Files\Eclipse Adoptium\jdk-17.0.14.7-hotspot\bin;C:\WINDOWS\SYSTEM32;C:\WINDOWS\WinSxS\amd64_microsoft.windows.common-controls_6595b64144ccf1df_6.0.22621.5124_none_270e8f4f7386d69d;C:\Program Files\Eclipse Adoptium\jdk-17.0.14.7-hotspot\bin\server

VM Arguments:
java_command: org.jetbrains.kotlin.cli.jvm.K2JVMCompiler @D:\DA NEN TANG\MyNewApp - Copy\node_modules\react-native-screens\android\build\20250513_3587101814672554257.compiler.options
java_class_path (initial): C:\Users\tuan1\.gradle\caches\modules-2\files-2.1\org.jetbrains.kotlin\kotlin-compiler-embeddable\2.0.21\79346ed53db48b18312a472602eb5c057070c54d\kotlin-compiler-embeddable-2.0.21.jar;C:\Users\tuan1\.gradle\caches\modules-2\files-2.1\org.jetbrains.kotlin\kotlin-stdlib\2.0.21\618b539767b4899b4660a83006e052b63f1db551\kotlin-stdlib-2.0.21.jar;C:\Users\tuan1\.gradle\caches\modules-2\files-2.1\org.jetbrains.kotlin\kotlin-script-runtime\2.0.21\c9b044380ad41f89aa89aa896c2d32a8c0b2129d\kotlin-script-runtime-2.0.21.jar;C:\Users\tuan1\.gradle\caches\modules-2\files-2.1\org.jetbrains.kotlin\kotlin-reflect\1.6.10\1cbe9c92c12a94eea200d23c2bbaedaf3daf5132\kotlin-reflect-1.6.10.jar;C:\Users\tuan1\.gradle\caches\modules-2\files-2.1\org.jetbrains.kotlin\kotlin-daemon-embeddable\2.0.21\c9e933b23287de9b5a17e2116b4657bb91aea72c\kotlin-daemon-embeddable-2.0.21.jar;C:\Users\tuan1\.gradle\caches\modules-2\files-2.1\org.jetbrains.intellij.deps\trove4j\1.0.20200330\3afb14d5f9ceb459d724e907a21145e8ff394f02\trove4j-1.0.20200330.jar;C:\Users\tuan1\.gradle\caches\modules-2\files-2.1\org.jetbrains.kotlinx\kotlinx-coroutines-core-jvm\1.6.4\2c997cd1c0ef33f3e751d3831929aeff1390cb30\kotlinx-coroutines-core-jvm-1.6.4.jar;C:\Users\tuan1\.gradle\caches\modules-2\files-2.1\org.jetbrains\annotations\13.0\919f0dfe192fb4e063e7dacadee7f8bb9a2672a9\annotations-13.0.jar
Launcher Type: SUN_STANDARD

[Global flags]
     intx CICompilerCount                          = 12                                        {product} {ergonomic}
     uint ConcGCThreads                            = 3                                         {product} {ergonomic}
     uint G1ConcRefinementThreads                  = 13                                        {product} {ergonomic}
   size_t G1HeapRegionSize                         = 2097152                                   {product} {ergonomic}
    uintx GCDrainStackTargetSize                   = 64                                        {product} {ergonomic}
   size_t InitialHeapSize                          = 264241152                                 {product} {ergonomic}
   size_t MarkStackSize                            = 4194304                                   {product} {ergonomic}
   size_t MaxHeapSize                              = 4215275520                                {product} {ergonomic}
   size_t MaxNewSize                               = 2529165312                                {product} {ergonomic}
   size_t MinHeapDeltaBytes                        = 2097152                                   {product} {ergonomic}
   size_t MinHeapSize                              = 8388608                                   {product} {ergonomic}
    uintx NonNMethodCodeHeapSize                   = 7602480                                {pd product} {ergonomic}
    uintx NonProfiledCodeHeapSize                  = 122027880                              {pd product} {ergonomic}
    uintx ProfiledCodeHeapSize                     = 122027880                              {pd product} {ergonomic}
    uintx ReservedCodeCacheSize                    = 251658240                              {pd product} {ergonomic}
     bool SegmentedCodeCache                       = true                                      {product} {ergonomic}
   size_t SoftMaxHeapSize                          = 4215275520                             {manageable} {ergonomic}
     bool UseCompressedClassPointers               = true                           {product lp64_product} {ergonomic}
     bool UseCompressedOops                        = true                           {product lp64_product} {ergonomic}
     bool UseG1GC                                  = true                                      {product} {ergonomic}
     bool UseLargePagesIndividualAllocation        = false                                  {pd product} {ergonomic}

Logging:
Log output configuration:
 #0: stdout all=warning uptime,level,tags
 #1: stderr all=off uptime,level,tags

Environment Variables:
CLASSPATH=D:\DA NEN TANG\MyNewApp - Copy\android\\gradle\wrapper\gradle-wrapper.jar
PATH=D:\DA NEN TANG\MyNewApp - Copy\node_modules\.bin;D:\DA NEN TANG\MyNewApp - Copy\node_modules\.bin;D:\DA NEN TANG\node_modules\.bin;D:\node_modules\.bin;C:\Program Files\nodejs\node_modules\npm\node_modules\@npmcli\run-script\lib\node-gyp-bin;C:\Program Files\Eclipse Adoptium\jdk-17.0.14.7-hotspot\bin;C:\Program Files\Microsoft\jdk-11.0.16.101-hotspot\bin;C:\WINDOWS\system32;C:\WINDOWS;C:\WINDOWS\System32\Wbem;C:\WINDOWS\System32\WindowsPowerShell\v1.0\;C:\WINDOWS\System32\OpenSSH\;C:\msys64\mingw64\bin;C:\Program Files (x86)\Microsoft SQL Server\160\Tools\Binn\;C:\Program Files\Microsoft SQL Server\160\Tools\Binn\;C:\Program Files\Microsoft SQL Server\Client SDK\ODBC\170\Tools\Binn\;C:\Program Files\Microsoft SQL Server\160\DTS\Binn\;C:\Program Files\Git\cmd;C:\Program Files\dotnet\;C:\terraform_1.6.6_windows_amd64;C:\Program Files (x86)\Microsoft SQL Server\160\DTS\Binn\;C:\Program Files\Microsoft SQL Server\150\Tools\Binn\;D:\sqlite\sqlite-tools-win-x64-3460100;C:\Users\tuan1\AppData\Local\Programs\Python\Python313\python.exe;C:\Users\tuan1\AppData\Local\Programs\Python\Python313\Scripts\pip.exe;C:\Program Files\nodejs\;C:\ProgramData\chocolatey\bin;c:\Users\tuan1\.vscode\extensions\ms-python.python-2024.22.2-win32-x64\python_files\deactivate\powershell;D:\HOCMAY\.venv\Scripts;C:\Program Files\Microsoft\jdk-11.0.16.101-hotspot\bin;C:\WINDOWS\system32;C:\WINDOWS;C:\WINDOWS\System32\Wbem;C:\WINDOWS\System32\WindowsPowerShell\v1.0\;C:\WINDOWS\System32\OpenSSH\;C:\msys64\mingw64\bin;C:\Program Files (x86)\Microsoft SQL Server\160\Tools\Binn\;C:\Program Files\Microsoft SQL Server\160\Tools\Binn\;C:\Program Files\Microsoft SQL Server\Client SDK\ODBC\170\Tools\Binn\;C:\Program Files\Microsoft SQL Server\160\DTS\Binn\;C:\Program Files\Git\cmd;C:\Program Files\dotnet\;C:\terraform_1.6.6_windows_amd64;C:\Users\MR LUAN\AppData\Roaming\Python\Python312\site-packages\newspaper;C:\Users\MR LUAN\AppData\Local\Programs\Python\Python312\Scripts;C:\Users\MR LUAN\AppData\Roaming\Python\Python312\Scripts;C:\Program Files (x86)\Microsoft SQL Server\160\DTS\Binn\;C:\Program Files\Microsoft SQL Server\150\Tools\Binn\;D:\sqlite\sqlite-tools-win-x64-3460100;D:\Program Files\nodejs\;C:\Users\tuan1\AppData\Local\Programs\Python\Launcher\;C:\Users\tuan1\AppData\Local\Microsoft\WindowsApps;C:\Users\tuan1\AppData\Local\Programs\Microsoft VS Code\bin;C:\Users\tuan1\.dotnet\tools;C:\Users\tuan1\AppData\Local\Microsoft\WinGet\Links;C:\Users\tuan1\AppData\Roaming\npm;c:\Users\tuan1\.vscode\extensions\ms-python.python-2024.22.2-win32-x64\python_files\deactivate\powershell;D:\HOCMAY\.venv\Scripts;C:\Program Files\Microsoft\jdk-11.0.16.101-hotspot\bin;C:\WINDOWS\system32;C:\WINDOWS;C:\WINDOWS\System32\Wbem;C:\WINDOWS\System32\WindowsPowerShell\v1.0\;C:\WINDOWS\System32\OpenSSH\;C:\msys64\mingw64\bin;C:\Program Files (x86)\Microsoft SQL Server\160\Tools\Binn\;C:\Program Files\Microsoft SQL Server\160\Tools\Binn\;C:\Program Files\Microsoft SQL Server\Client SDK\ODBC\170\Tools\Binn\;C:\Program Files\Microsoft SQL Server\160\DTS\Binn\;C:\Program Files\Git\cmd;C:\Program Files\dotnet\;C:\terraform_1.6.6_windows_amd64;C:\Users\MR LUAN\AppData\Roaming\Python\Python312\site-packages\newspaper;C:\Users\MR LUAN\AppData\Local\Programs\Python\Python312\Scripts;C:\Users\MR LUAN\AppData\Roaming\Python\Python312\Scripts;C:\Program Files (x86)\Microsoft SQL Server\160\DTS\Binn\;C:\Program Files\Microsoft SQL Server\150\Tools\Binn\;D:\sqlite\sqlite-tools-win-x64-3460100;D:\Program Files\nodejs\;C:\Users\tuan1\AppData\Local\Programs\Python\Launcher\;C:\Users\tuan1\AppData\Local\Microsoft\WindowsApps;C:\Users\tuan1\AppData\Local\Programs\Microsoft VS Code\bin;C:\Users\tuan1\.dotnet\tools;C:\Users\tuan1\AppData\Local\Microsoft\WinGet\Links;C:\Users\tuan1\AppData\Roaming\npm;C:\Program Files\Microsoft\jdk-11.0.16.101-hotspot\bin;C:\WINDOWS\system32;C:\WINDOWS;C:\WINDOWS\System32\Wbem;C:\WINDOWS\System32\WindowsPowerShell\v1.0\;C:\WINDOWS\System32\OpenSSH\;C:\msys64\mingw64\bin;C:\Program Files (x86)\Microsoft SQL Server\160\Tools\Binn\;C:\Program Files\Microsoft SQL Server\160\Tools\Binn\;C:\Program Files\Microsoft SQL Server\Client SDK\ODBC\170\Tools\Binn\;C:\Program Files\Microsoft SQL Server\160\DTS\Binn\;C:\Program Files\Git\cmd;C:\Program Files\dotnet\;C:\terraform_1.6.6_windows_amd64;C:\Users\MR LUAN\AppData\Roaming\Python\Python312\site-packages\newspaper;C:\Users\MR LUAN\AppData\Local\Programs\Python\Python312\Scripts;C:\Users\MR LUAN\AppData\Roaming\Python\Python312\Scripts;C:\Program Files (x86)\Microsoft SQL Server\160\DTS\Binn\;C:\Program Files\Microsoft SQL Server\150\Tools\Binn\;D:\sqlite\sqlite-tools-win-x64-3460100;C:\Users\tuan1\AppData\Local\Programs\Python\Launcher\;C:\Users\tuan1\AppData\Local\Microsoft\WindowsApps;C:\Users\tuan1\AppData\Local\Programs\Microsoft VS Code\bin;C:\Users\tuan1\.dotnet\tools;C:\Users\tuan1\AppData\Local\Microsoft\WinGet\Links;C:\Users\tuan1\AppData\Local\Programs\Python\Python313;C:\Users\tuan1\AppData\Local\Programs\Python\Python313\Scripts
USERNAME=tuan1
LANG=en_US.UTF-8
OS=Windows_NT
PROCESSOR_IDENTIFIER=Intel64 Family 6 Model 154 Stepping 3, GenuineIntel
TMP=C:\Users\tuan1\AppData\Local\Temp
TEMP=C:\Users\tuan1\AppData\Local\Temp



Periodic native trim disabled


---------------  S Y S T E M  ---------------

OS:
 Windows 11 , 64 bit Build 22621 (10.0.22621.5124)
OS uptime: 0 days 3:34 hours

CPU: total 16 (initial active 16) (16 cores per cpu, 1 threads per core) family 6 model 154 stepping 3 microcode 0x41e, cx8, cmov, fxsr, mmx, 3dnowpref, sse, sse2, sse3, ssse3, sse4.1, sse4.2, popcnt, lzcnt, tsc, tscinvbit, avx, avx2, aes, erms, clmul, bmi1, bmi2, adx, sha, fma, vzeroupper, clflush, clflushopt, clwb
Processor Information for processor 0
  Max Mhz: 2500, Current Mhz: 2500, Mhz Limit: 2500
Processor Information for processor 1
  Max Mhz: 2500, Current Mhz: 2500, Mhz Limit: 2500
Processor Information for processor 2
  Max Mhz: 2500, Current Mhz: 2500, Mhz Limit: 2500
Processor Information for processor 3
  Max Mhz: 2500, Current Mhz: 2500, Mhz Limit: 2500
Processor Information for processor 4
  Max Mhz: 2500, Current Mhz: 2500, Mhz Limit: 2500
Processor Information for processor 5
  Max Mhz: 2500, Current Mhz: 2500, Mhz Limit: 2500
Processor Information for processor 6
  Max Mhz: 2500, Current Mhz: 1532, Mhz Limit: 2500
Processor Information for processor 7
  Max Mhz: 2500, Current Mhz: 2500, Mhz Limit: 2500
Processor Information for processor 8
  Max Mhz: 2500, Current Mhz: 1800, Mhz Limit: 1800
Processor Information for processor 9
  Max Mhz: 2500, Current Mhz: 1800, Mhz Limit: 1800
Processor Information for processor 10
  Max Mhz: 2500, Current Mhz: 1800, Mhz Limit: 1800
Processor Information for processor 11
  Max Mhz: 2500, Current Mhz: 1800, Mhz Limit: 1800
Processor Information for processor 12
  Max Mhz: 2500, Current Mhz: 1800, Mhz Limit: 1800
Processor Information for processor 13
  Max Mhz: 2500, Current Mhz: 1800, Mhz Limit: 1800
Processor Information for processor 14
  Max Mhz: 2500, Current Mhz: 1800, Mhz Limit: 1800
Processor Information for processor 15
  Max Mhz: 2500, Current Mhz: 1800, Mhz Limit: 1800

Memory: 4k page, system-wide physical 16077M (775M free)
TotalPageFile size 24269M (AvailPageFile size 4M)
current process WorkingSet (physical memory assigned to process): 131M, peak: 131M
current process commit charge ("private bytes"): 398M, peak: 399M

vm_info: OpenJDK 64-Bit Server VM (17.0.14+7) for windows-amd64 JRE (17.0.14+7), built on Jan 21 2025 23:40:15 by "admin" with MS VC++ 17.7 (VS2022)

END.
