#
# There is insufficient memory for the Java Runtime Environment to continue.
# Native memory allocation (mmap) failed to map 264241152 bytes. Error detail: G1 virtual space
# Possible reasons:
#   The system is out of physical RAM or swap space
#   This process is running with CompressedOops enabled, and the Java Heap may be blocking the growth of the native heap
# Possible solutions:
#   Reduce memory load on the system
#   Increase physical memory or swap space
#   Check if swap backing store is full
#   Decrease Java heap size (-Xmx/-Xms)
#   Decrease number of Java threads
#   Decrease Java thread stack sizes (-Xss)
#   Set larger code cache with -XX:ReservedCodeCacheSize=
#   JVM is running with Zero Based Compressed Oops mode in which the Java heap is
#     placed in the first 32GB address space. The Java Heap base address is the
#     maximum limit for the native heap growth. Please use -XX:HeapBaseMinAddress
#     to set the Java Heap base and to place the Java Heap above 32GB virtual address.
# This output file may be truncated or incomplete.
#
#  Out of Memory Error (os_windows.cpp:3618), pid=18548, tid=19168
#
# JRE version:  (17.0.14+7) (build )
# Java VM: OpenJDK 64-Bit Server VM (17.0.14+7, mixed mode, sharing, tiered, compressed oops, compressed class ptrs, g1 gc, windows-amd64)
# No core dump will be written. Minidumps are not enabled by default on client versions of Windows
#

---------------  S U M M A R Y ------------

Command Line: 

Host: 12th Gen Intel(R) Core(TM) i5-12500H, 16 cores, 15G,  Windows 11 , 64 bit Build 22621 (10.0.22621.5124)
Time: Tue May 13 17:14:02 2025 SE Asia Standard Time elapsed time: 0.012076 seconds (0d 0h 0m 0s)

---------------  T H R E A D  ---------------

Current thread (0x0000021d6b3a3cd0):  JavaThread "Unknown thread" [_thread_in_vm, id=19168, stack(0x000000e715400000,0x000000e715500000)]

Stack: [0x000000e715400000,0x000000e715500000]
Native frames: (J=compiled Java code, j=interpreted, Vv=VM code, C=native code)
V  [jvm.dll+0x682eb9]
V  [jvm.dll+0x8399c8]
V  [jvm.dll+0x83b473]
V  [jvm.dll+0x83bae3]
V  [jvm.dll+0x24715f]
V  [jvm.dll+0x67fc99]
V  [jvm.dll+0x674b8a]
V  [jvm.dll+0x304c06]
V  [jvm.dll+0x30c0c6]
V  [jvm.dll+0x35dc3e]
V  [jvm.dll+0x35de7d]
V  [jvm.dll+0x2dbfcc]
V  [jvm.dll+0x2dcee4]
V  [jvm.dll+0x80b8db]
V  [jvm.dll+0x36b671]
V  [jvm.dll+0x7ea2cf]
V  [jvm.dll+0x3f226f]
V  [jvm.dll+0x3f3da1]
C  [jli.dll+0x5278]
C  [ucrtbase.dll+0x29333]
C  [KERNEL32.DLL+0x1259d]
C  [ntdll.dll+0x5af38]


---------------  P R O C E S S  ---------------

Threads class SMR info:
_java_thread_list=0x00007ffd31c17f58, length=0, elements={
}

Java Threads: ( => current thread )

Other Threads:
  0x0000021d6b418960 GCTaskThread "GC Thread#0" [stack: 0x000000e715500000,0x000000e715600000] [id=17052]
  0x0000021d6b4293f0 ConcurrentGCThread "G1 Main Marker" [stack: 0x000000e715600000,0x000000e715700000] [id=16112]
  0x0000021d6b42ae20 ConcurrentGCThread "G1 Conc#0" [stack: 0x000000e715700000,0x000000e715800000] [id=15532]

[error occurred during error reporting (printing all threads), id 0xc0000005, EXCEPTION_ACCESS_VIOLATION (0xc0000005) at pc=0x00007ffd313ccaf7]

VM state: not at safepoint (not fully initialized)

VM Mutex/Monitor currently owned by a thread:  ([mutex/lock_event])
[0x0000021d6b39fc80] Heap_lock - owner thread: 0x0000021d6b3a3cd0

Heap address: 0x0000000704c00000, size: 4020 MB, Compressed Oops mode: Zero based, Oop shift amount: 3

CDS archive(s) mapped at: [0x0000000000000000-0x0000000000000000-0x0000000000000000), size 0, SharedBaseAddress: 0x0000000800000000, ArchiveRelocationMode: 1.
Narrow klass base: 0x0000000000000000, Narrow klass shift: 0, Narrow klass range: 0x0

GC Precious Log:
<Empty>

Heap:
 garbage-first heap   total 0K, used 0K [0x0000000704c00000, 0x0000000800000000)
  region size 2048K, 0 young (0K), 0 survivors (0K)

[error occurred during error reporting (printing heap information), id 0xc0000005, EXCEPTION_ACCESS_VIOLATION (0xc0000005) at pc=0x00007ffd317bc619]

GC Heap History (0 events):
No events

Dll operation events (1 events):
Event: 0.006 Loaded shared library C:\Program Files\Eclipse Adoptium\jdk-17.0.14.7-hotspot\bin\java.dll

Deoptimization events (0 events):
No events

Classes loaded (0 events):
No events

Classes unloaded (0 events):
No events

Classes redefined (0 events):
No events

Internal exceptions (0 events):
No events

VM Operations (0 events):
No events

Memory protections (0 events):
No events

Nmethod flushes (0 events):
No events

Events (0 events):
No events


Dynamic libraries:
0x00007ff6777b0000 - 0x00007ff6777be000 	C:\Program Files\Eclipse Adoptium\jdk-17.0.14.7-hotspot\bin\java.exe
0x00007ffdd3830000 - 0x00007ffdd3a47000 	C:\WINDOWS\SYSTEM32\ntdll.dll
0x00007ffdd2130000 - 0x00007ffdd21f4000 	C:\WINDOWS\System32\KERNEL32.DLL
0x00007ffdd0f20000 - 0x00007ffdd12f3000 	C:\WINDOWS\System32\KERNELBASE.dll
0x00007ffdd0cc0000 - 0x00007ffdd0dd1000 	C:\WINDOWS\System32\ucrtbase.dll
0x00007ffda6920000 - 0x00007ffda6937000 	C:\Program Files\Eclipse Adoptium\jdk-17.0.14.7-hotspot\bin\jli.dll
0x00007ffdd14d0000 - 0x00007ffdd1681000 	C:\WINDOWS\System32\USER32.dll
0x00007ffdd0bf0000 - 0x00007ffdd0c16000 	C:\WINDOWS\System32\win32u.dll
0x00007ffda5e10000 - 0x00007ffda5e2e000 	C:\Program Files\Eclipse Adoptium\jdk-17.0.14.7-hotspot\bin\VCRUNTIME140.dll
0x00007ffdb9720000 - 0x00007ffdb99b8000 	C:\WINDOWS\WinSxS\amd64_microsoft.windows.common-controls_6595b64144ccf1df_6.0.22621.5124_none_270e8f4f7386d69d\COMCTL32.dll
0x00007ffdd30f0000 - 0x00007ffdd3119000 	C:\WINDOWS\System32\GDI32.dll
0x00007ffdd1a30000 - 0x00007ffdd1ad7000 	C:\WINDOWS\System32\msvcrt.dll
0x00007ffdd1300000 - 0x00007ffdd141b000 	C:\WINDOWS\System32\gdi32full.dll
0x00007ffdd0c20000 - 0x00007ffdd0cba000 	C:\WINDOWS\System32\msvcp_win.dll
0x00007ffdd3300000 - 0x00007ffdd3331000 	C:\WINDOWS\System32\IMM32.DLL
0x00007ffdc8f90000 - 0x00007ffdc8f9c000 	C:\Program Files\Eclipse Adoptium\jdk-17.0.14.7-hotspot\bin\vcruntime140_1.dll
0x00007ffd6b180000 - 0x00007ffd6b20d000 	C:\Program Files\Eclipse Adoptium\jdk-17.0.14.7-hotspot\bin\msvcp140.dll
0x00007ffd310e0000 - 0x00007ffd31d4b000 	C:\Program Files\Eclipse Adoptium\jdk-17.0.14.7-hotspot\bin\server\jvm.dll
0x00007ffdd3530000 - 0x00007ffdd35e1000 	C:\WINDOWS\System32\ADVAPI32.dll
0x00007ffdd3340000 - 0x00007ffdd33e8000 	C:\WINDOWS\System32\sechost.dll
0x00007ffdd14a0000 - 0x00007ffdd14c8000 	C:\WINDOWS\System32\bcrypt.dll
0x00007ffdd26b0000 - 0x00007ffdd27c4000 	C:\WINDOWS\System32\RPCRT4.dll
0x00007ffdd3230000 - 0x00007ffdd32a1000 	C:\WINDOWS\System32\WS2_32.dll
0x00007ffdd0590000 - 0x00007ffdd05dd000 	C:\WINDOWS\SYSTEM32\POWRPROF.dll
0x00007ffdc95f0000 - 0x00007ffdc9624000 	C:\WINDOWS\SYSTEM32\WINMM.dll
0x00007ffdba3a0000 - 0x00007ffdba3aa000 	C:\WINDOWS\SYSTEM32\VERSION.dll
0x00007ffdd03c0000 - 0x00007ffdd03d3000 	C:\WINDOWS\SYSTEM32\UMPDC.dll
0x00007ffdcf970000 - 0x00007ffdcf988000 	C:\WINDOWS\SYSTEM32\kernel.appcore.dll
0x00007ffdc8f60000 - 0x00007ffdc8f6a000 	C:\Program Files\Eclipse Adoptium\jdk-17.0.14.7-hotspot\bin\jimage.dll
0x00007ffdce360000 - 0x00007ffdce592000 	C:\WINDOWS\SYSTEM32\DBGHELP.DLL
0x00007ffdd1690000 - 0x00007ffdd1a22000 	C:\WINDOWS\System32\combase.dll
0x00007ffdd25d0000 - 0x00007ffdd26a7000 	C:\WINDOWS\System32\OLEAUT32.dll
0x00007ffdb2650000 - 0x00007ffdb2682000 	C:\WINDOWS\SYSTEM32\dbgcore.DLL
0x00007ffdd1420000 - 0x00007ffdd149b000 	C:\WINDOWS\System32\bcryptPrimitives.dll
0x00007ffd9f640000 - 0x00007ffd9f665000 	C:\Program Files\Eclipse Adoptium\jdk-17.0.14.7-hotspot\bin\java.dll

dbghelp: loaded successfully - version: 4.0.5 - missing functions: none
symbol engine: initialized successfully - sym options: 0x614 - pdb path: .;C:\Program Files\Eclipse Adoptium\jdk-17.0.14.7-hotspot\bin;C:\WINDOWS\SYSTEM32;C:\WINDOWS\WinSxS\amd64_microsoft.windows.common-controls_6595b64144ccf1df_6.0.22621.5124_none_270e8f4f7386d69d;C:\Program Files\Eclipse Adoptium\jdk-17.0.14.7-hotspot\bin\server

VM Arguments:
java_command: <unknown>
java_class_path (initial): <not set>
Launcher Type: SUN_STANDARD

[Global flags]
     intx CICompilerCount                          = 12                                        {product} {ergonomic}
     uint ConcGCThreads                            = 3                                         {product} {ergonomic}
     uint G1ConcRefinementThreads                  = 13                                        {product} {ergonomic}
   size_t G1HeapRegionSize                         = 2097152                                   {product} {ergonomic}
    uintx GCDrainStackTargetSize                   = 64                                        {product} {ergonomic}
   size_t InitialHeapSize                          = 264241152                                 {product} {ergonomic}
   size_t MarkStackSize                            = 4194304                                   {product} {ergonomic}
   size_t MaxHeapSize                              = 4215275520                                {product} {ergonomic}
   size_t MinHeapDeltaBytes                        = 2097152                                   {product} {ergonomic}
   size_t MinHeapSize                              = 8388608                                   {product} {ergonomic}
    uintx NonNMethodCodeHeapSize                   = 7602480                                {pd product} {ergonomic}
    uintx NonProfiledCodeHeapSize                  = 122027880                              {pd product} {ergonomic}
    uintx ProfiledCodeHeapSize                     = 122027880                              {pd product} {ergonomic}
    uintx ReservedCodeCacheSize                    = 251658240                              {pd product} {ergonomic}
     bool SegmentedCodeCache                       = true                                      {product} {ergonomic}
   size_t SoftMaxHeapSize                          = 4215275520                             {manageable} {ergonomic}
     bool UseCompressedClassPointers               = true                           {product lp64_product} {ergonomic}
     bool UseCompressedOops                        = true                           {product lp64_product} {ergonomic}
     bool UseG1GC                                  = true                                      {product} {ergonomic}
     bool UseLargePagesIndividualAllocation        = false                                  {pd product} {ergonomic}

Logging:
Log output configuration:
 #0: stdout all=warning uptime,level,tags
 #1: stderr all=off uptime,level,tags

Environment Variables:
PATH=D:\DA NEN TANG\MyNewApp - Copy\node_modules\.bin;D:\DA NEN TANG\MyNewApp - Copy\node_modules\.bin;D:\DA NEN TANG\node_modules\.bin;D:\node_modules\.bin;C:\Program Files\nodejs\node_modules\npm\node_modules\@npmcli\run-script\lib\node-gyp-bin;C:\Program Files\Eclipse Adoptium\jdk-17.0.14.7-hotspot\bin;C:\Program Files\Microsoft\jdk-11.0.16.101-hotspot\bin;C:\WINDOWS\system32;C:\WINDOWS;C:\WINDOWS\System32\Wbem;C:\WINDOWS\System32\WindowsPowerShell\v1.0\;C:\WINDOWS\System32\OpenSSH\;C:\msys64\mingw64\bin;C:\Program Files (x86)\Microsoft SQL Server\160\Tools\Binn\;C:\Program Files\Microsoft SQL Server\160\Tools\Binn\;C:\Program Files\Microsoft SQL Server\Client SDK\ODBC\170\Tools\Binn\;C:\Program Files\Microsoft SQL Server\160\DTS\Binn\;C:\Program Files\Git\cmd;C:\Program Files\dotnet\;C:\terraform_1.6.6_windows_amd64;C:\Program Files (x86)\Microsoft SQL Server\160\DTS\Binn\;C:\Program Files\Microsoft SQL Server\150\Tools\Binn\;D:\sqlite\sqlite-tools-win-x64-3460100;C:\Users\tuan1\AppData\Local\Programs\Python\Python313\python.exe;C:\Users\tuan1\AppData\Local\Programs\Python\Python313\Scripts\pip.exe;C:\Program Files\nodejs\;C:\ProgramData\chocolatey\bin;c:\Users\tuan1\.vscode\extensions\ms-python.python-2024.22.2-win32-x64\python_files\deactivate\powershell;D:\HOCMAY\.venv\Scripts;C:\Program Files\Microsoft\jdk-11.0.16.101-hotspot\bin;C:\WINDOWS\system32;C:\WINDOWS;C:\WINDOWS\System32\Wbem;C:\WINDOWS\System32\WindowsPowerShell\v1.0\;C:\WINDOWS\System32\OpenSSH\;C:\msys64\mingw64\bin;C:\Program Files (x86)\Microsoft SQL Server\160\Tools\Binn\;C:\Program Files\Microsoft SQL Server\160\Tools\Binn\;C:\Program Files\Microsoft SQL Server\Client SDK\ODBC\170\Tools\Binn\;C:\Program Files\Microsoft SQL Server\160\DTS\Binn\;C:\Program Files\Git\cmd;C:\Program Files\dotnet\;C:\terraform_1.6.6_windows_amd64;C:\Users\MR LUAN\AppData\Roaming\Python\Python312\site-packages\newspaper;C:\Users\MR LUAN\AppData\Local\Programs\Python\Python312\Scripts;C:\Users\MR LUAN\AppData\Roaming\Python\Python312\Scripts;C:\Program Files (x86)\Microsoft SQL Server\160\DTS\Binn\;C:\Program Files\Microsoft SQL Server\150\Tools\Binn\;D:\sqlite\sqlite-tools-win-x64-3460100;D:\Program Files\nodejs\;C:\Users\tuan1\AppData\Local\Programs\Python\Launcher\;C:\Users\tuan1\AppData\Local\Microsoft\WindowsApps;C:\Users\tuan1\AppData\Local\Programs\Microsoft VS Code\bin;C:\Users\tuan1\.dotnet\tools;C:\Users\tuan1\AppData\Local\Microsoft\WinGet\Links;C:\Users\tuan1\AppData\Roaming\npm;c:\Users\tuan1\.vscode\extensions\ms-python.python-2024.22.2-win32-x64\python_files\deactivate\powershell;D:\HOCMAY\.venv\Scripts;C:\Program Files\Microsoft\jdk-11.0.16.101-hotspot\bin;C:\WINDOWS\system32;C:\WINDOWS;C:\WINDOWS\System32\Wbem;C:\WINDOWS\System32\WindowsPowerShell\v1.0\;C:\WINDOWS\System32\OpenSSH\;C:\msys64\mingw64\bin;C:\Program Files (x86)\Microsoft SQL Server\160\Tools\Binn\;C:\Program Files\Microsoft SQL Server\160\Tools\Binn\;C:\Program Files\Microsoft SQL Server\Client SDK\ODBC\170\Tools\Binn\;C:\Program Files\Microsoft SQL Server\160\DTS\Binn\;C:\Program Files\Git\cmd;C:\Program Files\dotnet\;C:\terraform_1.6.6_windows_amd64;C:\Users\MR LUAN\AppData\Roaming\Python\Python312\site-packages\newspaper;C:\Users\MR LUAN\AppData\Local\Programs\Python\Python312\Scripts;C:\Users\MR LUAN\AppData\Roaming\Python\Python312\Scripts;C:\Program Files (x86)\Microsoft SQL Server\160\DTS\Binn\;C:\Program Files\Microsoft SQL Server\150\Tools\Binn\;D:\sqlite\sqlite-tools-win-x64-3460100;D:\Program Files\nodejs\;C:\Users\tuan1\AppData\Local\Programs\Python\Launcher\;C:\Users\tuan1\AppData\Local\Microsoft\WindowsApps;C:\Users\tuan1\AppData\Local\Programs\Microsoft VS Code\bin;C:\Users\tuan1\.dotnet\tools;C:\Users\tuan1\AppData\Local\Microsoft\WinGet\Links;C:\Users\tuan1\AppData\Roaming\npm;C:\Program Files\Microsoft\jdk-11.0.16.101-hotspot\bin;C:\WINDOWS\system32;C:\WINDOWS;C:\WINDOWS\System32\Wbem;C:\WINDOWS\System32\WindowsPowerShell\v1.0\;C:\WINDOWS\System32\OpenSSH\;C:\msys64\mingw64\bin;C:\Program Files (x86)\Microsoft SQL Server\160\Tools\Binn\;C:\Program Files\Microsoft SQL Server\160\Tools\Binn\;C:\Program Files\Microsoft SQL Server\Client SDK\ODBC\170\Tools\Binn\;C:\Program Files\Microsoft SQL Server\160\DTS\Binn\;C:\Program Files\Git\cmd;C:\Program Files\dotnet\;C:\terraform_1.6.6_windows_amd64;C:\Users\MR LUAN\AppData\Roaming\Python\Python312\site-packages\newspaper;C:\Users\MR LUAN\AppData\Local\Programs\Python\Python312\Scripts;C:\Users\MR LUAN\AppData\Roaming\Python\Python312\Scripts;C:\Program Files (x86)\Microsoft SQL Server\160\DTS\Binn\;C:\Program Files\Microsoft SQL Server\150\Tools\Binn\;D:\sqlite\sqlite-tools-win-x64-3460100;C:\Users\tuan1\AppData\Local\Programs\Python\Launcher\;C:\Users\tuan1\AppData\Local\Microsoft\WindowsApps;C:\Users\tuan1\AppData\Local\Programs\Microsoft VS Code\bin;C:\Users\tuan1\.dotnet\tools;C:\Users\tuan1\AppData\Local\Microsoft\WinGet\Links;C:\Users\tuan1\AppData\Local\Programs\Python\Python313;C:\Users\tuan1\AppData\Local\Programs\Python\Python313\Scripts
USERNAME=tuan1
LANG=en_US.UTF-8
OS=Windows_NT
PROCESSOR_IDENTIFIER=Intel64 Family 6 Model 154 Stepping 3, GenuineIntel
TMP=C:\Users\tuan1\AppData\Local\Temp
TEMP=C:\Users\tuan1\AppData\Local\Temp



Periodic native trim disabled


---------------  S Y S T E M  ---------------

OS:
 Windows 11 , 64 bit Build 22621 (10.0.22621.5124)
OS uptime: 0 days 2:56 hours

CPU: total 16 (initial active 16) (8 cores per cpu, 2 threads per core) family 6 model 154 stepping 3 microcode 0x41e, cx8, cmov, fxsr, ht, mmx, 3dnowpref, sse, sse2, sse3, ssse3, sse4.1, sse4.2, popcnt, lzcnt, tsc, tscinvbit, avx, avx2, aes, erms, clmul, bmi1, bmi2, adx, sha, fma, vzeroupper, clflush, clflushopt, clwb
Processor Information for processor 0
  Max Mhz: 2500, Current Mhz: 2500, Mhz Limit: 2500
Processor Information for processor 1
  Max Mhz: 2500, Current Mhz: 2500, Mhz Limit: 2500
Processor Information for processor 2
  Max Mhz: 2500, Current Mhz: 2500, Mhz Limit: 2500
Processor Information for processor 3
  Max Mhz: 2500, Current Mhz: 2500, Mhz Limit: 2500
Processor Information for processor 4
  Max Mhz: 2500, Current Mhz: 2500, Mhz Limit: 2500
Processor Information for processor 5
  Max Mhz: 2500, Current Mhz: 1532, Mhz Limit: 2500
Processor Information for processor 6
  Max Mhz: 2500, Current Mhz: 2500, Mhz Limit: 2500
Processor Information for processor 7
  Max Mhz: 2500, Current Mhz: 2500, Mhz Limit: 2500
Processor Information for processor 8
  Max Mhz: 2500, Current Mhz: 1800, Mhz Limit: 1800
Processor Information for processor 9
  Max Mhz: 2500, Current Mhz: 1500, Mhz Limit: 1800
Processor Information for processor 10
  Max Mhz: 2500, Current Mhz: 1500, Mhz Limit: 1800
Processor Information for processor 11
  Max Mhz: 2500, Current Mhz: 1800, Mhz Limit: 1800
Processor Information for processor 12
  Max Mhz: 2500, Current Mhz: 1500, Mhz Limit: 1800
Processor Information for processor 13
  Max Mhz: 2500, Current Mhz: 1800, Mhz Limit: 1800
Processor Information for processor 14
  Max Mhz: 2500, Current Mhz: 1500, Mhz Limit: 1800
Processor Information for processor 15
  Max Mhz: 2500, Current Mhz: 1500, Mhz Limit: 1800

Memory: 4k page, system-wide physical 16077M (855M free)
TotalPageFile size 24268M (AvailPageFile size 246M)
current process WorkingSet (physical memory assigned to process): 11M, peak: 11M
current process commit charge ("private bytes"): 71M, peak: 323M

vm_info: OpenJDK 64-Bit Server VM (17.0.14+7) for windows-amd64 JRE (17.0.14+7), built on Jan 21 2025 23:40:15 by "admin" with MS VC++ 17.7 (VS2022)

END.
