#
# A fatal error has been detected by the Java Runtime Environment:
#
#  EXCEPTION_ACCESS_VIOLATION (0xc0000005) at pc=0x00007ffdc8f61b91, pid=20212, tid=19388
#
# JRE version:  (17.0.14+7) (build )
# Java VM: OpenJDK 64-Bit Server VM (17.0.14+7, mixed mode, sharing, tiered, unknown gc, windows-amd64)
# Problematic frame:
# C  [jimage.dll+0x1b91]
#
# No core dump will be written. Minidumps are not enabled by default on client versions of Windows
#
#

---------------  S U M M A R Y ------------

Command Line: 

Host: 12th Gen Intel(R) Core(TM) i5-12500H, 16 cores, 15G,  Windows 11 , 64 bit Build 22621 (10.0.22621.5124)
Time: Tue May 13 17:52:12 2025 SE Asia Standard Time elapsed time: 0.024225 seconds (0d 0h 0m 0s)

---------------  T H R E A D  ---------------

Current thread is native thread

Stack: [0x0000001e76500000,0x0000001e76600000],  sp=0x0000001e765fdae0,  free space=1014k
Native frames: (J=compiled Java code, j=interpreted, Vv=VM code, C=native code)
C  [jimage.dll+0x1b91]
C  [jimage.dll+0x1d1b]
C  [jimage.dll+0x25dd]
V  [jvm.dll+0x1f05d5]
V  [jvm.dll+0xb15ce]
V  [jvm.dll+0x7e9dbc]
V  [jvm.dll+0x3f226f]
V  [jvm.dll+0x3f3da1]
C  [jli.dll+0x5278]
C  [ucrtbase.dll+0x29333]
C  [KERNEL32.DLL+0x1259d]
C  [ntdll.dll+0x5af38]


siginfo: EXCEPTION_ACCESS_VIOLATION (0xc0000005), reading address 0x00000000000146fc


Registers:
RAX=0x00000000000007e4, RBX=0x0000001e765fdbd1, RCX=0x00007ffdc8f66000, RDX=0x00000000000051b8
RSP=0x0000001e765fdae0, RBP=0x0000001e765fdbd0, RSI=0x0000000000007359, RDI=0x0000001e765fdbd0
R8 =0x00007ffdc8f64298, R9 =0x000000000000001c, R10=0x00007ffda5e10000, R11=0x00007ffdc8f66000
R12=0x0000000000000001, R13=0x000002084fb0e600, R14=0x0000001e765fec40, R15=0x00007ffd31a1ccf8
RIP=0x00007ffdc8f61b91, EFLAGS=0x0000000000010247


Top of Stack: (sp=0x0000001e765fdae0)
0x0000001e765fdae0:   006f0068002d0037 006f007000730074
0x0000001e765fdaf0:   00690062005c0074 00650073005c006e
0x0000001e765fdb00:   000002084fb429d0 00007ffdc8f61d1b
0x0000001e765fdb10:   000000000000000b 000002084fb429d0
0x0000001e765fdb20:   0000000000000000 0000000000000000
0x0000001e765fdb30:   0000000000000000 0000000000000000
0x0000001e765fdb40:   0000000000000000 0000000000000000
0x0000001e765fdb50:   0000000000000000 0000000000000000
0x0000001e765fdb60:   0000000000000000 0000000000000000
0x0000001e765fdb70:   000044576369d6cd 0000000000000000
0x0000001e765fdb80:   00007ffd319fb830 0000000000000017
0x0000001e765fdb90:   000002084fb429d0 0000001e765fec40
0x0000001e765fdba0:   000000000000000b 00007ffdc8f625dd
0x0000001e765fdbb0:   0000000000000000 0000000000000000
0x0000001e765fdbc0:   0000000000000000 0000000000000000
0x0000001e765fdbd0:   61622e6176616a2f 692f6b646a2f6573
0x0000001e765fdbe0:   2f6c616e7265746e 6f6974706f2f6d76
0x0000001e765fdbf0:   000000000000736e 0000000000000000
0x0000001e765fdc00:   0000000000000000 0000000000000000
0x0000001e765fdc10:   0000000000000000 0000000000000000
0x0000001e765fdc20:   0000000000000000 0000000000000000
0x0000001e765fdc30:   0000000000000000 0000000000000000
0x0000001e765fdc40:   0000000000000000 0000000000000000
0x0000001e765fdc50:   0000000000000000 0000000000000000
0x0000001e765fdc60:   0000000000000000 0000000000000000
0x0000001e765fdc70:   0000000000000000 0000000000000000
0x0000001e765fdc80:   0000000000000000 0000000000000000
0x0000001e765fdc90:   0000000000000000 0000000000000000
0x0000001e765fdca0:   0000000000000000 0000000000000000
0x0000001e765fdcb0:   0000000000000000 0000000000000000
0x0000001e765fdcc0:   0000000000000000 0000000000000000
0x0000001e765fdcd0:   0000000000000000 00000000c60000c6 

Instructions: (pc=0x00007ffdc8f61b91)
0x00007ffdc8f61a91:   48 85 c9 74 1d 80 3d 73 45 00 00 00 74 06 48 8b
0x00007ffdc8f61aa1:   53 18 eb 04 48 8b 53 40 e8 8a 0e 00 00 48 83 63
0x00007ffdc8f61ab1:   48 00 8b 4b 0c 83 f9 ff 74 09 e8 c0 0c 00 00 83
0x00007ffdc8f61ac1:   4b 0c ff 48 8b 4b 70 48 85 c9 74 0f ba 10 00 00
0x00007ffdc8f61ad1:   00 e8 d9 0e 00 00 48 83 63 70 00 48 83 c4 20 5b
0x00007ffdc8f61ae1:   c3 cc cc 40 53 48 83 ec 20 48 8b d9 48 8d 0d 2c
0x00007ffdc8f61af1:   47 00 00 e8 8f 0c 00 00 83 6b 08 01 75 24 48 8b
0x00007ffdc8f61b01:   d3 48 8d 0d 0f 45 00 00 e8 1a 08 00 00 48 8b cb
0x00007ffdc8f61b11:   e8 d6 fe ff ff ba 78 00 00 00 48 8b cb e8 8d 0e
0x00007ffdc8f61b21:   00 00 48 8d 0d f6 46 00 00 48 83 c4 20 5b e9 5c
0x00007ffdc8f61b31:   0c 00 00 48 89 5c 24 08 48 89 74 24 10 57 48 83
0x00007ffdc8f61b41:   ec 20 41 8b f1 4d 8b c8 48 8b fa 4c 8b d9 4d 85
0x00007ffdc8f61b51:   c0 74 73 85 f6 74 6f 44 8a 12 48 8d 5a 01 48 8b
0x00007ffdc8f61b61:   d3 b8 93 01 00 01 eb 12 69 c0 93 01 00 01 41 0f
0x00007ffdc8f61b71:   b6 ca 44 8a 12 33 c1 48 ff c2 45 84 d2 75 e9 4d
0x00007ffdc8f61b81:   8b 03 33 d2 0f ba f0 1f 49 8b cb f7 f6 48 63 d2
0x00007ffdc8f61b91:   41 8b 14 91 41 ff 50 08 85 c0 7e 24 8a 0f eb 10
0x00007ffdc8f61ba1:   69 c0 93 01 00 01 0f b6 c9 33 c1 8a 0b 48 ff c3
0x00007ffdc8f61bb1:   84 c9 75 ec 0f ba f0 1f 33 d2 f7 f6 8b c2 eb 09
0x00007ffdc8f61bc1:   79 04 f7 d0 eb 03 83 c8 ff 48 8b 5c 24 30 48 8b
0x00007ffdc8f61bd1:   74 24 38 48 83 c4 20 5f c3 cc cc 48 89 5c 24 08
0x00007ffdc8f61be1:   48 89 74 24 10 57 48 83 ec 20 48 8b f1 48 8d 0d
0x00007ffdc8f61bf1:   2b 46 00 00 e8 8e 0b 00 00 33 ff 39 3d 16 44 00
0x00007ffdc8f61c01:   00 76 24 48 8b 05 15 44 00 00 48 8b d6 48 8b 1c
0x00007ffdc8f61c11:   f8 48 8b 0b e8 60 1e 00 00 85 c0 74 2b ff c7 3b
0x00007ffdc8f61c21:   3d f2 43 00 00 72 dc 33 db 48 8d 0d ef 45 00 00
0x00007ffdc8f61c31:   e8 5a 0b 00 00 48 8b 74 24 38 48 8b c3 48 8b 5c
0x00007ffdc8f61c41:   24 30 48 83 c4 20 5f c3 ff 43 08 eb dc cc cc 48
0x00007ffdc8f61c51:   89 5c 24 08 48 89 74 24 10 57 48 83 ec 20 48 8b
0x00007ffdc8f61c61:   d9 48 8b f2 48 8b 49 10 49 8b f8 8b 53 30 48 8b
0x00007ffdc8f61c71:   01 ff 50 20 4c 8b 43 50 48 8b d6 48 8b 4b 10 44
0x00007ffdc8f61c81:   8b c8 e8 ac fe ff ff 83 f8 ff 74 38 48 8b 4b 10 



---------------  P R O C E S S  ---------------

VM state: not at safepoint (not fully initialized)

VM Mutex/Monitor currently owned by a thread: None

GC Precious Log:
<Not initialized>


Dynamic libraries:
0x00007ff6777b0000 - 0x00007ff6777be000 	C:\Program Files\Eclipse Adoptium\jdk-17.0.14.7-hotspot\bin\java.exe
0x00007ffdd3830000 - 0x00007ffdd3a47000 	C:\WINDOWS\SYSTEM32\ntdll.dll
0x00007ffdd2130000 - 0x00007ffdd21f4000 	C:\WINDOWS\System32\KERNEL32.DLL
0x00007ffdd0f20000 - 0x00007ffdd12f3000 	C:\WINDOWS\System32\KERNELBASE.dll
0x00007ffdd0cc0000 - 0x00007ffdd0dd1000 	C:\WINDOWS\System32\ucrtbase.dll
0x00007ffda6920000 - 0x00007ffda6937000 	C:\Program Files\Eclipse Adoptium\jdk-17.0.14.7-hotspot\bin\jli.dll
0x00007ffdd14d0000 - 0x00007ffdd1681000 	C:\WINDOWS\System32\USER32.dll
0x00007ffdd0bf0000 - 0x00007ffdd0c16000 	C:\WINDOWS\System32\win32u.dll
0x00007ffdd30f0000 - 0x00007ffdd3119000 	C:\WINDOWS\System32\GDI32.dll
0x00007ffdd1300000 - 0x00007ffdd141b000 	C:\WINDOWS\System32\gdi32full.dll
0x00007ffdd0c20000 - 0x00007ffdd0cba000 	C:\WINDOWS\System32\msvcp_win.dll
0x00007ffda5e10000 - 0x00007ffda5e2e000 	C:\Program Files\Eclipse Adoptium\jdk-17.0.14.7-hotspot\bin\VCRUNTIME140.dll
0x00007ffdb9720000 - 0x00007ffdb99b8000 	C:\WINDOWS\WinSxS\amd64_microsoft.windows.common-controls_6595b64144ccf1df_6.0.22621.5124_none_270e8f4f7386d69d\COMCTL32.dll
0x00007ffdd1a30000 - 0x00007ffdd1ad7000 	C:\WINDOWS\System32\msvcrt.dll
0x00007ffdd3300000 - 0x00007ffdd3331000 	C:\WINDOWS\System32\IMM32.DLL
0x00007ffdc8f90000 - 0x00007ffdc8f9c000 	C:\Program Files\Eclipse Adoptium\jdk-17.0.14.7-hotspot\bin\vcruntime140_1.dll
0x00007ffd6b180000 - 0x00007ffd6b20d000 	C:\Program Files\Eclipse Adoptium\jdk-17.0.14.7-hotspot\bin\msvcp140.dll
0x00007ffd310e0000 - 0x00007ffd31d4b000 	C:\Program Files\Eclipse Adoptium\jdk-17.0.14.7-hotspot\bin\server\jvm.dll
0x00007ffdd3530000 - 0x00007ffdd35e1000 	C:\WINDOWS\System32\ADVAPI32.dll
0x00007ffdd3340000 - 0x00007ffdd33e8000 	C:\WINDOWS\System32\sechost.dll
0x00007ffdd14a0000 - 0x00007ffdd14c8000 	C:\WINDOWS\System32\bcrypt.dll
0x00007ffdd26b0000 - 0x00007ffdd27c4000 	C:\WINDOWS\System32\RPCRT4.dll
0x00007ffdd3230000 - 0x00007ffdd32a1000 	C:\WINDOWS\System32\WS2_32.dll
0x00007ffdd0590000 - 0x00007ffdd05dd000 	C:\WINDOWS\SYSTEM32\POWRPROF.dll
0x00007ffdc95f0000 - 0x00007ffdc9624000 	C:\WINDOWS\SYSTEM32\WINMM.dll
0x00007ffdba3a0000 - 0x00007ffdba3aa000 	C:\WINDOWS\SYSTEM32\VERSION.dll
0x00007ffdd03c0000 - 0x00007ffdd03d3000 	C:\WINDOWS\SYSTEM32\UMPDC.dll
0x00007ffdcf970000 - 0x00007ffdcf988000 	C:\WINDOWS\SYSTEM32\kernel.appcore.dll
0x00007ffdc8f60000 - 0x00007ffdc8f6a000 	C:\Program Files\Eclipse Adoptium\jdk-17.0.14.7-hotspot\bin\jimage.dll
0x00007ffdce360000 - 0x00007ffdce592000 	C:\WINDOWS\SYSTEM32\DBGHELP.DLL
0x00007ffdd1690000 - 0x00007ffdd1a22000 	C:\WINDOWS\System32\combase.dll
0x00007ffdd25d0000 - 0x00007ffdd26a7000 	C:\WINDOWS\System32\OLEAUT32.dll
0x00007ffdb2650000 - 0x00007ffdb2682000 	C:\WINDOWS\SYSTEM32\dbgcore.DLL
0x00007ffdd1420000 - 0x00007ffdd149b000 	C:\WINDOWS\System32\bcryptPrimitives.dll

dbghelp: loaded successfully - version: 4.0.5 - missing functions: none
symbol engine: initialized successfully - sym options: 0x614 - pdb path: .;C:\Program Files\Eclipse Adoptium\jdk-17.0.14.7-hotspot\bin;C:\WINDOWS\SYSTEM32;C:\WINDOWS\WinSxS\amd64_microsoft.windows.common-controls_6595b64144ccf1df_6.0.22621.5124_none_270e8f4f7386d69d;C:\Program Files\Eclipse Adoptium\jdk-17.0.14.7-hotspot\bin\server

VM Arguments:
java_command: <unknown>
java_class_path (initial): <not set>
Launcher Type: SUN_STANDARD

[Global flags]
     bool UseLargePagesIndividualAllocation        = false                                  {pd product} {ergonomic}

Logging:
Log output configuration:
 #0: stdout all=warning uptime,level,tags
 #1: stderr all=off uptime,level,tags

Environment Variables:
CLASSPATH=D:\DA NEN TANG\MyNewApp - Copy\android\\gradle\wrapper\gradle-wrapper.jar
PATH=D:\DA NEN TANG\MyNewApp - Copy\node_modules\.bin;D:\DA NEN TANG\MyNewApp - Copy\node_modules\.bin;D:\DA NEN TANG\node_modules\.bin;D:\node_modules\.bin;C:\Program Files\nodejs\node_modules\npm\node_modules\@npmcli\run-script\lib\node-gyp-bin;C:\Program Files\Eclipse Adoptium\jdk-17.0.14.7-hotspot\bin;C:\Program Files\Microsoft\jdk-11.0.16.101-hotspot\bin;C:\WINDOWS\system32;C:\WINDOWS;C:\WINDOWS\System32\Wbem;C:\WINDOWS\System32\WindowsPowerShell\v1.0\;C:\WINDOWS\System32\OpenSSH\;C:\msys64\mingw64\bin;C:\Program Files (x86)\Microsoft SQL Server\160\Tools\Binn\;C:\Program Files\Microsoft SQL Server\160\Tools\Binn\;C:\Program Files\Microsoft SQL Server\Client SDK\ODBC\170\Tools\Binn\;C:\Program Files\Microsoft SQL Server\160\DTS\Binn\;C:\Program Files\Git\cmd;C:\Program Files\dotnet\;C:\terraform_1.6.6_windows_amd64;C:\Program Files (x86)\Microsoft SQL Server\160\DTS\Binn\;C:\Program Files\Microsoft SQL Server\150\Tools\Binn\;D:\sqlite\sqlite-tools-win-x64-3460100;C:\Users\tuan1\AppData\Local\Programs\Python\Python313\python.exe;C:\Users\tuan1\AppData\Local\Programs\Python\Python313\Scripts\pip.exe;C:\Program Files\nodejs\;C:\ProgramData\chocolatey\bin;c:\Users\tuan1\.vscode\extensions\ms-python.python-2024.22.2-win32-x64\python_files\deactivate\powershell;D:\HOCMAY\.venv\Scripts;C:\Program Files\Microsoft\jdk-11.0.16.101-hotspot\bin;C:\WINDOWS\system32;C:\WINDOWS;C:\WINDOWS\System32\Wbem;C:\WINDOWS\System32\WindowsPowerShell\v1.0\;C:\WINDOWS\System32\OpenSSH\;C:\msys64\mingw64\bin;C:\Program Files (x86)\Microsoft SQL Server\160\Tools\Binn\;C:\Program Files\Microsoft SQL Server\160\Tools\Binn\;C:\Program Files\Microsoft SQL Server\Client SDK\ODBC\170\Tools\Binn\;C:\Program Files\Microsoft SQL Server\160\DTS\Binn\;C:\Program Files\Git\cmd;C:\Program Files\dotnet\;C:\terraform_1.6.6_windows_amd64;C:\Users\MR LUAN\AppData\Roaming\Python\Python312\site-packages\newspaper;C:\Users\MR LUAN\AppData\Local\Programs\Python\Python312\Scripts;C:\Users\MR LUAN\AppData\Roaming\Python\Python312\Scripts;C:\Program Files (x86)\Microsoft SQL Server\160\DTS\Binn\;C:\Program Files\Microsoft SQL Server\150\Tools\Binn\;D:\sqlite\sqlite-tools-win-x64-3460100;D:\Program Files\nodejs\;C:\Users\tuan1\AppData\Local\Programs\Python\Launcher\;C:\Users\tuan1\AppData\Local\Microsoft\WindowsApps;C:\Users\tuan1\AppData\Local\Programs\Microsoft VS Code\bin;C:\Users\tuan1\.dotnet\tools;C:\Users\tuan1\AppData\Local\Microsoft\WinGet\Links;C:\Users\tuan1\AppData\Roaming\npm;c:\Users\tuan1\.vscode\extensions\ms-python.python-2024.22.2-win32-x64\python_files\deactivate\powershell;D:\HOCMAY\.venv\Scripts;C:\Program Files\Microsoft\jdk-11.0.16.101-hotspot\bin;C:\WINDOWS\system32;C:\WINDOWS;C:\WINDOWS\System32\Wbem;C:\WINDOWS\System32\WindowsPowerShell\v1.0\;C:\WINDOWS\System32\OpenSSH\;C:\msys64\mingw64\bin;C:\Program Files (x86)\Microsoft SQL Server\160\Tools\Binn\;C:\Program Files\Microsoft SQL Server\160\Tools\Binn\;C:\Program Files\Microsoft SQL Server\Client SDK\ODBC\170\Tools\Binn\;C:\Program Files\Microsoft SQL Server\160\DTS\Binn\;C:\Program Files\Git\cmd;C:\Program Files\dotnet\;C:\terraform_1.6.6_windows_amd64;C:\Users\MR LUAN\AppData\Roaming\Python\Python312\site-packages\newspaper;C:\Users\MR LUAN\AppData\Local\Programs\Python\Python312\Scripts;C:\Users\MR LUAN\AppData\Roaming\Python\Python312\Scripts;C:\Program Files (x86)\Microsoft SQL Server\160\DTS\Binn\;C:\Program Files\Microsoft SQL Server\150\Tools\Binn\;D:\sqlite\sqlite-tools-win-x64-3460100;D:\Program Files\nodejs\;C:\Users\tuan1\AppData\Local\Programs\Python\Launcher\;C:\Users\tuan1\AppData\Local\Microsoft\WindowsApps;C:\Users\tuan1\AppData\Local\Programs\Microsoft VS Code\bin;C:\Users\tuan1\.dotnet\tools;C:\Users\tuan1\AppData\Local\Microsoft\WinGet\Links;C:\Users\tuan1\AppData\Roaming\npm;C:\Program Files\Microsoft\jdk-11.0.16.101-hotspot\bin;C:\WINDOWS\system32;C:\WINDOWS;C:\WINDOWS\System32\Wbem;C:\WINDOWS\System32\WindowsPowerShell\v1.0\;C:\WINDOWS\System32\OpenSSH\;C:\msys64\mingw64\bin;C:\Program Files (x86)\Microsoft SQL Server\160\Tools\Binn\;C:\Program Files\Microsoft SQL Server\160\Tools\Binn\;C:\Program Files\Microsoft SQL Server\Client SDK\ODBC\170\Tools\Binn\;C:\Program Files\Microsoft SQL Server\160\DTS\Binn\;C:\Program Files\Git\cmd;C:\Program Files\dotnet\;C:\terraform_1.6.6_windows_amd64;C:\Users\MR LUAN\AppData\Roaming\Python\Python312\site-packages\newspaper;C:\Users\MR LUAN\AppData\Local\Programs\Python\Python312\Scripts;C:\Users\MR LUAN\AppData\Roaming\Python\Python312\Scripts;C:\Program Files (x86)\Microsoft SQL Server\160\DTS\Binn\;C:\Program Files\Microsoft SQL Server\150\Tools\Binn\;D:\sqlite\sqlite-tools-win-x64-3460100;C:\Users\tuan1\AppData\Local\Programs\Python\Launcher\;C:\Users\tuan1\AppData\Local\Microsoft\WindowsApps;C:\Users\tuan1\AppData\Local\Programs\Microsoft VS Code\bin;C:\Users\tuan1\.dotnet\tools;C:\Users\tuan1\AppData\Local\Microsoft\WinGet\Links;C:\Users\tuan1\AppData\Local\Programs\Python\Python313;C:\Users\tuan1\AppData\Local\Programs\Python\Python313\Scripts
USERNAME=tuan1
LANG=en_US.UTF-8
OS=Windows_NT
PROCESSOR_IDENTIFIER=Intel64 Family 6 Model 154 Stepping 3, GenuineIntel
TMP=C:\Users\tuan1\AppData\Local\Temp
TEMP=C:\Users\tuan1\AppData\Local\Temp



Periodic native trim disabled


---------------  S Y S T E M  ---------------

OS:
 Windows 11 , 64 bit Build 22621 (10.0.22621.5124)
OS uptime: 0 days 3:35 hours

CPU: total 16 (initial active 0) 
Processor Information for processor 0
  Max Mhz: 2500, Current Mhz: 2500, Mhz Limit: 2500
Processor Information for processor 1
  Max Mhz: 2500, Current Mhz: 2500, Mhz Limit: 2500
Processor Information for processor 2
  Max Mhz: 2500, Current Mhz: 2500, Mhz Limit: 2500
Processor Information for processor 3
  Max Mhz: 2500, Current Mhz: 2500, Mhz Limit: 2500
Processor Information for processor 4
  Max Mhz: 2500, Current Mhz: 1532, Mhz Limit: 2500
Processor Information for processor 5
  Max Mhz: 2500, Current Mhz: 2500, Mhz Limit: 2500
Processor Information for processor 6
  Max Mhz: 2500, Current Mhz: 2500, Mhz Limit: 2500
Processor Information for processor 7
  Max Mhz: 2500, Current Mhz: 2500, Mhz Limit: 2500
Processor Information for processor 8
  Max Mhz: 2500, Current Mhz: 1500, Mhz Limit: 1800
Processor Information for processor 9
  Max Mhz: 2500, Current Mhz: 1800, Mhz Limit: 1800
Processor Information for processor 10
  Max Mhz: 2500, Current Mhz: 1800, Mhz Limit: 1800
Processor Information for processor 11
  Max Mhz: 2500, Current Mhz: 1800, Mhz Limit: 1800
Processor Information for processor 12
  Max Mhz: 2500, Current Mhz: 1500, Mhz Limit: 1800
Processor Information for processor 13
  Max Mhz: 2500, Current Mhz: 1800, Mhz Limit: 1800
Processor Information for processor 14
  Max Mhz: 2500, Current Mhz: 1800, Mhz Limit: 1800
Processor Information for processor 15
  Max Mhz: 2500, Current Mhz: 1500, Mhz Limit: 1800

Memory: 4k page, system-wide physical 16077M (568M free)
TotalPageFile size 24269M (AvailPageFile size 0M)
current process WorkingSet (physical memory assigned to process): 8M, peak: 8M
current process commit charge ("private bytes"): 3M, peak: 3M

vm_info: OpenJDK 64-Bit Server VM (17.0.14+7) for windows-amd64 JRE (17.0.14+7), built on Jan 21 2025 23:40:15 by "admin" with MS VC++ 17.7 (VS2022)

END.
