#
# There is insufficient memory for the Java Runtime Environment to continue.
# Native memory allocation (malloc) failed to allocate 864736 bytes. Error detail: Chunk::new
# Possible reasons:
#   The system is out of physical RAM or swap space
#   This process is running with CompressedOops enabled, and the Java Heap may be blocking the growth of the native heap
# Possible solutions:
#   Reduce memory load on the system
#   Increase physical memory or swap space
#   Check if swap backing store is full
#   Decrease Java heap size (-Xmx/-Xms)
#   Decrease number of Java threads
#   Decrease Java thread stack sizes (-Xss)
#   Set larger code cache with -XX:ReservedCodeCacheSize=
#   JVM is running with Zero Based Compressed Oops mode in which the Java heap is
#     placed in the first 32GB address space. The Java Heap base address is the
#     maximum limit for the native heap growth. Please use -XX:HeapBaseMinAddress
#     to set the Java Heap base and to place the Java Heap above 32GB virtual address.
# This output file may be truncated or incomplete.
#
#  Out of Memory Error (arena.cpp:191), pid=20392, tid=15052
#
# JRE version: OpenJDK Runtime Environment Temurin-17.0.14+7 (17.0.14+7) (build 17.0.14+7)
# Java VM: OpenJDK 64-Bit Server VM Temurin-17.0.14+7 (17.0.14+7, mixed mode, sharing, tiered, compressed oops, compressed class ptrs, g1 gc, windows-amd64)
# No core dump will be written. Minidumps are not enabled by default on client versions of Windows
#

---------------  S U M M A R Y ------------

Command Line: org.jetbrains.kotlin.cli.jvm.K2JVMCompiler @D:\DA NEN TANG\MyNewApp - Copy\node_modules\react-native-safe-area-context\android\build\20250513_7943898272209425790.compiler.options

Host: 12th Gen Intel(R) Core(TM) i5-12500H, 16 cores, 15G,  Windows 11 , 64 bit Build 22621 (10.0.22621.5124)
Time: Tue May 13 17:51:24 2025 SE Asia Standard Time elapsed time: 1.662860 seconds (0d 0h 0m 1s)

---------------  T H R E A D  ---------------

Current thread (0x00000219d27fcf00):  JavaThread "C2 CompilerThread2" daemon [_thread_in_native, id=15052, stack(0x0000007c48900000,0x0000007c48a00000)]


Current CompileTask:
C2:   1662 1232       4       org.jetbrains.kotlin.cli.jvm.compiler.jarfs.FastJarHandler::getOrCreateDirectory (104 bytes)

Stack: [0x0000007c48900000,0x0000007c48a00000]
Native frames: (J=compiled Java code, j=interpreted, Vv=VM code, C=native code)
V  [jvm.dll+0x682eb9]
V  [jvm.dll+0x8399c8]
V  [jvm.dll+0x83b473]
V  [jvm.dll+0x83bae3]
V  [jvm.dll+0x24715f]
V  [jvm.dll+0xace44]
V  [jvm.dll+0xad4dc]
V  [jvm.dll+0x2ac98f]
V  [jvm.dll+0x588f69]
V  [jvm.dll+0x220fb2]
V  [jvm.dll+0x2213af]
V  [jvm.dll+0x21a3b0]
V  [jvm.dll+0x21748b]
V  [jvm.dll+0x1a3150]
V  [jvm.dll+0x22799c]
V  [jvm.dll+0x225afb]
V  [jvm.dll+0x7ef128]
V  [jvm.dll+0x7e948c]
V  [jvm.dll+0x681d97]
C  [ucrtbase.dll+0x29333]
C  [KERNEL32.DLL+0x1259d]
C  [ntdll.dll+0x5af38]


---------------  P R O C E S S  ---------------

Threads class SMR info:
_java_thread_list=0x00000219d2874f90, length=17, elements={
0x00000219e89c5b40, 0x000002198c40d130, 0x000002198c40efc0, 0x000002198c428990,
0x000002198c42b760, 0x000002198c42c120, 0x000002198c42cae0, 0x000002198c430030,
0x000002198c43b950, 0x000002198c457180, 0x000002198c54dd50, 0x000002198c55c6e0,
0x000002198c588c60, 0x000002198c58cb40, 0x00000219d2219a70, 0x00000219d289c400,
0x00000219d27fcf00
}

Java Threads: ( => current thread )
  0x00000219e89c5b40 JavaThread "main" [_thread_in_Java, id=14720, stack(0x0000007c46b00000,0x0000007c46c00000)]
  0x000002198c40d130 JavaThread "Reference Handler" daemon [_thread_blocked, id=17020, stack(0x0000007c47200000,0x0000007c47300000)]
  0x000002198c40efc0 JavaThread "Finalizer" daemon [_thread_blocked, id=19676, stack(0x0000007c47300000,0x0000007c47400000)]
  0x000002198c428990 JavaThread "Signal Dispatcher" daemon [_thread_blocked, id=20436, stack(0x0000007c47400000,0x0000007c47500000)]
  0x000002198c42b760 JavaThread "Attach Listener" daemon [_thread_blocked, id=19976, stack(0x0000007c47500000,0x0000007c47600000)]
  0x000002198c42c120 JavaThread "Service Thread" daemon [_thread_blocked, id=6408, stack(0x0000007c47600000,0x0000007c47700000)]
  0x000002198c42cae0 JavaThread "Monitor Deflation Thread" daemon [_thread_blocked, id=2392, stack(0x0000007c47700000,0x0000007c47800000)]
  0x000002198c430030 JavaThread "C2 CompilerThread0" daemon [_thread_in_native, id=16688, stack(0x0000007c47800000,0x0000007c47900000)]
  0x000002198c43b950 JavaThread "C1 CompilerThread0" daemon [_thread_blocked, id=19780, stack(0x0000007c47900000,0x0000007c47a00000)]
  0x000002198c457180 JavaThread "Sweeper thread" daemon [_thread_blocked, id=2012, stack(0x0000007c47a00000,0x0000007c47b00000)]
  0x000002198c54dd50 JavaThread "C1 CompilerThread1" daemon [_thread_blocked, id=1100, stack(0x0000007c47b00000,0x0000007c47c00000)]
  0x000002198c55c6e0 JavaThread "C1 CompilerThread2" daemon [_thread_blocked, id=13208, stack(0x0000007c47c00000,0x0000007c47d00000)]
  0x000002198c588c60 JavaThread "Notification Thread" daemon [_thread_blocked, id=1744, stack(0x0000007c47d00000,0x0000007c47e00000)]
  0x000002198c58cb40 JavaThread "Common-Cleaner" daemon [_thread_blocked, id=5640, stack(0x0000007c47f00000,0x0000007c48000000)]
  0x00000219d2219a70 JavaThread "C1 CompilerThread3" daemon [_thread_blocked, id=16004, stack(0x0000007c48100000,0x0000007c48200000)]
  0x00000219d289c400 JavaThread "C2 CompilerThread1" daemon [_thread_in_native, id=17344, stack(0x0000007c48800000,0x0000007c48900000)]
=>0x00000219d27fcf00 JavaThread "C2 CompilerThread2" daemon [_thread_in_native, id=15052, stack(0x0000007c48900000,0x0000007c48a00000)]

Other Threads:
  0x000002198c4072f0 VMThread "VM Thread" [stack: 0x0000007c47100000,0x0000007c47200000] [id=20040]
  0x000002198c58b150 WatcherThread [stack: 0x0000007c47e00000,0x0000007c47f00000] [id=17120]
  0x00000219e8a32920 GCTaskThread "GC Thread#0" [stack: 0x0000007c46c00000,0x0000007c46d00000] [id=18024]
  0x00000219d2351100 GCTaskThread "GC Thread#1" [stack: 0x0000007c48200000,0x0000007c48300000] [id=9428]
  0x00000219d23513c0 GCTaskThread "GC Thread#2" [stack: 0x0000007c48300000,0x0000007c48400000] [id=19632]
  0x00000219d2351680 GCTaskThread "GC Thread#3" [stack: 0x0000007c48400000,0x0000007c48500000] [id=15344]
  0x00000219d2351940 GCTaskThread "GC Thread#4" [stack: 0x0000007c48500000,0x0000007c48600000] [id=20084]
  0x00000219d2351c00 GCTaskThread "GC Thread#5" [stack: 0x0000007c48600000,0x0000007c48700000] [id=15112]
  0x00000219d27f2c10 GCTaskThread "GC Thread#6" [stack: 0x0000007c48000000,0x0000007c48100000] [id=15132]
  0x00000219d2710440 GCTaskThread "GC Thread#7" [stack: 0x0000007c48700000,0x0000007c48800000] [id=8044]
  0x00000219e8a443c0 ConcurrentGCThread "G1 Main Marker" [stack: 0x0000007c46d00000,0x0000007c46e00000] [id=11612]
  0x00000219e8a44de0 ConcurrentGCThread "G1 Conc#0" [stack: 0x0000007c46e00000,0x0000007c46f00000] [id=11420]
  0x000002198bf906e0 ConcurrentGCThread "G1 Refine#0" [stack: 0x0000007c46f00000,0x0000007c47000000] [id=10884]
  0x000002198bf91110 ConcurrentGCThread "G1 Service" [stack: 0x0000007c47000000,0x0000007c47100000] [id=12888]

Threads with active compile tasks:
C2 CompilerThread0     1674 1252       4       java.util.HashMap::put (13 bytes)
C2 CompilerThread1     1674 1242       4       org.jetbrains.kotlin.cli.jvm.compiler.jarfs.FastJarHandler::createFile (79 bytes)
C2 CompilerThread2     1674 1232       4       org.jetbrains.kotlin.cli.jvm.compiler.jarfs.FastJarHandler::getOrCreateDirectory (104 bytes)

VM state: not at safepoint (normal execution)

VM Mutex/Monitor currently owned by a thread: None

Heap address: 0x0000000704c00000, size: 4020 MB, Compressed Oops mode: Zero based, Oop shift amount: 3

CDS archive(s) mapped at: [0x000002198d000000-0x000002198dbb0000-0x000002198dbb0000), size 12255232, SharedBaseAddress: 0x000002198d000000, ArchiveRelocationMode: 1.
Compressed class space mapped at: 0x000002198e000000-0x00000219ce000000, reserved size: 1073741824
Narrow klass base: 0x000002198d000000, Narrow klass shift: 0, Narrow klass range: 0x100000000

GC Precious Log:
 CPUs: 16 total, 16 available
 Memory: 16077M
 Large Page Support: Disabled
 NUMA Support: Disabled
 Compressed Oops: Enabled (Zero based)
 Heap Region Size: 2M
 Heap Min Capacity: 8M
 Heap Initial Capacity: 252M
 Heap Max Capacity: 4020M
 Pre-touch: Disabled
 Parallel Workers: 13
 Concurrent Workers: 3
 Concurrent Refinement Workers: 13
 Periodic GC: Disabled

Heap:
 garbage-first heap   total 258048K, used 23033K [0x0000000704c00000, 0x0000000800000000)
  region size 2048K, 11 young (22528K), 3 survivors (6144K)
 Metaspace       used 16629K, committed 16832K, reserved 1114112K
  class space    used 1899K, committed 1984K, reserved 1048576K

Heap Regions: E=young(eden), S=young(survivor), O=old, HS=humongous(starts), HC=humongous(continues), CS=collection set, F=free, OA=open archive, CA=closed archive, TAMS=top-at-mark-start (previous, next)
|   0|0x0000000704c00000, 0x0000000704e00000, 0x0000000704e00000|100%|HS|  |TAMS 0x0000000704c00000, 0x0000000704c00000| Complete 
|   1|0x0000000704e00000, 0x0000000705000000, 0x0000000705000000|100%|HC|  |TAMS 0x0000000704e00000, 0x0000000704e00000| Complete 
|   2|0x0000000705000000, 0x0000000705000000, 0x0000000705200000|  0%| F|  |TAMS 0x0000000705000000, 0x0000000705000000| Untracked 
|   3|0x0000000705200000, 0x0000000705200000, 0x0000000705400000|  0%| F|  |TAMS 0x0000000705200000, 0x0000000705200000| Untracked 
|   4|0x0000000705400000, 0x0000000705400000, 0x0000000705600000|  0%| F|  |TAMS 0x0000000705400000, 0x0000000705400000| Untracked 
|   5|0x0000000705600000, 0x0000000705600000, 0x0000000705800000|  0%| F|  |TAMS 0x0000000705600000, 0x0000000705600000| Untracked 
|   6|0x0000000705800000, 0x0000000705800000, 0x0000000705a00000|  0%| F|  |TAMS 0x0000000705800000, 0x0000000705800000| Untracked 
|   7|0x0000000705a00000, 0x0000000705a00000, 0x0000000705c00000|  0%| F|  |TAMS 0x0000000705a00000, 0x0000000705a00000| Untracked 
|   8|0x0000000705c00000, 0x0000000705c00000, 0x0000000705e00000|  0%| F|  |TAMS 0x0000000705c00000, 0x0000000705c00000| Untracked 
|   9|0x0000000705e00000, 0x0000000705e00000, 0x0000000706000000|  0%| F|  |TAMS 0x0000000705e00000, 0x0000000705e00000| Untracked 
|  10|0x0000000706000000, 0x0000000706000000, 0x0000000706200000|  0%| F|  |TAMS 0x0000000706000000, 0x0000000706000000| Untracked 
|  11|0x0000000706200000, 0x0000000706200000, 0x0000000706400000|  0%| F|  |TAMS 0x0000000706200000, 0x0000000706200000| Untracked 
|  12|0x0000000706400000, 0x0000000706400000, 0x0000000706600000|  0%| F|  |TAMS 0x0000000706400000, 0x0000000706400000| Untracked 
|  13|0x0000000706600000, 0x0000000706600000, 0x0000000706800000|  0%| F|  |TAMS 0x0000000706600000, 0x0000000706600000| Untracked 
|  14|0x0000000706800000, 0x0000000706800000, 0x0000000706a00000|  0%| F|  |TAMS 0x0000000706800000, 0x0000000706800000| Untracked 
|  15|0x0000000706a00000, 0x0000000706a00000, 0x0000000706c00000|  0%| F|  |TAMS 0x0000000706a00000, 0x0000000706a00000| Untracked 
|  16|0x0000000706c00000, 0x0000000706c00000, 0x0000000706e00000|  0%| F|  |TAMS 0x0000000706c00000, 0x0000000706c00000| Untracked 
|  17|0x0000000706e00000, 0x0000000706e00000, 0x0000000707000000|  0%| F|  |TAMS 0x0000000706e00000, 0x0000000706e00000| Untracked 
|  18|0x0000000707000000, 0x0000000707000000, 0x0000000707200000|  0%| F|  |TAMS 0x0000000707000000, 0x0000000707000000| Untracked 
|  19|0x0000000707200000, 0x0000000707200000, 0x0000000707400000|  0%| F|  |TAMS 0x0000000707200000, 0x0000000707200000| Untracked 
|  20|0x0000000707400000, 0x0000000707400000, 0x0000000707600000|  0%| F|  |TAMS 0x0000000707400000, 0x0000000707400000| Untracked 
|  21|0x0000000707600000, 0x0000000707600000, 0x0000000707800000|  0%| F|  |TAMS 0x0000000707600000, 0x0000000707600000| Untracked 
|  22|0x0000000707800000, 0x0000000707800000, 0x0000000707a00000|  0%| F|  |TAMS 0x0000000707800000, 0x0000000707800000| Untracked 
|  23|0x0000000707a00000, 0x0000000707a00000, 0x0000000707c00000|  0%| F|  |TAMS 0x0000000707a00000, 0x0000000707a00000| Untracked 
|  24|0x0000000707c00000, 0x0000000707c00000, 0x0000000707e00000|  0%| F|  |TAMS 0x0000000707c00000, 0x0000000707c00000| Untracked 
|  25|0x0000000707e00000, 0x0000000707e00000, 0x0000000708000000|  0%| F|  |TAMS 0x0000000707e00000, 0x0000000707e00000| Untracked 
|  26|0x0000000708000000, 0x0000000708000000, 0x0000000708200000|  0%| F|  |TAMS 0x0000000708000000, 0x0000000708000000| Untracked 
|  27|0x0000000708200000, 0x0000000708200000, 0x0000000708400000|  0%| F|  |TAMS 0x0000000708200000, 0x0000000708200000| Untracked 
|  28|0x0000000708400000, 0x0000000708400000, 0x0000000708600000|  0%| F|  |TAMS 0x0000000708400000, 0x0000000708400000| Untracked 
|  29|0x0000000708600000, 0x0000000708600000, 0x0000000708800000|  0%| F|  |TAMS 0x0000000708600000, 0x0000000708600000| Untracked 
|  30|0x0000000708800000, 0x0000000708800000, 0x0000000708a00000|  0%| F|  |TAMS 0x0000000708800000, 0x0000000708800000| Untracked 
|  31|0x0000000708a00000, 0x0000000708a00000, 0x0000000708c00000|  0%| F|  |TAMS 0x0000000708a00000, 0x0000000708a00000| Untracked 
|  32|0x0000000708c00000, 0x0000000708c00000, 0x0000000708e00000|  0%| F|  |TAMS 0x0000000708c00000, 0x0000000708c00000| Untracked 
|  33|0x0000000708e00000, 0x0000000708e00000, 0x0000000709000000|  0%| F|  |TAMS 0x0000000708e00000, 0x0000000708e00000| Untracked 
|  34|0x0000000709000000, 0x0000000709000000, 0x0000000709200000|  0%| F|  |TAMS 0x0000000709000000, 0x0000000709000000| Untracked 
|  35|0x0000000709200000, 0x0000000709200000, 0x0000000709400000|  0%| F|  |TAMS 0x0000000709200000, 0x0000000709200000| Untracked 
|  36|0x0000000709400000, 0x0000000709400000, 0x0000000709600000|  0%| F|  |TAMS 0x0000000709400000, 0x0000000709400000| Untracked 
|  37|0x0000000709600000, 0x0000000709600000, 0x0000000709800000|  0%| F|  |TAMS 0x0000000709600000, 0x0000000709600000| Untracked 
|  38|0x0000000709800000, 0x0000000709800000, 0x0000000709a00000|  0%| F|  |TAMS 0x0000000709800000, 0x0000000709800000| Untracked 
|  39|0x0000000709a00000, 0x0000000709a00000, 0x0000000709c00000|  0%| F|  |TAMS 0x0000000709a00000, 0x0000000709a00000| Untracked 
|  40|0x0000000709c00000, 0x0000000709c00000, 0x0000000709e00000|  0%| F|  |TAMS 0x0000000709c00000, 0x0000000709c00000| Untracked 
|  41|0x0000000709e00000, 0x0000000709e00000, 0x000000070a000000|  0%| F|  |TAMS 0x0000000709e00000, 0x0000000709e00000| Untracked 
|  42|0x000000070a000000, 0x000000070a000000, 0x000000070a200000|  0%| F|  |TAMS 0x000000070a000000, 0x000000070a000000| Untracked 
|  43|0x000000070a200000, 0x000000070a200000, 0x000000070a400000|  0%| F|  |TAMS 0x000000070a200000, 0x000000070a200000| Untracked 
|  44|0x000000070a400000, 0x000000070a400000, 0x000000070a600000|  0%| F|  |TAMS 0x000000070a400000, 0x000000070a400000| Untracked 
|  45|0x000000070a600000, 0x000000070a600000, 0x000000070a800000|  0%| F|  |TAMS 0x000000070a600000, 0x000000070a600000| Untracked 
|  46|0x000000070a800000, 0x000000070a800000, 0x000000070aa00000|  0%| F|  |TAMS 0x000000070a800000, 0x000000070a800000| Untracked 
|  47|0x000000070aa00000, 0x000000070aa00000, 0x000000070ac00000|  0%| F|  |TAMS 0x000000070aa00000, 0x000000070aa00000| Untracked 
|  48|0x000000070ac00000, 0x000000070ac00000, 0x000000070ae00000|  0%| F|  |TAMS 0x000000070ac00000, 0x000000070ac00000| Untracked 
|  49|0x000000070ae00000, 0x000000070ae00000, 0x000000070b000000|  0%| F|  |TAMS 0x000000070ae00000, 0x000000070ae00000| Untracked 
|  50|0x000000070b000000, 0x000000070b000000, 0x000000070b200000|  0%| F|  |TAMS 0x000000070b000000, 0x000000070b000000| Untracked 
|  51|0x000000070b200000, 0x000000070b200000, 0x000000070b400000|  0%| F|  |TAMS 0x000000070b200000, 0x000000070b200000| Untracked 
|  52|0x000000070b400000, 0x000000070b400000, 0x000000070b600000|  0%| F|  |TAMS 0x000000070b400000, 0x000000070b400000| Untracked 
|  53|0x000000070b600000, 0x000000070b600000, 0x000000070b800000|  0%| F|  |TAMS 0x000000070b600000, 0x000000070b600000| Untracked 
|  54|0x000000070b800000, 0x000000070b800000, 0x000000070ba00000|  0%| F|  |TAMS 0x000000070b800000, 0x000000070b800000| Untracked 
|  55|0x000000070ba00000, 0x000000070ba00000, 0x000000070bc00000|  0%| F|  |TAMS 0x000000070ba00000, 0x000000070ba00000| Untracked 
|  56|0x000000070bc00000, 0x000000070bc00000, 0x000000070be00000|  0%| F|  |TAMS 0x000000070bc00000, 0x000000070bc00000| Untracked 
|  57|0x000000070be00000, 0x000000070be00000, 0x000000070c000000|  0%| F|  |TAMS 0x000000070be00000, 0x000000070be00000| Untracked 
|  58|0x000000070c000000, 0x000000070c000000, 0x000000070c200000|  0%| F|  |TAMS 0x000000070c000000, 0x000000070c000000| Untracked 
|  59|0x000000070c200000, 0x000000070c200000, 0x000000070c400000|  0%| F|  |TAMS 0x000000070c200000, 0x000000070c200000| Untracked 
|  60|0x000000070c400000, 0x000000070c400000, 0x000000070c600000|  0%| F|  |TAMS 0x000000070c400000, 0x000000070c400000| Untracked 
|  61|0x000000070c600000, 0x000000070c600000, 0x000000070c800000|  0%| F|  |TAMS 0x000000070c600000, 0x000000070c600000| Untracked 
|  62|0x000000070c800000, 0x000000070c800000, 0x000000070ca00000|  0%| F|  |TAMS 0x000000070c800000, 0x000000070c800000| Untracked 
|  63|0x000000070ca00000, 0x000000070ca00000, 0x000000070cc00000|  0%| F|  |TAMS 0x000000070ca00000, 0x000000070ca00000| Untracked 
|  64|0x000000070cc00000, 0x000000070cc00000, 0x000000070ce00000|  0%| F|  |TAMS 0x000000070cc00000, 0x000000070cc00000| Untracked 
|  65|0x000000070ce00000, 0x000000070ce00000, 0x000000070d000000|  0%| F|  |TAMS 0x000000070ce00000, 0x000000070ce00000| Untracked 
|  66|0x000000070d000000, 0x000000070d000000, 0x000000070d200000|  0%| F|  |TAMS 0x000000070d000000, 0x000000070d000000| Untracked 
|  67|0x000000070d200000, 0x000000070d200000, 0x000000070d400000|  0%| F|  |TAMS 0x000000070d200000, 0x000000070d200000| Untracked 
|  68|0x000000070d400000, 0x000000070d400000, 0x000000070d600000|  0%| F|  |TAMS 0x000000070d400000, 0x000000070d400000| Untracked 
|  69|0x000000070d600000, 0x000000070d600000, 0x000000070d800000|  0%| F|  |TAMS 0x000000070d600000, 0x000000070d600000| Untracked 
|  70|0x000000070d800000, 0x000000070d800000, 0x000000070da00000|  0%| F|  |TAMS 0x000000070d800000, 0x000000070d800000| Untracked 
|  71|0x000000070da00000, 0x000000070da00000, 0x000000070dc00000|  0%| F|  |TAMS 0x000000070da00000, 0x000000070da00000| Untracked 
|  72|0x000000070dc00000, 0x000000070dc00000, 0x000000070de00000|  0%| F|  |TAMS 0x000000070dc00000, 0x000000070dc00000| Untracked 
|  73|0x000000070de00000, 0x000000070de00000, 0x000000070e000000|  0%| F|  |TAMS 0x000000070de00000, 0x000000070de00000| Untracked 
|  74|0x000000070e000000, 0x000000070e000000, 0x000000070e200000|  0%| F|  |TAMS 0x000000070e000000, 0x000000070e000000| Untracked 
|  75|0x000000070e200000, 0x000000070e200000, 0x000000070e400000|  0%| F|  |TAMS 0x000000070e200000, 0x000000070e200000| Untracked 
|  76|0x000000070e400000, 0x000000070e400000, 0x000000070e600000|  0%| F|  |TAMS 0x000000070e400000, 0x000000070e400000| Untracked 
|  77|0x000000070e600000, 0x000000070e600000, 0x000000070e800000|  0%| F|  |TAMS 0x000000070e600000, 0x000000070e600000| Untracked 
|  78|0x000000070e800000, 0x000000070e800000, 0x000000070ea00000|  0%| F|  |TAMS 0x000000070e800000, 0x000000070e800000| Untracked 
|  79|0x000000070ea00000, 0x000000070ea00000, 0x000000070ec00000|  0%| F|  |TAMS 0x000000070ea00000, 0x000000070ea00000| Untracked 
|  80|0x000000070ec00000, 0x000000070ec00000, 0x000000070ee00000|  0%| F|  |TAMS 0x000000070ec00000, 0x000000070ec00000| Untracked 
|  81|0x000000070ee00000, 0x000000070ee00000, 0x000000070f000000|  0%| F|  |TAMS 0x000000070ee00000, 0x000000070ee00000| Untracked 
|  82|0x000000070f000000, 0x000000070f000000, 0x000000070f200000|  0%| F|  |TAMS 0x000000070f000000, 0x000000070f000000| Untracked 
|  83|0x000000070f200000, 0x000000070f200000, 0x000000070f400000|  0%| F|  |TAMS 0x000000070f200000, 0x000000070f200000| Untracked 
|  84|0x000000070f400000, 0x000000070f400000, 0x000000070f600000|  0%| F|  |TAMS 0x000000070f400000, 0x000000070f400000| Untracked 
|  85|0x000000070f600000, 0x000000070f600000, 0x000000070f800000|  0%| F|  |TAMS 0x000000070f600000, 0x000000070f600000| Untracked 
|  86|0x000000070f800000, 0x000000070f800000, 0x000000070fa00000|  0%| F|  |TAMS 0x000000070f800000, 0x000000070f800000| Untracked 
|  87|0x000000070fa00000, 0x000000070fa00000, 0x000000070fc00000|  0%| F|  |TAMS 0x000000070fa00000, 0x000000070fa00000| Untracked 
|  88|0x000000070fc00000, 0x000000070fc00000, 0x000000070fe00000|  0%| F|  |TAMS 0x000000070fc00000, 0x000000070fc00000| Untracked 
|  89|0x000000070fe00000, 0x000000070fe00000, 0x0000000710000000|  0%| F|  |TAMS 0x000000070fe00000, 0x000000070fe00000| Untracked 
|  90|0x0000000710000000, 0x0000000710000000, 0x0000000710200000|  0%| F|  |TAMS 0x0000000710000000, 0x0000000710000000| Untracked 
|  91|0x0000000710200000, 0x0000000710200000, 0x0000000710400000|  0%| F|  |TAMS 0x0000000710200000, 0x0000000710200000| Untracked 
|  92|0x0000000710400000, 0x0000000710400000, 0x0000000710600000|  0%| F|  |TAMS 0x0000000710400000, 0x0000000710400000| Untracked 
|  93|0x0000000710600000, 0x0000000710600000, 0x0000000710800000|  0%| F|  |TAMS 0x0000000710600000, 0x0000000710600000| Untracked 
|  94|0x0000000710800000, 0x0000000710800000, 0x0000000710a00000|  0%| F|  |TAMS 0x0000000710800000, 0x0000000710800000| Untracked 
|  95|0x0000000710a00000, 0x0000000710a00000, 0x0000000710c00000|  0%| F|  |TAMS 0x0000000710a00000, 0x0000000710a00000| Untracked 
|  96|0x0000000710c00000, 0x0000000710c00000, 0x0000000710e00000|  0%| F|  |TAMS 0x0000000710c00000, 0x0000000710c00000| Untracked 
|  97|0x0000000710e00000, 0x0000000710e00000, 0x0000000711000000|  0%| F|  |TAMS 0x0000000710e00000, 0x0000000710e00000| Untracked 
|  98|0x0000000711000000, 0x0000000711000000, 0x0000000711200000|  0%| F|  |TAMS 0x0000000711000000, 0x0000000711000000| Untracked 
|  99|0x0000000711200000, 0x0000000711200000, 0x0000000711400000|  0%| F|  |TAMS 0x0000000711200000, 0x0000000711200000| Untracked 
| 100|0x0000000711400000, 0x0000000711400000, 0x0000000711600000|  0%| F|  |TAMS 0x0000000711400000, 0x0000000711400000| Untracked 
| 101|0x0000000711600000, 0x0000000711600000, 0x0000000711800000|  0%| F|  |TAMS 0x0000000711600000, 0x0000000711600000| Untracked 
| 102|0x0000000711800000, 0x0000000711800000, 0x0000000711a00000|  0%| F|  |TAMS 0x0000000711800000, 0x0000000711800000| Untracked 
| 103|0x0000000711a00000, 0x0000000711a00000, 0x0000000711c00000|  0%| F|  |TAMS 0x0000000711a00000, 0x0000000711a00000| Untracked 
| 104|0x0000000711c00000, 0x0000000711c7e740, 0x0000000711e00000| 24%| S|CS|TAMS 0x0000000711c00000, 0x0000000711c00000| Complete 
| 105|0x0000000711e00000, 0x0000000712000000, 0x0000000712000000|100%| S|CS|TAMS 0x0000000711e00000, 0x0000000711e00000| Complete 
| 106|0x0000000712000000, 0x0000000712200000, 0x0000000712200000|100%| S|CS|TAMS 0x0000000712000000, 0x0000000712000000| Complete 
| 107|0x0000000712200000, 0x0000000712200000, 0x0000000712400000|  0%| F|  |TAMS 0x0000000712200000, 0x0000000712200000| Untracked 
| 108|0x0000000712400000, 0x0000000712400000, 0x0000000712600000|  0%| F|  |TAMS 0x0000000712400000, 0x0000000712400000| Untracked 
| 109|0x0000000712600000, 0x0000000712600000, 0x0000000712800000|  0%| F|  |TAMS 0x0000000712600000, 0x0000000712600000| Untracked 
| 110|0x0000000712800000, 0x0000000712800000, 0x0000000712a00000|  0%| F|  |TAMS 0x0000000712800000, 0x0000000712800000| Untracked 
| 111|0x0000000712a00000, 0x0000000712a00000, 0x0000000712c00000|  0%| F|  |TAMS 0x0000000712a00000, 0x0000000712a00000| Untracked 
| 112|0x0000000712c00000, 0x0000000712c00000, 0x0000000712e00000|  0%| F|  |TAMS 0x0000000712c00000, 0x0000000712c00000| Untracked 
| 113|0x0000000712e00000, 0x0000000712e00000, 0x0000000713000000|  0%| F|  |TAMS 0x0000000712e00000, 0x0000000712e00000| Untracked 
| 114|0x0000000713000000, 0x0000000713000000, 0x0000000713200000|  0%| F|  |TAMS 0x0000000713000000, 0x0000000713000000| Untracked 
| 115|0x0000000713200000, 0x0000000713200000, 0x0000000713400000|  0%| F|  |TAMS 0x0000000713200000, 0x0000000713200000| Untracked 
| 116|0x0000000713400000, 0x0000000713400000, 0x0000000713600000|  0%| F|  |TAMS 0x0000000713400000, 0x0000000713400000| Untracked 
| 117|0x0000000713600000, 0x0000000713600000, 0x0000000713800000|  0%| F|  |TAMS 0x0000000713600000, 0x0000000713600000| Untracked 
| 118|0x0000000713800000, 0x0000000713a00000, 0x0000000713a00000|100%| E|  |TAMS 0x0000000713800000, 0x0000000713800000| Complete 
| 119|0x0000000713a00000, 0x0000000713c00000, 0x0000000713c00000|100%| E|CS|TAMS 0x0000000713a00000, 0x0000000713a00000| Complete 
| 120|0x0000000713c00000, 0x0000000713e00000, 0x0000000713e00000|100%| E|CS|TAMS 0x0000000713c00000, 0x0000000713c00000| Complete 
| 121|0x0000000713e00000, 0x0000000714000000, 0x0000000714000000|100%| E|CS|TAMS 0x0000000713e00000, 0x0000000713e00000| Complete 
| 122|0x0000000714000000, 0x0000000714200000, 0x0000000714200000|100%| E|CS|TAMS 0x0000000714000000, 0x0000000714000000| Complete 
| 123|0x0000000714200000, 0x0000000714400000, 0x0000000714400000|100%| E|CS|TAMS 0x0000000714200000, 0x0000000714200000| Complete 
| 124|0x0000000714400000, 0x0000000714600000, 0x0000000714600000|100%| E|CS|TAMS 0x0000000714400000, 0x0000000714400000| Complete 
| 125|0x0000000714600000, 0x0000000714800000, 0x0000000714800000|100%| E|CS|TAMS 0x0000000714600000, 0x0000000714600000| Complete 

Card table byte_map: [0x00000219807e0000,0x0000021980fc0000] _byte_map_base: 0x000002197cfba000

Marking Bits (Prev, Next): (CMBitMap*) 0x00000219e8a33f50, (CMBitMap*) 0x00000219e8a33f90
 Prev Bits: [0x00000219817a0000, 0x0000021985670000)
 Next Bits: [0x0000021985670000, 0x0000021989540000)

Polling page: 0x00000219e6960000

Metaspace:

Usage:
  Non-class:     14.40 MB used.
      Class:      1.86 MB used.
       Both:     16.26 MB used.

Virtual space:
  Non-class space:       64.00 MB reserved,      14.50 MB ( 23%) committed,  1 nodes.
      Class space:        1.00 GB reserved,       1.94 MB ( <1%) committed,  1 nodes.
             Both:        1.06 GB reserved,      16.44 MB (  2%) committed. 

Chunk freelists:
   Non-Class:  15.44 MB
       Class:  14.02 MB
        Both:  29.45 MB

MaxMetaspaceSize: unlimited
CompressedClassSpaceSize: 1.00 GB
Initial GC threshold: 21.00 MB
Current GC threshold: 21.00 MB
CDS: on
MetaspaceReclaimPolicy: balanced
 - commit_granule_bytes: 65536.
 - commit_granule_words: 8192.
 - virtual_space_node_default_size: 8388608.
 - enlarge_chunks_in_place: 1.
 - new_chunks_are_fully_committed: 0.
 - uncommit_free_chunks: 1.
 - use_allocation_guard: 0.
 - handle_deallocations: 1.


Internal statistics:

num_allocs_failed_limit: 0.
num_arena_births: 136.
num_arena_deaths: 0.
num_vsnodes_births: 2.
num_vsnodes_deaths: 0.
num_space_committed: 263.
num_space_uncommitted: 0.
num_chunks_returned_to_freelist: 0.
num_chunks_taken_from_freelist: 730.
num_chunk_merges: 0.
num_chunk_splits: 541.
num_chunks_enlarged: 471.
num_inconsistent_stats: 0.

CodeHeap 'non-profiled nmethods': size=119168Kb used=465Kb max_used=465Kb free=118703Kb
 bounds [0x00000219f8090000, 0x00000219f8300000, 0x00000219ff4f0000]
CodeHeap 'profiled nmethods': size=119104Kb used=2164Kb max_used=2164Kb free=116940Kb
 bounds [0x00000219f04f0000, 0x00000219f0760000, 0x00000219f7940000]
CodeHeap 'non-nmethods': size=7488Kb used=2883Kb max_used=2919Kb free=4605Kb
 bounds [0x00000219f7940000, 0x00000219f7c20000, 0x00000219f8090000]
 total_blobs=1759 nmethods=1263 adapters=406
 compilation: enabled
              stopped_count=0, restarted_count=0
 full_count=0

Compilation events (20 events):
Event: 1.621 Thread 0x000002198c43b950 1247       1       java.nio.DirectByteBufferR::isDirect (2 bytes)
Event: 1.621 Thread 0x000002198c43b950 nmethod 1247 0x00000219f80f8890 code [0x00000219f80f8a20, 0x00000219f80f8af8]
Event: 1.622 Thread 0x000002198c43b950 1249       3       java.io.WinNTFileSystem::isLetter (30 bytes)
Event: 1.622 Thread 0x000002198c43b950 nmethod 1249 0x00000219f06ff310 code [0x00000219f06ff4a0, 0x00000219f06ff698]
Event: 1.623 Thread 0x000002198c430030 nmethod 1221% 0x00000219f80f8b90 code [0x00000219f80f8dc0, 0x00000219f80fab98]
Event: 1.624 Thread 0x000002198c430030 1250       4       org.jetbrains.kotlin.cli.jvm.compiler.jarfs.ZipImplementationKt::parseCentralDirectory (562 bytes)
Event: 1.624 Thread 0x00000219d289c400 nmethod 1236 0x00000219f80fc310 code [0x00000219f80fc4c0, 0x00000219f80fce98]
Event: 1.624 Thread 0x00000219d289c400 1241       4       org.jetbrains.kotlin.com.intellij.openapi.util.text.StringUtilRt::equal (120 bytes)
Event: 1.628 Thread 0x00000219d289c400 nmethod 1241 0x00000219f80fd510 code [0x00000219f80fd6e0, 0x00000219f80fdae0]
Event: 1.628 Thread 0x00000219d289c400 1238   !   4       java.nio.ByteBuffer::getArray (121 bytes)
Event: 1.634 Thread 0x00000219d289c400 nmethod 1238 0x00000219f80fdf10 code [0x00000219f80fe0a0, 0x00000219f80fe4d8]
Event: 1.634 Thread 0x00000219d289c400 1237       4       java.nio.MappedByteBuffer::position (6 bytes)
Event: 1.635 Thread 0x00000219d289c400 nmethod 1237 0x00000219f80fe890 code [0x00000219f80fea00, 0x00000219f80feaf8]
Event: 1.635 Thread 0x00000219d289c400 1239       4       org.jetbrains.kotlin.cli.jvm.compiler.jarfs.ZipEntryDescription::<init> (51 bytes)
Event: 1.637 Thread 0x00000219d289c400 nmethod 1239 0x00000219f80fec10 code [0x00000219f80fed80, 0x00000219f80ff038]
Event: 1.638 Thread 0x00000219d289c400 1251       4       org.jetbrains.kotlin.cli.jvm.compiler.jarfs.ByteArrayCharSequence::<init> (27 bytes)
Event: 1.639 Thread 0x00000219d289c400 nmethod 1251 0x00000219f80ff110 code [0x00000219f80ff280, 0x00000219f80ff438]
Event: 1.639 Thread 0x00000219d289c400 1240       4       org.jetbrains.kotlin.com.intellij.openapi.util.text.StringUtil::equals (7 bytes)
Event: 1.643 Thread 0x00000219d289c400 nmethod 1240 0x00000219f80ff510 code [0x00000219f80ff6c0, 0x00000219f80ff968]
Event: 1.643 Thread 0x00000219d289c400 1242       4       org.jetbrains.kotlin.cli.jvm.compiler.jarfs.FastJarHandler::createFile (79 bytes)

GC Heap History (4 events):
Event: 0.727 GC heap before
{Heap before GC invocations=0 (full 0):
 garbage-first heap   total 258048K, used 24576K [0x0000000704c00000, 0x0000000800000000)
  region size 2048K, 11 young (22528K), 0 survivors (0K)
 Metaspace       used 6271K, committed 6400K, reserved 1114112K
  class space    used 618K, committed 704K, reserved 1048576K
}
Event: 0.732 GC heap after
{Heap after GC invocations=1 (full 0):
 garbage-first heap   total 258048K, used 7053K [0x0000000704c00000, 0x0000000800000000)
  region size 2048K, 2 young (4096K), 2 survivors (4096K)
 Metaspace       used 6271K, committed 6400K, reserved 1114112K
  class space    used 618K, committed 704K, reserved 1048576K
}
Event: 1.480 GC heap before
{Heap before GC invocations=1 (full 0):
 garbage-first heap   total 258048K, used 41869K [0x0000000704c00000, 0x0000000800000000)
  region size 2048K, 19 young (38912K), 2 survivors (4096K)
 Metaspace       used 15614K, committed 15872K, reserved 1114112K
  class space    used 1749K, committed 1856K, reserved 1048576K
}
Event: 1.484 GC heap after
{Heap after GC invocations=2 (full 0):
 garbage-first heap   total 258048K, used 8697K [0x0000000704c00000, 0x0000000800000000)
  region size 2048K, 3 young (6144K), 3 survivors (6144K)
 Metaspace       used 15614K, committed 15872K, reserved 1114112K
  class space    used 1749K, committed 1856K, reserved 1048576K
}

Dll operation events (6 events):
Event: 0.013 Loaded shared library C:\Program Files\Eclipse Adoptium\jdk-17.0.14.7-hotspot\bin\java.dll
Event: 0.056 Loaded shared library C:\Program Files\Eclipse Adoptium\jdk-17.0.14.7-hotspot\bin\jsvml.dll
Event: 0.117 Loaded shared library C:\Program Files\Eclipse Adoptium\jdk-17.0.14.7-hotspot\bin\net.dll
Event: 0.120 Loaded shared library C:\Program Files\Eclipse Adoptium\jdk-17.0.14.7-hotspot\bin\nio.dll
Event: 0.149 Loaded shared library C:\Program Files\Eclipse Adoptium\jdk-17.0.14.7-hotspot\bin\zip.dll
Event: 0.186 Loaded shared library C:\Program Files\Eclipse Adoptium\jdk-17.0.14.7-hotspot\bin\jimage.dll

Deoptimization events (20 events):
Event: 1.547 Thread 0x00000219e89c5b40 DEOPT PACKING pc=0x00000219f80c3fe8 sp=0x0000007c46bfdfc0
Event: 1.547 Thread 0x00000219e89c5b40 DEOPT UNPACKING pc=0x00000219f79969a3 sp=0x0000007c46bfdf18 mode 2
Event: 1.549 Thread 0x00000219e89c5b40 Uncommon trap: trap_request=0xffffffde fr.pc=0x00000219f80ad8ac relative=0x00000000000001ac
Event: 1.549 Thread 0x00000219e89c5b40 Uncommon trap: reason=class_check action=maybe_recompile pc=0x00000219f80ad8ac method=java.lang.String.equals(Ljava/lang/Object;)Z @ 8 c2
Event: 1.549 Thread 0x00000219e89c5b40 DEOPT PACKING pc=0x00000219f80ad8ac sp=0x0000007c46bfe220
Event: 1.549 Thread 0x00000219e89c5b40 DEOPT UNPACKING pc=0x00000219f79969a3 sp=0x0000007c46bfe1b8 mode 2
Event: 1.563 Thread 0x00000219e89c5b40 Uncommon trap: trap_request=0xffffffde fr.pc=0x00000219f80ad8ac relative=0x00000000000001ac
Event: 1.563 Thread 0x00000219e89c5b40 Uncommon trap: reason=class_check action=maybe_recompile pc=0x00000219f80ad8ac method=java.lang.String.equals(Ljava/lang/Object;)Z @ 8 c2
Event: 1.563 Thread 0x00000219e89c5b40 DEOPT PACKING pc=0x00000219f80ad8ac sp=0x0000007c46bfe220
Event: 1.563 Thread 0x00000219e89c5b40 DEOPT UNPACKING pc=0x00000219f79969a3 sp=0x0000007c46bfe1b8 mode 2
Event: 1.563 Thread 0x00000219e89c5b40 Uncommon trap: trap_request=0xffffffde fr.pc=0x00000219f80ad8ac relative=0x00000000000001ac
Event: 1.563 Thread 0x00000219e89c5b40 Uncommon trap: reason=class_check action=maybe_recompile pc=0x00000219f80ad8ac method=java.lang.String.equals(Ljava/lang/Object;)Z @ 8 c2
Event: 1.563 Thread 0x00000219e89c5b40 DEOPT PACKING pc=0x00000219f80ad8ac sp=0x0000007c46bfe220
Event: 1.563 Thread 0x00000219e89c5b40 DEOPT UNPACKING pc=0x00000219f79969a3 sp=0x0000007c46bfe1b8 mode 2
Event: 1.563 Thread 0x00000219e89c5b40 Uncommon trap: trap_request=0xffffffde fr.pc=0x00000219f80ad8ac relative=0x00000000000001ac
Event: 1.563 Thread 0x00000219e89c5b40 Uncommon trap: reason=class_check action=maybe_recompile pc=0x00000219f80ad8ac method=java.lang.String.equals(Ljava/lang/Object;)Z @ 8 c2
Event: 1.563 Thread 0x00000219e89c5b40 DEOPT PACKING pc=0x00000219f80ad8ac sp=0x0000007c46bfe220
Event: 1.563 Thread 0x00000219e89c5b40 DEOPT UNPACKING pc=0x00000219f79969a3 sp=0x0000007c46bfe1b8 mode 2
Event: 1.624 Thread 0x00000219e89c5b40 DEOPT PACKING pc=0x00000219f06f8eb1 sp=0x0000007c46bfe170
Event: 1.624 Thread 0x00000219e89c5b40 DEOPT UNPACKING pc=0x00000219f7997143 sp=0x0000007c46bfd6d8 mode 0

Classes loaded (20 events):
Event: 1.545 Loading class sun/nio/ch/IOStatus done
Event: 1.545 Loading class sun/nio/ch/Util
Event: 1.545 Loading class sun/nio/ch/Util done
Event: 1.546 Loading class sun/nio/ch/Util$1
Event: 1.546 Loading class sun/nio/ch/Util$1 done
Event: 1.546 Loading class sun/nio/ch/Util$4
Event: 1.546 Loading class sun/nio/ch/Util$4 done
Event: 1.546 Loading class jdk/internal/access/foreign/MemorySegmentProxy
Event: 1.546 Loading class jdk/internal/access/foreign/MemorySegmentProxy done
Event: 1.550 Loading class java/util/concurrent/TimeoutException
Event: 1.550 Loading class java/util/concurrent/TimeoutException done
Event: 1.550 Loading class java/util/concurrent/BlockingQueue
Event: 1.550 Loading class java/util/concurrent/BlockingQueue done
Event: 1.653 Loading class java/nio/file/FileAlreadyExistsException
Event: 1.653 Loading class java/nio/file/FileAlreadyExistsException done
Event: 1.660 Loading class java/util/concurrent/locks/ReentrantReadWriteLock
Event: 1.661 Loading class java/util/concurrent/locks/ReadWriteLock
Event: 1.661 Loading class java/util/concurrent/locks/ReadWriteLock done
Event: 1.661 Loading class java/util/concurrent/locks/ReentrantReadWriteLock done
Event: 1.661 Loading class java/util/concurrent/locks/ReentrantReadWriteLock$NonfairSync

Classes unloaded (0 events):
No events

Classes redefined (0 events):
No events

Internal exceptions (20 events):
Event: 1.139 Thread 0x00000219e89c5b40 Exception <a 'java/lang/NoSuchMethodError'{0x00000007134ba180}: 'int java.lang.invoke.DelegatingMethodHandle$Holder.reinvoke_L(java.lang.Object, java.lang.Object, java.lang.Object, long, java.lang.Object, java.lang.Object)'> (0x00000007134ba180) 
thrown [s\src\hotspot\share\interpreter\linkResolver.cpp, line 759]
Event: 1.141 Thread 0x00000219e89c5b40 Exception <a 'java/lang/NoSuchMethodError'{0x00000007134c8d38}: 'int java.lang.invoke.DelegatingMethodHandle$Holder.reinvoke_L(java.lang.Object, java.lang.Object, java.lang.Object, long, int, int)'> (0x00000007134c8d38) 
thrown [s\src\hotspot\share\interpreter\linkResolver.cpp, line 759]
Event: 1.142 Thread 0x00000219e89c5b40 Exception <a 'java/lang/NoSuchMethodError'{0x00000007134d7698}: 'int java.lang.invoke.DelegatingMethodHandle$Holder.reinvoke_L(java.lang.Object, java.lang.Object, java.lang.Object, long, long, long)'> (0x00000007134d7698) 
thrown [s\src\hotspot\share\interpreter\linkResolver.cpp, line 759]
Event: 1.143 Thread 0x00000219e89c5b40 Exception <a 'java/lang/NoSuchMethodError'{0x00000007134e5ce0}: 'int java.lang.invoke.DelegatingMethodHandle$Holder.reinvoke_L(java.lang.Object, java.lang.Object, java.lang.Object, long, int)'> (0x00000007134e5ce0) 
thrown [s\src\hotspot\share\interpreter\linkResolver.cpp, line 759]
Event: 1.144 Thread 0x00000219e89c5b40 Exception <a 'java/lang/NoSuchMethodError'{0x00000007134f46a8}: 'int java.lang.invoke.DirectMethodHandle$Holder.invokeSpecial(java.lang.Object, java.lang.Object, java.lang.Object)'> (0x00000007134f46a8) 
thrown [s\src\hotspot\share\interpreter\linkResolver.cpp, line 759]
Event: 1.144 Thread 0x00000219e89c5b40 Exception <a 'java/lang/NoSuchMethodError'{0x00000007134f84e0}: 'int java.lang.invoke.DirectMethodHandle$Holder.invokeSpecial(java.lang.Object, java.lang.Object, java.lang.Object, java.lang.Object)'> (0x00000007134f84e0) 
thrown [s\src\hotspot\share\interpreter\linkResolver.cpp, line 759]
Event: 1.146 Thread 0x00000219e89c5b40 Exception <a 'java/lang/NoSuchMethodError'{0x0000000713507480}: 'void java.lang.invoke.DelegatingMethodHandle$Holder.reinvoke_L(java.lang.Object, java.lang.Object, java.lang.Object, long, java.lang.Object, long, long)'> (0x0000000713507480) 
thrown [s\src\hotspot\share\interpreter\linkResolver.cpp, line 759]
Event: 1.147 Thread 0x00000219e89c5b40 Exception <a 'java/lang/NoSuchMethodError'{0x000000071350e720}: 'long java.lang.invoke.Invokers$Holder.invokeExact_MT(java.lang.Object, java.lang.Object, java.lang.Object)'> (0x000000071350e720) 
thrown [s\src\hotspot\share\interpreter\linkResolver.cpp, line 759]
Event: 1.148 Thread 0x00000219e89c5b40 Exception <a 'java/lang/NoSuchMethodError'{0x0000000713512c20}: 'int java.lang.invoke.Invokers$Holder.invokeExact_MT(java.lang.Object, java.lang.Object, java.lang.Object)'> (0x0000000713512c20) 
thrown [s\src\hotspot\share\interpreter\linkResolver.cpp, line 759]
Event: 1.183 Thread 0x00000219e89c5b40 Exception <a 'java/lang/NoSuchMethodError'{0x00000007135fe000}: 'int java.lang.invoke.DirectMethodHandle$Holder.invokeStaticInit(java.lang.Object, java.lang.Object, java.lang.Object)'> (0x00000007135fe000) 
thrown [s\src\hotspot\share\interpreter\linkResolver.cpp, line 759]
Event: 1.187 Thread 0x00000219e89c5b40 Exception <a 'java/lang/NoSuchMethodError'{0x000000071322e618}: 'int java.lang.invoke.DirectMethodHandle$Holder.invokeStaticInit(java.lang.Object, java.lang.Object)'> (0x000000071322e618) 
thrown [s\src\hotspot\share\interpreter\linkResolver.cpp, line 759]
Event: 1.210 Thread 0x00000219e89c5b40 Exception <a 'java/lang/NoSuchMethodError'{0x00000007132f36a0}: 'int java.lang.invoke.DirectMethodHandle$Holder.invokeStatic(java.lang.Object)'> (0x00000007132f36a0) 
thrown [s\src\hotspot\share\interpreter\linkResolver.cpp, line 759]
Event: 1.210 Thread 0x00000219e89c5b40 Exception <a 'java/lang/NoSuchMethodError'{0x00000007132f6d48}: 'int java.lang.invoke.DirectMethodHandle$Holder.invokeStaticInit(java.lang.Object)'> (0x00000007132f6d48) 
thrown [s\src\hotspot\share\interpreter\linkResolver.cpp, line 759]
Event: 1.225 Thread 0x00000219e89c5b40 Exception <a 'java/lang/NoSuchMethodError'{0x000000071334fc70}: 'void java.lang.invoke.DirectMethodHandle$Holder.invokeSpecial(java.lang.Object, java.lang.Object, java.lang.Object)'> (0x000000071334fc70) 
thrown [s\src\hotspot\share\interpreter\linkResolver.cpp, line 759]
Event: 1.328 Thread 0x00000219e89c5b40 Exception <a 'java/lang/NoSuchMethodError'{0x000000071286b0a0}: 'void java.lang.invoke.DirectMethodHandle$Holder.invokeStatic(java.lang.Object, java.lang.Object, java.lang.Object, java.lang.Object)'> (0x000000071286b0a0) 
thrown [s\src\hotspot\share\interpreter\linkResolver.cpp, line 759]
Event: 1.367 Thread 0x00000219e89c5b40 Exception <a 'java/lang/NoSuchMethodError'{0x00000007129d45d8}: 'java.lang.Object java.lang.invoke.DirectMethodHandle$Holder.invokeInterface(java.lang.Object, java.lang.Object)'> (0x00000007129d45d8) 
thrown [s\src\hotspot\share\interpreter\linkResolver.cpp, line 759]
Event: 1.408 Thread 0x00000219e89c5b40 Exception <a 'java/lang/NoSuchMethodError'{0x00000007124540c0}: 'void java.lang.invoke.DirectMethodHandle$Holder.invokeStaticInit(java.lang.Object, java.lang.Object)'> (0x00000007124540c0) 
thrown [s\src\hotspot\share\interpreter\linkResolver.cpp, line 759]
Event: 1.436 Thread 0x00000219e89c5b40 Exception <a 'java/lang/NoSuchMethodError'{0x000000071224e248}: 'int java.lang.invoke.DirectMethodHandle$Holder.invokeVirtual(java.lang.Object, java.lang.Object, java.lang.Object)'> (0x000000071224e248) 
thrown [s\src\hotspot\share\interpreter\linkResolver.cpp, line 759]
Event: 1.529 Thread 0x00000219e89c5b40 Exception <a 'java/lang/NoSuchMethodError'{0x000000071479ca48}: 'void java.lang.invoke.DirectMethodHandle$Holder.invokeVirtual(java.lang.Object, java.lang.Object)'> (0x000000071479ca48) 
thrown [s\src\hotspot\share\interpreter\linkResolver.cpp, line 759]
Event: 1.543 Thread 0x00000219e89c5b40 Exception <a 'java/lang/NoSuchMethodError'{0x0000000714558438}: 'java.lang.Object java.lang.invoke.Invokers$Holder.invoke_MT(java.lang.Object, java.lang.Object, java.lang.Object)'> (0x0000000714558438) 
thrown [s\src\hotspot\share\interpreter\linkResolver.cpp, line 759]

VM Operations (10 events):
Event: 0.151 Executing VM operation: HandshakeAllThreads
Event: 0.151 Executing VM operation: HandshakeAllThreads done
Event: 0.482 Executing VM operation: HandshakeAllThreads
Event: 0.482 Executing VM operation: HandshakeAllThreads done
Event: 0.602 Executing VM operation: HandshakeAllThreads
Event: 0.602 Executing VM operation: HandshakeAllThreads done
Event: 0.726 Executing VM operation: G1CollectForAllocation
Event: 0.732 Executing VM operation: G1CollectForAllocation done
Event: 1.480 Executing VM operation: G1CollectForAllocation
Event: 1.484 Executing VM operation: G1CollectForAllocation done

Memory protections (0 events):
No events

Nmethod flushes (0 events):
No events

Events (19 events):
Event: 0.057 Thread 0x00000219e89c5b40 Thread added: 0x00000219e89c5b40
Event: 0.062 Thread 0x00000219e89c5b40 Thread added: 0x000002198c40d130
Event: 0.062 Thread 0x00000219e89c5b40 Thread added: 0x000002198c40efc0
Event: 0.087 Thread 0x00000219e89c5b40 Thread added: 0x000002198c428990
Event: 0.087 Thread 0x00000219e89c5b40 Thread added: 0x000002198c42b760
Event: 0.087 Thread 0x00000219e89c5b40 Thread added: 0x000002198c42c120
Event: 0.087 Thread 0x00000219e89c5b40 Thread added: 0x000002198c42cae0
Event: 0.087 Thread 0x00000219e89c5b40 Thread added: 0x000002198c430030
Event: 0.088 Thread 0x00000219e89c5b40 Thread added: 0x000002198c43b950
Event: 0.088 Thread 0x00000219e89c5b40 Thread added: 0x000002198c457180
Event: 0.107 Thread 0x000002198c43b950 Thread added: 0x000002198c54dd50
Event: 0.108 Thread 0x000002198c54dd50 Thread added: 0x000002198c55c6e0
Event: 0.110 Thread 0x00000219e89c5b40 Thread added: 0x000002198c588c60
Event: 0.112 Thread 0x00000219e89c5b40 Thread added: 0x000002198c58cb40
Event: 0.137 Thread 0x000002198c430030 Thread added: 0x000002198c5e79f0
Event: 0.506 Thread 0x000002198c55c6e0 Thread added: 0x00000219d2219a70
Event: 0.744 Thread 0x000002198c5e79f0 Thread exited: 0x000002198c5e79f0
Event: 1.563 Thread 0x000002198c43b950 Thread added: 0x00000219d289c400
Event: 1.563 Thread 0x000002198c43b950 Thread added: 0x00000219d27fcf00


Dynamic libraries:
0x00007ff6777b0000 - 0x00007ff6777be000 	C:\Program Files\Eclipse Adoptium\jdk-17.0.14.7-hotspot\bin\java.exe
0x00007ffdd3830000 - 0x00007ffdd3a47000 	C:\WINDOWS\SYSTEM32\ntdll.dll
0x00007ffdd2130000 - 0x00007ffdd21f4000 	C:\WINDOWS\System32\KERNEL32.DLL
0x00007ffdd0f20000 - 0x00007ffdd12f3000 	C:\WINDOWS\System32\KERNELBASE.dll
0x00007ffdd0cc0000 - 0x00007ffdd0dd1000 	C:\WINDOWS\System32\ucrtbase.dll
0x00007ffda6920000 - 0x00007ffda6937000 	C:\Program Files\Eclipse Adoptium\jdk-17.0.14.7-hotspot\bin\jli.dll
0x00007ffdd14d0000 - 0x00007ffdd1681000 	C:\WINDOWS\System32\USER32.dll
0x00007ffdd0bf0000 - 0x00007ffdd0c16000 	C:\WINDOWS\System32\win32u.dll
0x00007ffdd30f0000 - 0x00007ffdd3119000 	C:\WINDOWS\System32\GDI32.dll
0x00007ffdd1300000 - 0x00007ffdd141b000 	C:\WINDOWS\System32\gdi32full.dll
0x00007ffdd0c20000 - 0x00007ffdd0cba000 	C:\WINDOWS\System32\msvcp_win.dll
0x00007ffda5e10000 - 0x00007ffda5e2e000 	C:\Program Files\Eclipse Adoptium\jdk-17.0.14.7-hotspot\bin\VCRUNTIME140.dll
0x00007ffdb9720000 - 0x00007ffdb99b8000 	C:\WINDOWS\WinSxS\amd64_microsoft.windows.common-controls_6595b64144ccf1df_6.0.22621.5124_none_270e8f4f7386d69d\COMCTL32.dll
0x00007ffdd1a30000 - 0x00007ffdd1ad7000 	C:\WINDOWS\System32\msvcrt.dll
0x00007ffdd3300000 - 0x00007ffdd3331000 	C:\WINDOWS\System32\IMM32.DLL
0x00007ffdc8f90000 - 0x00007ffdc8f9c000 	C:\Program Files\Eclipse Adoptium\jdk-17.0.14.7-hotspot\bin\vcruntime140_1.dll
0x00007ffd6b180000 - 0x00007ffd6b20d000 	C:\Program Files\Eclipse Adoptium\jdk-17.0.14.7-hotspot\bin\msvcp140.dll
0x00007ffd310e0000 - 0x00007ffd31d4b000 	C:\Program Files\Eclipse Adoptium\jdk-17.0.14.7-hotspot\bin\server\jvm.dll
0x00007ffdd3530000 - 0x00007ffdd35e1000 	C:\WINDOWS\System32\ADVAPI32.dll
0x00007ffdd3340000 - 0x00007ffdd33e8000 	C:\WINDOWS\System32\sechost.dll
0x00007ffdd14a0000 - 0x00007ffdd14c8000 	C:\WINDOWS\System32\bcrypt.dll
0x00007ffdd26b0000 - 0x00007ffdd27c4000 	C:\WINDOWS\System32\RPCRT4.dll
0x00007ffdd3230000 - 0x00007ffdd32a1000 	C:\WINDOWS\System32\WS2_32.dll
0x00007ffdd0590000 - 0x00007ffdd05dd000 	C:\WINDOWS\SYSTEM32\POWRPROF.dll
0x00007ffdc95f0000 - 0x00007ffdc9624000 	C:\WINDOWS\SYSTEM32\WINMM.dll
0x00007ffdba3a0000 - 0x00007ffdba3aa000 	C:\WINDOWS\SYSTEM32\VERSION.dll
0x00007ffdd03c0000 - 0x00007ffdd03d3000 	C:\WINDOWS\SYSTEM32\UMPDC.dll
0x00007ffdcf970000 - 0x00007ffdcf988000 	C:\WINDOWS\SYSTEM32\kernel.appcore.dll
0x00007ffdc8f60000 - 0x00007ffdc8f6a000 	C:\Program Files\Eclipse Adoptium\jdk-17.0.14.7-hotspot\bin\jimage.dll
0x00007ffdce360000 - 0x00007ffdce592000 	C:\WINDOWS\SYSTEM32\DBGHELP.DLL
0x00007ffdd1690000 - 0x00007ffdd1a22000 	C:\WINDOWS\System32\combase.dll
0x00007ffdd25d0000 - 0x00007ffdd26a7000 	C:\WINDOWS\System32\OLEAUT32.dll
0x00007ffdb2650000 - 0x00007ffdb2682000 	C:\WINDOWS\SYSTEM32\dbgcore.DLL
0x00007ffdd1420000 - 0x00007ffdd149b000 	C:\WINDOWS\System32\bcryptPrimitives.dll
0x00007ffd9f640000 - 0x00007ffd9f665000 	C:\Program Files\Eclipse Adoptium\jdk-17.0.14.7-hotspot\bin\java.dll
0x00007ffd36fd0000 - 0x00007ffd370a7000 	C:\Program Files\Eclipse Adoptium\jdk-17.0.14.7-hotspot\bin\jsvml.dll
0x00007ffdd27d0000 - 0x00007ffdd3066000 	C:\WINDOWS\System32\SHELL32.dll
0x00007ffdd0de0000 - 0x00007ffdd0f1f000 	C:\WINDOWS\System32\wintypes.dll
0x00007ffdce860000 - 0x00007ffdcf17a000 	C:\WINDOWS\SYSTEM32\windows.storage.dll
0x00007ffdd1af0000 - 0x00007ffdd1bfa000 	C:\WINDOWS\System32\SHCORE.dll
0x00007ffdd31c0000 - 0x00007ffdd3223000 	C:\WINDOWS\System32\shlwapi.dll
0x00007ffdd0870000 - 0x00007ffdd089b000 	C:\WINDOWS\SYSTEM32\profapi.dll
0x00007ffd9fc00000 - 0x00007ffd9fc19000 	C:\Program Files\Eclipse Adoptium\jdk-17.0.14.7-hotspot\bin\net.dll
0x00007ffdcabd0000 - 0x00007ffdcacfc000 	C:\WINDOWS\SYSTEM32\WINHTTP.dll
0x00007ffdcfdf0000 - 0x00007ffdcfe5a000 	C:\WINDOWS\system32\mswsock.dll
0x00007ffd9f620000 - 0x00007ffd9f636000 	C:\Program Files\Eclipse Adoptium\jdk-17.0.14.7-hotspot\bin\nio.dll
0x00007ffd9f600000 - 0x00007ffd9f618000 	C:\Program Files\Eclipse Adoptium\jdk-17.0.14.7-hotspot\bin\zip.dll

dbghelp: loaded successfully - version: 4.0.5 - missing functions: none
symbol engine: initialized successfully - sym options: 0x614 - pdb path: .;C:\Program Files\Eclipse Adoptium\jdk-17.0.14.7-hotspot\bin;C:\WINDOWS\SYSTEM32;C:\WINDOWS\WinSxS\amd64_microsoft.windows.common-controls_6595b64144ccf1df_6.0.22621.5124_none_270e8f4f7386d69d;C:\Program Files\Eclipse Adoptium\jdk-17.0.14.7-hotspot\bin\server

VM Arguments:
java_command: org.jetbrains.kotlin.cli.jvm.K2JVMCompiler @D:\DA NEN TANG\MyNewApp - Copy\node_modules\react-native-safe-area-context\android\build\20250513_7943898272209425790.compiler.options
java_class_path (initial): C:\Users\tuan1\.gradle\caches\modules-2\files-2.1\org.jetbrains.kotlin\kotlin-compiler-embeddable\2.0.21\79346ed53db48b18312a472602eb5c057070c54d\kotlin-compiler-embeddable-2.0.21.jar;C:\Users\tuan1\.gradle\caches\modules-2\files-2.1\org.jetbrains.kotlin\kotlin-stdlib\2.0.21\618b539767b4899b4660a83006e052b63f1db551\kotlin-stdlib-2.0.21.jar;C:\Users\tuan1\.gradle\caches\modules-2\files-2.1\org.jetbrains.kotlin\kotlin-script-runtime\2.0.21\c9b044380ad41f89aa89aa896c2d32a8c0b2129d\kotlin-script-runtime-2.0.21.jar;C:\Users\tuan1\.gradle\caches\modules-2\files-2.1\org.jetbrains.kotlin\kotlin-reflect\1.6.10\1cbe9c92c12a94eea200d23c2bbaedaf3daf5132\kotlin-reflect-1.6.10.jar;C:\Users\tuan1\.gradle\caches\modules-2\files-2.1\org.jetbrains.kotlin\kotlin-daemon-embeddable\2.0.21\c9e933b23287de9b5a17e2116b4657bb91aea72c\kotlin-daemon-embeddable-2.0.21.jar;C:\Users\tuan1\.gradle\caches\modules-2\files-2.1\org.jetbrains.intellij.deps\trove4j\1.0.20200330\3afb14d5f9ceb459d724e907a21145e8ff394f02\trove4j-1.0.20200330.jar;C:\Users\tuan1\.gradle\caches\modules-2\files-2.1\org.jetbrains.kotlinx\kotlinx-coroutines-core-jvm\1.6.4\2c997cd1c0ef33f3e751d3831929aeff1390cb30\kotlinx-coroutines-core-jvm-1.6.4.jar;C:\Users\tuan1\.gradle\caches\modules-2\files-2.1\org.jetbrains\annotations\13.0\919f0dfe192fb4e063e7dacadee7f8bb9a2672a9\annotations-13.0.jar
Launcher Type: SUN_STANDARD

[Global flags]
     intx CICompilerCount                          = 12                                        {product} {ergonomic}
     uint ConcGCThreads                            = 3                                         {product} {ergonomic}
     uint G1ConcRefinementThreads                  = 13                                        {product} {ergonomic}
   size_t G1HeapRegionSize                         = 2097152                                   {product} {ergonomic}
    uintx GCDrainStackTargetSize                   = 64                                        {product} {ergonomic}
   size_t InitialHeapSize                          = 264241152                                 {product} {ergonomic}
   size_t MarkStackSize                            = 4194304                                   {product} {ergonomic}
   size_t MaxHeapSize                              = 4215275520                                {product} {ergonomic}
   size_t MaxNewSize                               = 2529165312                                {product} {ergonomic}
   size_t MinHeapDeltaBytes                        = 2097152                                   {product} {ergonomic}
   size_t MinHeapSize                              = 8388608                                   {product} {ergonomic}
    uintx NonNMethodCodeHeapSize                   = 7602480                                {pd product} {ergonomic}
    uintx NonProfiledCodeHeapSize                  = 122027880                              {pd product} {ergonomic}
    uintx ProfiledCodeHeapSize                     = 122027880                              {pd product} {ergonomic}
    uintx ReservedCodeCacheSize                    = 251658240                              {pd product} {ergonomic}
     bool SegmentedCodeCache                       = true                                      {product} {ergonomic}
   size_t SoftMaxHeapSize                          = 4215275520                             {manageable} {ergonomic}
     bool UseCompressedClassPointers               = true                           {product lp64_product} {ergonomic}
     bool UseCompressedOops                        = true                           {product lp64_product} {ergonomic}
     bool UseG1GC                                  = true                                      {product} {ergonomic}
     bool UseLargePagesIndividualAllocation        = false                                  {pd product} {ergonomic}

Logging:
Log output configuration:
 #0: stdout all=warning uptime,level,tags
 #1: stderr all=off uptime,level,tags

Environment Variables:
CLASSPATH=D:\DA NEN TANG\MyNewApp - Copy\android\\gradle\wrapper\gradle-wrapper.jar
PATH=D:\DA NEN TANG\MyNewApp - Copy\node_modules\.bin;D:\DA NEN TANG\MyNewApp - Copy\node_modules\.bin;D:\DA NEN TANG\node_modules\.bin;D:\node_modules\.bin;C:\Program Files\nodejs\node_modules\npm\node_modules\@npmcli\run-script\lib\node-gyp-bin;C:\Program Files\Eclipse Adoptium\jdk-17.0.14.7-hotspot\bin;C:\Program Files\Microsoft\jdk-11.0.16.101-hotspot\bin;C:\WINDOWS\system32;C:\WINDOWS;C:\WINDOWS\System32\Wbem;C:\WINDOWS\System32\WindowsPowerShell\v1.0\;C:\WINDOWS\System32\OpenSSH\;C:\msys64\mingw64\bin;C:\Program Files (x86)\Microsoft SQL Server\160\Tools\Binn\;C:\Program Files\Microsoft SQL Server\160\Tools\Binn\;C:\Program Files\Microsoft SQL Server\Client SDK\ODBC\170\Tools\Binn\;C:\Program Files\Microsoft SQL Server\160\DTS\Binn\;C:\Program Files\Git\cmd;C:\Program Files\dotnet\;C:\terraform_1.6.6_windows_amd64;C:\Program Files (x86)\Microsoft SQL Server\160\DTS\Binn\;C:\Program Files\Microsoft SQL Server\150\Tools\Binn\;D:\sqlite\sqlite-tools-win-x64-3460100;C:\Users\tuan1\AppData\Local\Programs\Python\Python313\python.exe;C:\Users\tuan1\AppData\Local\Programs\Python\Python313\Scripts\pip.exe;C:\Program Files\nodejs\;C:\ProgramData\chocolatey\bin;c:\Users\tuan1\.vscode\extensions\ms-python.python-2024.22.2-win32-x64\python_files\deactivate\powershell;D:\HOCMAY\.venv\Scripts;C:\Program Files\Microsoft\jdk-11.0.16.101-hotspot\bin;C:\WINDOWS\system32;C:\WINDOWS;C:\WINDOWS\System32\Wbem;C:\WINDOWS\System32\WindowsPowerShell\v1.0\;C:\WINDOWS\System32\OpenSSH\;C:\msys64\mingw64\bin;C:\Program Files (x86)\Microsoft SQL Server\160\Tools\Binn\;C:\Program Files\Microsoft SQL Server\160\Tools\Binn\;C:\Program Files\Microsoft SQL Server\Client SDK\ODBC\170\Tools\Binn\;C:\Program Files\Microsoft SQL Server\160\DTS\Binn\;C:\Program Files\Git\cmd;C:\Program Files\dotnet\;C:\terraform_1.6.6_windows_amd64;C:\Users\MR LUAN\AppData\Roaming\Python\Python312\site-packages\newspaper;C:\Users\MR LUAN\AppData\Local\Programs\Python\Python312\Scripts;C:\Users\MR LUAN\AppData\Roaming\Python\Python312\Scripts;C:\Program Files (x86)\Microsoft SQL Server\160\DTS\Binn\;C:\Program Files\Microsoft SQL Server\150\Tools\Binn\;D:\sqlite\sqlite-tools-win-x64-3460100;D:\Program Files\nodejs\;C:\Users\tuan1\AppData\Local\Programs\Python\Launcher\;C:\Users\tuan1\AppData\Local\Microsoft\WindowsApps;C:\Users\tuan1\AppData\Local\Programs\Microsoft VS Code\bin;C:\Users\tuan1\.dotnet\tools;C:\Users\tuan1\AppData\Local\Microsoft\WinGet\Links;C:\Users\tuan1\AppData\Roaming\npm;c:\Users\tuan1\.vscode\extensions\ms-python.python-2024.22.2-win32-x64\python_files\deactivate\powershell;D:\HOCMAY\.venv\Scripts;C:\Program Files\Microsoft\jdk-11.0.16.101-hotspot\bin;C:\WINDOWS\system32;C:\WINDOWS;C:\WINDOWS\System32\Wbem;C:\WINDOWS\System32\WindowsPowerShell\v1.0\;C:\WINDOWS\System32\OpenSSH\;C:\msys64\mingw64\bin;C:\Program Files (x86)\Microsoft SQL Server\160\Tools\Binn\;C:\Program Files\Microsoft SQL Server\160\Tools\Binn\;C:\Program Files\Microsoft SQL Server\Client SDK\ODBC\170\Tools\Binn\;C:\Program Files\Microsoft SQL Server\160\DTS\Binn\;C:\Program Files\Git\cmd;C:\Program Files\dotnet\;C:\terraform_1.6.6_windows_amd64;C:\Users\MR LUAN\AppData\Roaming\Python\Python312\site-packages\newspaper;C:\Users\MR LUAN\AppData\Local\Programs\Python\Python312\Scripts;C:\Users\MR LUAN\AppData\Roaming\Python\Python312\Scripts;C:\Program Files (x86)\Microsoft SQL Server\160\DTS\Binn\;C:\Program Files\Microsoft SQL Server\150\Tools\Binn\;D:\sqlite\sqlite-tools-win-x64-3460100;D:\Program Files\nodejs\;C:\Users\tuan1\AppData\Local\Programs\Python\Launcher\;C:\Users\tuan1\AppData\Local\Microsoft\WindowsApps;C:\Users\tuan1\AppData\Local\Programs\Microsoft VS Code\bin;C:\Users\tuan1\.dotnet\tools;C:\Users\tuan1\AppData\Local\Microsoft\WinGet\Links;C:\Users\tuan1\AppData\Roaming\npm;C:\Program Files\Microsoft\jdk-11.0.16.101-hotspot\bin;C:\WINDOWS\system32;C:\WINDOWS;C:\WINDOWS\System32\Wbem;C:\WINDOWS\System32\WindowsPowerShell\v1.0\;C:\WINDOWS\System32\OpenSSH\;C:\msys64\mingw64\bin;C:\Program Files (x86)\Microsoft SQL Server\160\Tools\Binn\;C:\Program Files\Microsoft SQL Server\160\Tools\Binn\;C:\Program Files\Microsoft SQL Server\Client SDK\ODBC\170\Tools\Binn\;C:\Program Files\Microsoft SQL Server\160\DTS\Binn\;C:\Program Files\Git\cmd;C:\Program Files\dotnet\;C:\terraform_1.6.6_windows_amd64;C:\Users\MR LUAN\AppData\Roaming\Python\Python312\site-packages\newspaper;C:\Users\MR LUAN\AppData\Local\Programs\Python\Python312\Scripts;C:\Users\MR LUAN\AppData\Roaming\Python\Python312\Scripts;C:\Program Files (x86)\Microsoft SQL Server\160\DTS\Binn\;C:\Program Files\Microsoft SQL Server\150\Tools\Binn\;D:\sqlite\sqlite-tools-win-x64-3460100;C:\Users\tuan1\AppData\Local\Programs\Python\Launcher\;C:\Users\tuan1\AppData\Local\Microsoft\WindowsApps;C:\Users\tuan1\AppData\Local\Programs\Microsoft VS Code\bin;C:\Users\tuan1\.dotnet\tools;C:\Users\tuan1\AppData\Local\Microsoft\WinGet\Links;C:\Users\tuan1\AppData\Local\Programs\Python\Python313;C:\Users\tuan1\AppData\Local\Programs\Python\Python313\Scripts
USERNAME=tuan1
LANG=en_US.UTF-8
OS=Windows_NT
PROCESSOR_IDENTIFIER=Intel64 Family 6 Model 154 Stepping 3, GenuineIntel
TMP=C:\Users\tuan1\AppData\Local\Temp
TEMP=C:\Users\tuan1\AppData\Local\Temp



Periodic native trim disabled


---------------  S Y S T E M  ---------------

OS:
 Windows 11 , 64 bit Build 22621 (10.0.22621.5124)
OS uptime: 0 days 3:34 hours

CPU: total 16 (initial active 16) (16 cores per cpu, 1 threads per core) family 6 model 154 stepping 3 microcode 0x41e, cx8, cmov, fxsr, mmx, 3dnowpref, sse, sse2, sse3, ssse3, sse4.1, sse4.2, popcnt, lzcnt, tsc, tscinvbit, avx, avx2, aes, erms, clmul, bmi1, bmi2, adx, sha, fma, vzeroupper, clflush, clflushopt, clwb
Processor Information for processor 0
  Max Mhz: 2500, Current Mhz: 2500, Mhz Limit: 2500
Processor Information for processor 1
  Max Mhz: 2500, Current Mhz: 2500, Mhz Limit: 2500
Processor Information for processor 2
  Max Mhz: 2500, Current Mhz: 2500, Mhz Limit: 2500
Processor Information for processor 3
  Max Mhz: 2500, Current Mhz: 2500, Mhz Limit: 2500
Processor Information for processor 4
  Max Mhz: 2500, Current Mhz: 2500, Mhz Limit: 2500
Processor Information for processor 5
  Max Mhz: 2500, Current Mhz: 2500, Mhz Limit: 2500
Processor Information for processor 6
  Max Mhz: 2500, Current Mhz: 2500, Mhz Limit: 2500
Processor Information for processor 7
  Max Mhz: 2500, Current Mhz: 2500, Mhz Limit: 2500
Processor Information for processor 8
  Max Mhz: 2500, Current Mhz: 1800, Mhz Limit: 1800
Processor Information for processor 9
  Max Mhz: 2500, Current Mhz: 1800, Mhz Limit: 1800
Processor Information for processor 10
  Max Mhz: 2500, Current Mhz: 1800, Mhz Limit: 1800
Processor Information for processor 11
  Max Mhz: 2500, Current Mhz: 1800, Mhz Limit: 1800
Processor Information for processor 12
  Max Mhz: 2500, Current Mhz: 1800, Mhz Limit: 1800
Processor Information for processor 13
  Max Mhz: 2500, Current Mhz: 1800, Mhz Limit: 1800
Processor Information for processor 14
  Max Mhz: 2500, Current Mhz: 1800, Mhz Limit: 1800
Processor Information for processor 15
  Max Mhz: 2500, Current Mhz: 1800, Mhz Limit: 1800

Memory: 4k page, system-wide physical 16077M (774M free)
TotalPageFile size 24269M (AvailPageFile size 4M)
current process WorkingSet (physical memory assigned to process): 124M, peak: 124M
current process commit charge ("private bytes"): 392M, peak: 392M

vm_info: OpenJDK 64-Bit Server VM (17.0.14+7) for windows-amd64 JRE (17.0.14+7), built on Jan 21 2025 23:40:15 by "admin" with MS VC++ 17.7 (VS2022)

END.
